#
# There is insufficient memory for the Java Runtime Environment to continue.
# Native memory allocation (malloc) failed to allocate 131088 bytes for Chunk::new
# Possible reasons:
#   The system is out of physical RAM or swap space
#   The process is running with CompressedOops enabled, and the Java Heap may be blocking the growth of the native heap
# Possible solutions:
#   Reduce memory load on the system
#   Increase physical memory or swap space
#   Check if swap backing store is full
#   Decrease Java heap size (-Xmx/-Xms)
#   Decrease number of Java threads
#   Decrease Java thread stack sizes (-Xss)
#   Set larger code cache with -XX:ReservedCodeCacheSize=
#   JVM is running with Unscaled Compressed Oops mode in which the Java heap is
#     placed in the first 4GB address space. The Java Heap base address is the
#     maximum limit for the native heap growth. Please use -XX:HeapBaseMinAddress
#     to set the Java Heap base and to place the Java Heap above 4GB virtual address.
# This output file may be truncated or incomplete.
#
#  Out of Memory Error (t:/workspace/open/src/hotspot/share/memory/arena.cpp:196), pid=5340, tid=8196
#
# JRE version: OpenJDK Runtime Environment (13.0.1+9) (build 13.0.1+9)
# Java VM: OpenJDK 64-Bit Server VM (13.0.1+9, mixed mode, sharing, tiered, compressed oops, g1 gc, windows-amd64)
# No core dump will be written. Minidumps are not enabled by default on client versions of Windows
#

---------------  S U M M A R Y ------------

Command Line: --add-opens=java.base/java.util=ALL-UNNAMED --add-opens=java.base/java.lang=ALL-UNNAMED --add-opens=java.base/java.lang.invoke=ALL-UNNAMED --add-opens=java.prefs/java.util.prefs=ALL-UNNAMED -XX:MaxMetaspaceSize=256m -XX:+HeapDumpOnOutOfMemoryError -Xms256m -Xmx512m -Dfile.encoding=windows-1252 -Duser.country=US -Duser.language=en -Duser.variant org.gradle.launcher.daemon.bootstrap.GradleDaemon 6.0

Host: AMD A10-5745M APU with Radeon(tm) HD Graphics  , 4 cores, 9G,  Windows 10 , 64 bit Build 17763 (10.0.17763.475)
Time: Tue Dec 24 14:03:11 2019 Taipei Standard Time elapsed time: 14 seconds (0d 0h 0m 14s)

---------------  T H R E A D  ---------------

Current thread (0x000001df7ef92800):  JavaThread "C2 CompilerThread0" daemon [_thread_in_native, id=8196, stack(0x0000009d64500000,0x0000009d64600000)]


Current CompileTask:
C2:  14283 1933   !   4       java.lang.ClassLoader::loadClass (122 bytes)

Stack: [0x0000009d64500000,0x0000009d64600000]
Native frames: (J=compiled Java code, j=interpreted, Vv=VM code, C=native code)
V  [jvm.dll+0x626eca]
V  [jvm.dll+0x772c6a]
V  [jvm.dll+0x77441f]
V  [jvm.dll+0x774a23]
V  [jvm.dll+0x24da58]
V  [jvm.dll+0xc3ae7]
V  [jvm.dll+0xc406c]
V  [jvm.dll+0x6548e2]
V  [jvm.dll+0x654c33]
V  [jvm.dll+0x6561a6]
V  [jvm.dll+0x345699]
V  [jvm.dll+0x63b902]
V  [jvm.dll+0x63913e]
V  [jvm.dll+0x18e1ec]
V  [jvm.dll+0x2beb76]
V  [jvm.dll+0x643fa4]
V  [jvm.dll+0x63bc2f]
V  [jvm.dll+0x63b26c]
V  [jvm.dll+0x63910d]
V  [jvm.dll+0x18e1ec]
V  [jvm.dll+0x18ed98]
V  [jvm.dll+0x18ecda]
V  [jvm.dll+0x2beb76]
V  [jvm.dll+0x643fa4]
V  [jvm.dll+0x63bc2f]
V  [jvm.dll+0x63b26c]
V  [jvm.dll+0x63910d]
V  [jvm.dll+0x18e1ec]
V  [jvm.dll+0x18ed98]
V  [jvm.dll+0x2beb76]
V  [jvm.dll+0x643fa4]
V  [jvm.dll+0x63bc2f]
V  [jvm.dll+0x63b26c]
V  [jvm.dll+0x63910d]
V  [jvm.dll+0x18e1ec]
V  [jvm.dll+0x206763]
V  [jvm.dll+0x18b94c]
V  [jvm.dll+0x2159bd]
V  [jvm.dll+0x213e6b]
V  [jvm.dll+0x738b16]
V  [jvm.dll+0x731c0a]
V  [jvm.dll+0x6260c6]
C  [ucrtbase.dll+0x21ffa]
C  [KERNEL32.DLL+0x17974]
C  [ntdll.dll+0x6a271]


---------------  P R O C E S S  ---------------

Threads class SMR info:
_java_thread_list=0x000001df01450920, length=23, elements={
0x000001df62221000, 0x000001df7ef6d000, 0x000001df7ef70000, 0x000001df7ef90800,
0x000001df7ef91800, 0x000001df7ef92800, 0x000001df7ef93800, 0x000001df7f90d800,
0x000001df7f9d1000, 0x000001df7f9d8800, 0x000001df00f55000, 0x000001df7f99d000,
0x000001df002c9800, 0x000001df7f8ed000, 0x000001df016f1000, 0x000001df016f4000,
0x000001df7f941800, 0x000001df7f8eb000, 0x000001df7f942000, 0x000001df7f8e8800,
0x000001df016a3800, 0x000001df016a0800, 0x000001df016a6000
}

Java Threads: ( => current thread )
  0x000001df62221000 JavaThread "main" [_thread_blocked, id=14040, stack(0x0000009d63900000,0x0000009d63a00000)]
  0x000001df7ef6d000 JavaThread "Reference Handler" daemon [_thread_blocked, id=6176, stack(0x0000009d64100000,0x0000009d64200000)]
  0x000001df7ef70000 JavaThread "Finalizer" daemon [_thread_blocked, id=5232, stack(0x0000009d64200000,0x0000009d64300000)]
  0x000001df7ef90800 JavaThread "Signal Dispatcher" daemon [_thread_blocked, id=8824, stack(0x0000009d64300000,0x0000009d64400000)]
  0x000001df7ef91800 JavaThread "Attach Listener" daemon [_thread_blocked, id=14028, stack(0x0000009d64400000,0x0000009d64500000)]
=>0x000001df7ef92800 JavaThread "C2 CompilerThread0" daemon [_thread_in_native, id=8196, stack(0x0000009d64500000,0x0000009d64600000)]
  0x000001df7ef93800 JavaThread "C1 CompilerThread0" daemon [_thread_blocked, id=11108, stack(0x0000009d64600000,0x0000009d64700000)]
  0x000001df7f90d800 JavaThread "Sweeper thread" daemon [_thread_blocked, id=13328, stack(0x0000009d64700000,0x0000009d64800000)]
  0x000001df7f9d1000 JavaThread "Common-Cleaner" daemon [_thread_blocked, id=1620, stack(0x0000009d64800000,0x0000009d64900000)]
  0x000001df7f9d8800 JavaThread "Service Thread" daemon [_thread_blocked, id=9232, stack(0x0000009d64900000,0x0000009d64a00000)]
  0x000001df00f55000 JavaThread "Daemon health stats" [_thread_blocked, id=7476, stack(0x0000009d64f00000,0x0000009d65000000)]
  0x000001df7f99d000 JavaThread "Incoming local TCP Connector on port 54783" [_thread_in_native, id=8420, stack(0x0000009d64b00000,0x0000009d64c00000)]
  0x000001df002c9800 JavaThread "Daemon periodic checks" [_thread_blocked, id=10216, stack(0x0000009d65000000,0x0000009d65100000)]
  0x000001df7f8ed000 JavaThread "Daemon" [_thread_blocked, id=6196, stack(0x0000009d65100000,0x0000009d65200000)]
  0x000001df016f1000 JavaThread "Handler for socket connection from /127.0.0.1:54783 to /127.0.0.1:54784" [_thread_in_native, id=13632, stack(0x0000009d65200000,0x0000009d65300000)]
  0x000001df016f4000 JavaThread "Cancel handler" [_thread_blocked, id=13000, stack(0x0000009d65300000,0x0000009d65400000)]
  0x000001df7f941800 JavaThread "Daemon worker" [_thread_in_vm, id=10260, stack(0x0000009d65400000,0x0000009d65500000)]
  0x000001df7f8eb000 JavaThread "Asynchronous log dispatcher for DefaultDaemonConnection: socket connection from /127.0.0.1:54783 to /127.0.0.1:54784" [_thread_blocked, id=4536, stack(0x0000009d65500000,0x0000009d65600000)]
  0x000001df7f942000 JavaThread "Stdin handler" [_thread_blocked, id=8672, stack(0x0000009d65600000,0x0000009d65700000)]
  0x000001df7f8e8800 JavaThread "Thread-8" [_thread_blocked, id=6268, stack(0x0000009d65700000,0x0000009d65800000)]
  0x000001df016a3800 JavaThread "Cache worker for file hash cache (C:\Users\Marvin\.gradle\caches\6.0\fileHashes)" [_thread_blocked, id=9168, stack(0x0000009d65800000,0x0000009d65900000)]
  0x000001df016a0800 JavaThread "File lock request listener" [_thread_in_native, id=8584, stack(0x0000009d65900000,0x0000009d65a00000)]
  0x000001df016a6000 JavaThread "Cache worker for journal cache (C:\Users\Marvin\.gradle\caches\journal-1)" [_thread_blocked, id=12760, stack(0x0000009d65a00000,0x0000009d65b00000)]

Other Threads:
  0x000001df7ef69800 VMThread "VM Thread" [stack: 0x0000009d64000000,0x0000009d64100000] [id=9768]
  0x000001df7f9de000 WatcherThread [stack: 0x0000009d64a00000,0x0000009d64b00000] [id=13440]
  0x000001df62247800 GCTaskThread "GC Thread#0" [stack: 0x0000009d63b00000,0x0000009d63c00000] [id=8344]
  0x000001df0057c800 GCTaskThread "GC Thread#1" [stack: 0x0000009d64c00000,0x0000009d64d00000] [id=6388]
  0x000001df00591000 GCTaskThread "GC Thread#2" [stack: 0x0000009d64d00000,0x0000009d64e00000] [id=12272]
  0x000001df00591800 GCTaskThread "GC Thread#3" [stack: 0x0000009d64e00000,0x0000009d64f00000] [id=9628]
  0x000001df6224d800 ConcurrentGCThread "G1 Main Marker" [stack: 0x0000009d63c00000,0x0000009d63d00000] [id=8460]
  0x000001df6224e800 ConcurrentGCThread "G1 Conc#0" [stack: 0x0000009d63d00000,0x0000009d63e00000] [id=12780]
  0x000001df7ee1a800 ConcurrentGCThread "G1 Refine#0" [stack: 0x0000009d63e00000,0x0000009d63f00000] [id=11788]
  0x000001df7ee1b000 ConcurrentGCThread "G1 Young RemSet Sampling" [stack: 0x0000009d63f00000,0x0000009d64000000] [id=10940]

Threads with active compile tasks:
C2 CompilerThread0    14480 1933   !   4       java.lang.ClassLoader::loadClass (122 bytes)

VM state:not at safepoint (normal execution)

VM Mutex/Monitor currently owned by a thread: None

Heap address: 0x00000000e0000000, size: 512 MB, Compressed Oops mode: 32-bit
Narrow klass base: 0x0000000800000000, Narrow klass shift: 3
Compressed class space size: 260046848 Address: 0x0000000800b40000

Heap:
 garbage-first heap   total 262144K, used 23769K [0x00000000e0000000, 0x0000000100000000)
  region size 1024K, 13 young (13312K), 3 survivors (3072K)
 Metaspace       used 12395K, capacity 12893K, committed 13056K, reserved 266240K
  class space    used 1810K, capacity 1942K, committed 2048K, reserved 253952K
Heap Regions: E=young(eden), S=young(survivor), O=old, HS=humongous(starts), HC=humongous(continues), CS=collection set, F=free, A=archive, TAMS=top-at-mark-start (previous, next)
|   0|0x00000000e0000000, 0x00000000e0100000, 0x00000000e0100000|100%| O|  |TAMS 0x00000000e0000000, 0x00000000e0000000| Untracked 
|   1|0x00000000e0100000, 0x00000000e0200000, 0x00000000e0200000|100%| O|  |TAMS 0x00000000e0100000, 0x00000000e0100000| Untracked 
|   2|0x00000000e0200000, 0x00000000e0300000, 0x00000000e0300000|100%| O|  |TAMS 0x00000000e0200000, 0x00000000e0200000| Untracked 
|   3|0x00000000e0300000, 0x00000000e0400000, 0x00000000e0400000|100%|HS|  |TAMS 0x00000000e0300000, 0x00000000e0300000| Complete 
|   4|0x00000000e0400000, 0x00000000e0500000, 0x00000000e0500000|100%|HC|  |TAMS 0x00000000e0400000, 0x00000000e0400000| Complete 
|   5|0x00000000e0500000, 0x00000000e0600000, 0x00000000e0600000|100%|HC|  |TAMS 0x00000000e0500000, 0x00000000e0500000| Complete 
|   6|0x00000000e0600000, 0x00000000e0700000, 0x00000000e0700000|100%| O|  |TAMS 0x00000000e0600000, 0x00000000e0600000| Untracked 
|   7|0x00000000e0700000, 0x00000000e0800000, 0x00000000e0800000|100%| O|  |TAMS 0x00000000e0700000, 0x00000000e0700000| Untracked 
|   8|0x00000000e0800000, 0x00000000e0900000, 0x00000000e0900000|100%| O|  |TAMS 0x00000000e0800000, 0x00000000e0800000| Untracked 
|   9|0x00000000e0900000, 0x00000000e0a00000, 0x00000000e0a00000|100%| O|  |TAMS 0x00000000e0900000, 0x00000000e0900000| Untracked 
|  10|0x00000000e0a00000, 0x00000000e0b00000, 0x00000000e0b00000|100%| O|  |TAMS 0x00000000e0a00000, 0x00000000e0a00000| Untracked 
|  11|0x00000000e0b00000, 0x00000000e0c00000, 0x00000000e0c00000|100%| O|  |TAMS 0x00000000e0b00000, 0x00000000e0b00000| Untracked 
|  12|0x00000000e0c00000, 0x00000000e0c5c600, 0x00000000e0d00000| 36%| O|  |TAMS 0x00000000e0c00000, 0x00000000e0c00000| Untracked 
|  13|0x00000000e0d00000, 0x00000000e0d00000, 0x00000000e0e00000|  0%| F|  |TAMS 0x00000000e0d00000, 0x00000000e0d00000| Untracked 
|  14|0x00000000e0e00000, 0x00000000e0e00000, 0x00000000e0f00000|  0%| F|  |TAMS 0x00000000e0e00000, 0x00000000e0e00000| Untracked 
|  15|0x00000000e0f00000, 0x00000000e0f00000, 0x00000000e1000000|  0%| F|  |TAMS 0x00000000e0f00000, 0x00000000e0f00000| Untracked 
|  16|0x00000000e1000000, 0x00000000e1000000, 0x00000000e1100000|  0%| F|  |TAMS 0x00000000e1000000, 0x00000000e1000000| Untracked 
|  17|0x00000000e1100000, 0x00000000e1100000, 0x00000000e1200000|  0%| F|  |TAMS 0x00000000e1100000, 0x00000000e1100000| Untracked 
|  18|0x00000000e1200000, 0x00000000e1200000, 0x00000000e1300000|  0%| F|  |TAMS 0x00000000e1200000, 0x00000000e1200000| Untracked 
|  19|0x00000000e1300000, 0x00000000e1300000, 0x00000000e1400000|  0%| F|  |TAMS 0x00000000e1300000, 0x00000000e1300000| Untracked 
|  20|0x00000000e1400000, 0x00000000e1400000, 0x00000000e1500000|  0%| F|  |TAMS 0x00000000e1400000, 0x00000000e1400000| Untracked 
|  21|0x00000000e1500000, 0x00000000e1500000, 0x00000000e1600000|  0%| F|  |TAMS 0x00000000e1500000, 0x00000000e1500000| Untracked 
|  22|0x00000000e1600000, 0x00000000e1600000, 0x00000000e1700000|  0%| F|  |TAMS 0x00000000e1600000, 0x00000000e1600000| Untracked 
|  23|0x00000000e1700000, 0x00000000e1700000, 0x00000000e1800000|  0%| F|  |TAMS 0x00000000e1700000, 0x00000000e1700000| Untracked 
|  24|0x00000000e1800000, 0x00000000e1800000, 0x00000000e1900000|  0%| F|  |TAMS 0x00000000e1800000, 0x00000000e1800000| Untracked 
|  25|0x00000000e1900000, 0x00000000e1900000, 0x00000000e1a00000|  0%| F|  |TAMS 0x00000000e1900000, 0x00000000e1900000| Untracked 
|  26|0x00000000e1a00000, 0x00000000e1a00000, 0x00000000e1b00000|  0%| F|  |TAMS 0x00000000e1a00000, 0x00000000e1a00000| Untracked 
|  27|0x00000000e1b00000, 0x00000000e1b00000, 0x00000000e1c00000|  0%| F|  |TAMS 0x00000000e1b00000, 0x00000000e1b00000| Untracked 
|  28|0x00000000e1c00000, 0x00000000e1c00000, 0x00000000e1d00000|  0%| F|  |TAMS 0x00000000e1c00000, 0x00000000e1c00000| Untracked 
|  29|0x00000000e1d00000, 0x00000000e1d00000, 0x00000000e1e00000|  0%| F|  |TAMS 0x00000000e1d00000, 0x00000000e1d00000| Untracked 
|  30|0x00000000e1e00000, 0x00000000e1e00000, 0x00000000e1f00000|  0%| F|  |TAMS 0x00000000e1e00000, 0x00000000e1e00000| Untracked 
|  31|0x00000000e1f00000, 0x00000000e1f00000, 0x00000000e2000000|  0%| F|  |TAMS 0x00000000e1f00000, 0x00000000e1f00000| Untracked 
|  32|0x00000000e2000000, 0x00000000e2000000, 0x00000000e2100000|  0%| F|  |TAMS 0x00000000e2000000, 0x00000000e2000000| Untracked 
|  33|0x00000000e2100000, 0x00000000e2100000, 0x00000000e2200000|  0%| F|  |TAMS 0x00000000e2100000, 0x00000000e2100000| Untracked 
|  34|0x00000000e2200000, 0x00000000e2200000, 0x00000000e2300000|  0%| F|  |TAMS 0x00000000e2200000, 0x00000000e2200000| Untracked 
|  35|0x00000000e2300000, 0x00000000e2300000, 0x00000000e2400000|  0%| F|  |TAMS 0x00000000e2300000, 0x00000000e2300000| Untracked 
|  36|0x00000000e2400000, 0x00000000e2400000, 0x00000000e2500000|  0%| F|  |TAMS 0x00000000e2400000, 0x00000000e2400000| Untracked 
|  37|0x00000000e2500000, 0x00000000e2500000, 0x00000000e2600000|  0%| F|  |TAMS 0x00000000e2500000, 0x00000000e2500000| Untracked 
|  38|0x00000000e2600000, 0x00000000e2600000, 0x00000000e2700000|  0%| F|  |TAMS 0x00000000e2600000, 0x00000000e2600000| Untracked 
|  39|0x00000000e2700000, 0x00000000e2700000, 0x00000000e2800000|  0%| F|  |TAMS 0x00000000e2700000, 0x00000000e2700000| Untracked 
|  40|0x00000000e2800000, 0x00000000e2800000, 0x00000000e2900000|  0%| F|  |TAMS 0x00000000e2800000, 0x00000000e2800000| Untracked 
|  41|0x00000000e2900000, 0x00000000e2900000, 0x00000000e2a00000|  0%| F|  |TAMS 0x00000000e2900000, 0x00000000e2900000| Untracked 
|  42|0x00000000e2a00000, 0x00000000e2a00000, 0x00000000e2b00000|  0%| F|  |TAMS 0x00000000e2a00000, 0x00000000e2a00000| Untracked 
|  43|0x00000000e2b00000, 0x00000000e2b00000, 0x00000000e2c00000|  0%| F|  |TAMS 0x00000000e2b00000, 0x00000000e2b00000| Untracked 
|  44|0x00000000e2c00000, 0x00000000e2c00000, 0x00000000e2d00000|  0%| F|  |TAMS 0x00000000e2c00000, 0x00000000e2c00000| Untracked 
|  45|0x00000000e2d00000, 0x00000000e2d00000, 0x00000000e2e00000|  0%| F|  |TAMS 0x00000000e2d00000, 0x00000000e2d00000| Untracked 
|  46|0x00000000e2e00000, 0x00000000e2e00000, 0x00000000e2f00000|  0%| F|  |TAMS 0x00000000e2e00000, 0x00000000e2e00000| Untracked 
|  47|0x00000000e2f00000, 0x00000000e2f00000, 0x00000000e3000000|  0%| F|  |TAMS 0x00000000e2f00000, 0x00000000e2f00000| Untracked 
|  48|0x00000000e3000000, 0x00000000e3000000, 0x00000000e3100000|  0%| F|  |TAMS 0x00000000e3000000, 0x00000000e3000000| Untracked 
|  49|0x00000000e3100000, 0x00000000e3100000, 0x00000000e3200000|  0%| F|  |TAMS 0x00000000e3100000, 0x00000000e3100000| Untracked 
|  50|0x00000000e3200000, 0x00000000e3200000, 0x00000000e3300000|  0%| F|  |TAMS 0x00000000e3200000, 0x00000000e3200000| Untracked 
|  51|0x00000000e3300000, 0x00000000e3300000, 0x00000000e3400000|  0%| F|  |TAMS 0x00000000e3300000, 0x00000000e3300000| Untracked 
|  52|0x00000000e3400000, 0x00000000e3400000, 0x00000000e3500000|  0%| F|  |TAMS 0x00000000e3400000, 0x00000000e3400000| Untracked 
|  53|0x00000000e3500000, 0x00000000e3500000, 0x00000000e3600000|  0%| F|  |TAMS 0x00000000e3500000, 0x00000000e3500000| Untracked 
|  54|0x00000000e3600000, 0x00000000e3600000, 0x00000000e3700000|  0%| F|  |TAMS 0x00000000e3600000, 0x00000000e3600000| Untracked 
|  55|0x00000000e3700000, 0x00000000e3700000, 0x00000000e3800000|  0%| F|  |TAMS 0x00000000e3700000, 0x00000000e3700000| Untracked 
|  56|0x00000000e3800000, 0x00000000e3800000, 0x00000000e3900000|  0%| F|  |TAMS 0x00000000e3800000, 0x00000000e3800000| Untracked 
|  57|0x00000000e3900000, 0x00000000e3900000, 0x00000000e3a00000|  0%| F|  |TAMS 0x00000000e3900000, 0x00000000e3900000| Untracked 
|  58|0x00000000e3a00000, 0x00000000e3a00000, 0x00000000e3b00000|  0%| F|  |TAMS 0x00000000e3a00000, 0x00000000e3a00000| Untracked 
|  59|0x00000000e3b00000, 0x00000000e3b00000, 0x00000000e3c00000|  0%| F|  |TAMS 0x00000000e3b00000, 0x00000000e3b00000| Untracked 
|  60|0x00000000e3c00000, 0x00000000e3c00000, 0x00000000e3d00000|  0%| F|  |TAMS 0x00000000e3c00000, 0x00000000e3c00000| Untracked 
|  61|0x00000000e3d00000, 0x00000000e3d00000, 0x00000000e3e00000|  0%| F|  |TAMS 0x00000000e3d00000, 0x00000000e3d00000| Untracked 
|  62|0x00000000e3e00000, 0x00000000e3e00000, 0x00000000e3f00000|  0%| F|  |TAMS 0x00000000e3e00000, 0x00000000e3e00000| Untracked 
|  63|0x00000000e3f00000, 0x00000000e3f00000, 0x00000000e4000000|  0%| F|  |TAMS 0x00000000e3f00000, 0x00000000e3f00000| Untracked 
|  64|0x00000000e4000000, 0x00000000e4000000, 0x00000000e4100000|  0%| F|  |TAMS 0x00000000e4000000, 0x00000000e4000000| Untracked 
|  65|0x00000000e4100000, 0x00000000e4100000, 0x00000000e4200000|  0%| F|  |TAMS 0x00000000e4100000, 0x00000000e4100000| Untracked 
|  66|0x00000000e4200000, 0x00000000e4200000, 0x00000000e4300000|  0%| F|  |TAMS 0x00000000e4200000, 0x00000000e4200000| Untracked 
|  67|0x00000000e4300000, 0x00000000e4300000, 0x00000000e4400000|  0%| F|  |TAMS 0x00000000e4300000, 0x00000000e4300000| Untracked 
|  68|0x00000000e4400000, 0x00000000e4400000, 0x00000000e4500000|  0%| F|  |TAMS 0x00000000e4400000, 0x00000000e4400000| Untracked 
|  69|0x00000000e4500000, 0x00000000e4500000, 0x00000000e4600000|  0%| F|  |TAMS 0x00000000e4500000, 0x00000000e4500000| Untracked 
|  70|0x00000000e4600000, 0x00000000e4600000, 0x00000000e4700000|  0%| F|  |TAMS 0x00000000e4600000, 0x00000000e4600000| Untracked 
|  71|0x00000000e4700000, 0x00000000e4700000, 0x00000000e4800000|  0%| F|  |TAMS 0x00000000e4700000, 0x00000000e4700000| Untracked 
|  72|0x00000000e4800000, 0x00000000e4800000, 0x00000000e4900000|  0%| F|  |TAMS 0x00000000e4800000, 0x00000000e4800000| Untracked 
|  73|0x00000000e4900000, 0x00000000e4900000, 0x00000000e4a00000|  0%| F|  |TAMS 0x00000000e4900000, 0x00000000e4900000| Untracked 
|  74|0x00000000e4a00000, 0x00000000e4a00000, 0x00000000e4b00000|  0%| F|  |TAMS 0x00000000e4a00000, 0x00000000e4a00000| Untracked 
|  75|0x00000000e4b00000, 0x00000000e4b00000, 0x00000000e4c00000|  0%| F|  |TAMS 0x00000000e4b00000, 0x00000000e4b00000| Untracked 
|  76|0x00000000e4c00000, 0x00000000e4c00000, 0x00000000e4d00000|  0%| F|  |TAMS 0x00000000e4c00000, 0x00000000e4c00000| Untracked 
|  77|0x00000000e4d00000, 0x00000000e4d00000, 0x00000000e4e00000|  0%| F|  |TAMS 0x00000000e4d00000, 0x00000000e4d00000| Untracked 
|  78|0x00000000e4e00000, 0x00000000e4e00000, 0x00000000e4f00000|  0%| F|  |TAMS 0x00000000e4e00000, 0x00000000e4e00000| Untracked 
|  79|0x00000000e4f00000, 0x00000000e4f00000, 0x00000000e5000000|  0%| F|  |TAMS 0x00000000e4f00000, 0x00000000e4f00000| Untracked 
|  80|0x00000000e5000000, 0x00000000e5000000, 0x00000000e5100000|  0%| F|  |TAMS 0x00000000e5000000, 0x00000000e5000000| Untracked 
|  81|0x00000000e5100000, 0x00000000e5100000, 0x00000000e5200000|  0%| F|  |TAMS 0x00000000e5100000, 0x00000000e5100000| Untracked 
|  82|0x00000000e5200000, 0x00000000e5200000, 0x00000000e5300000|  0%| F|  |TAMS 0x00000000e5200000, 0x00000000e5200000| Untracked 
|  83|0x00000000e5300000, 0x00000000e5300000, 0x00000000e5400000|  0%| F|  |TAMS 0x00000000e5300000, 0x00000000e5300000| Untracked 
|  84|0x00000000e5400000, 0x00000000e5400000, 0x00000000e5500000|  0%| F|  |TAMS 0x00000000e5400000, 0x00000000e5400000| Untracked 
|  85|0x00000000e5500000, 0x00000000e5500000, 0x00000000e5600000|  0%| F|  |TAMS 0x00000000e5500000, 0x00000000e5500000| Untracked 
|  86|0x00000000e5600000, 0x00000000e5600000, 0x00000000e5700000|  0%| F|  |TAMS 0x00000000e5600000, 0x00000000e5600000| Untracked 
|  87|0x00000000e5700000, 0x00000000e5700000, 0x00000000e5800000|  0%| F|  |TAMS 0x00000000e5700000, 0x00000000e5700000| Untracked 
|  88|0x00000000e5800000, 0x00000000e5800000, 0x00000000e5900000|  0%| F|  |TAMS 0x00000000e5800000, 0x00000000e5800000| Untracked 
|  89|0x00000000e5900000, 0x00000000e5900000, 0x00000000e5a00000|  0%| F|  |TAMS 0x00000000e5900000, 0x00000000e5900000| Untracked 
|  90|0x00000000e5a00000, 0x00000000e5a00000, 0x00000000e5b00000|  0%| F|  |TAMS 0x00000000e5a00000, 0x00000000e5a00000| Untracked 
|  91|0x00000000e5b00000, 0x00000000e5b00000, 0x00000000e5c00000|  0%| F|  |TAMS 0x00000000e5b00000, 0x00000000e5b00000| Untracked 
|  92|0x00000000e5c00000, 0x00000000e5c00000, 0x00000000e5d00000|  0%| F|  |TAMS 0x00000000e5c00000, 0x00000000e5c00000| Untracked 
|  93|0x00000000e5d00000, 0x00000000e5d00000, 0x00000000e5e00000|  0%| F|  |TAMS 0x00000000e5d00000, 0x00000000e5d00000| Untracked 
|  94|0x00000000e5e00000, 0x00000000e5e00000, 0x00000000e5f00000|  0%| F|  |TAMS 0x00000000e5e00000, 0x00000000e5e00000| Untracked 
|  95|0x00000000e5f00000, 0x00000000e5f00000, 0x00000000e6000000|  0%| F|  |TAMS 0x00000000e5f00000, 0x00000000e5f00000| Untracked 
|  96|0x00000000e6000000, 0x00000000e6000000, 0x00000000e6100000|  0%| F|  |TAMS 0x00000000e6000000, 0x00000000e6000000| Untracked 
|  97|0x00000000e6100000, 0x00000000e6100000, 0x00000000e6200000|  0%| F|  |TAMS 0x00000000e6100000, 0x00000000e6100000| Untracked 
|  98|0x00000000e6200000, 0x00000000e6200000, 0x00000000e6300000|  0%| F|  |TAMS 0x00000000e6200000, 0x00000000e6200000| Untracked 
|  99|0x00000000e6300000, 0x00000000e6300000, 0x00000000e6400000|  0%| F|  |TAMS 0x00000000e6300000, 0x00000000e6300000| Untracked 
| 100|0x00000000e6400000, 0x00000000e6400000, 0x00000000e6500000|  0%| F|  |TAMS 0x00000000e6400000, 0x00000000e6400000| Untracked 
| 101|0x00000000e6500000, 0x00000000e6500000, 0x00000000e6600000|  0%| F|  |TAMS 0x00000000e6500000, 0x00000000e6500000| Untracked 
| 102|0x00000000e6600000, 0x00000000e6600000, 0x00000000e6700000|  0%| F|  |TAMS 0x00000000e6600000, 0x00000000e6600000| Untracked 
| 103|0x00000000e6700000, 0x00000000e6700000, 0x00000000e6800000|  0%| F|  |TAMS 0x00000000e6700000, 0x00000000e6700000| Untracked 
| 104|0x00000000e6800000, 0x00000000e6800000, 0x00000000e6900000|  0%| F|  |TAMS 0x00000000e6800000, 0x00000000e6800000| Untracked 
| 105|0x00000000e6900000, 0x00000000e6900000, 0x00000000e6a00000|  0%| F|  |TAMS 0x00000000e6900000, 0x00000000e6900000| Untracked 
| 106|0x00000000e6a00000, 0x00000000e6a00000, 0x00000000e6b00000|  0%| F|  |TAMS 0x00000000e6a00000, 0x00000000e6a00000| Untracked 
| 107|0x00000000e6b00000, 0x00000000e6b00000, 0x00000000e6c00000|  0%| F|  |TAMS 0x00000000e6b00000, 0x00000000e6b00000| Untracked 
| 108|0x00000000e6c00000, 0x00000000e6c00000, 0x00000000e6d00000|  0%| F|  |TAMS 0x00000000e6c00000, 0x00000000e6c00000| Untracked 
| 109|0x00000000e6d00000, 0x00000000e6d00000, 0x00000000e6e00000|  0%| F|  |TAMS 0x00000000e6d00000, 0x00000000e6d00000| Untracked 
| 110|0x00000000e6e00000, 0x00000000e6e00000, 0x00000000e6f00000|  0%| F|  |TAMS 0x00000000e6e00000, 0x00000000e6e00000| Untracked 
| 111|0x00000000e6f00000, 0x00000000e6f00000, 0x00000000e7000000|  0%| F|  |TAMS 0x00000000e6f00000, 0x00000000e6f00000| Untracked 
| 112|0x00000000e7000000, 0x00000000e7000000, 0x00000000e7100000|  0%| F|  |TAMS 0x00000000e7000000, 0x00000000e7000000| Untracked 
| 113|0x00000000e7100000, 0x00000000e7100000, 0x00000000e7200000|  0%| F|  |TAMS 0x00000000e7100000, 0x00000000e7100000| Untracked 
| 114|0x00000000e7200000, 0x00000000e7200000, 0x00000000e7300000|  0%| F|  |TAMS 0x00000000e7200000, 0x00000000e7200000| Untracked 
| 115|0x00000000e7300000, 0x00000000e7300000, 0x00000000e7400000|  0%| F|  |TAMS 0x00000000e7300000, 0x00000000e7300000| Untracked 
| 116|0x00000000e7400000, 0x00000000e7400000, 0x00000000e7500000|  0%| F|  |TAMS 0x00000000e7400000, 0x00000000e7400000| Untracked 
| 117|0x00000000e7500000, 0x00000000e7500000, 0x00000000e7600000|  0%| F|  |TAMS 0x00000000e7500000, 0x00000000e7500000| Untracked 
| 118|0x00000000e7600000, 0x00000000e7600000, 0x00000000e7700000|  0%| F|  |TAMS 0x00000000e7600000, 0x00000000e7600000| Untracked 
| 119|0x00000000e7700000, 0x00000000e7700000, 0x00000000e7800000|  0%| F|  |TAMS 0x00000000e7700000, 0x00000000e7700000| Untracked 
| 120|0x00000000e7800000, 0x00000000e7800000, 0x00000000e7900000|  0%| F|  |TAMS 0x00000000e7800000, 0x00000000e7800000| Untracked 
| 121|0x00000000e7900000, 0x00000000e7900000, 0x00000000e7a00000|  0%| F|  |TAMS 0x00000000e7900000, 0x00000000e7900000| Untracked 
| 122|0x00000000e7a00000, 0x00000000e7a00000, 0x00000000e7b00000|  0%| F|  |TAMS 0x00000000e7a00000, 0x00000000e7a00000| Untracked 
| 123|0x00000000e7b00000, 0x00000000e7b00000, 0x00000000e7c00000|  0%| F|  |TAMS 0x00000000e7b00000, 0x00000000e7b00000| Untracked 
| 124|0x00000000e7c00000, 0x00000000e7c00000, 0x00000000e7d00000|  0%| F|  |TAMS 0x00000000e7c00000, 0x00000000e7c00000| Untracked 
| 125|0x00000000e7d00000, 0x00000000e7d00000, 0x00000000e7e00000|  0%| F|  |TAMS 0x00000000e7d00000, 0x00000000e7d00000| Untracked 
| 126|0x00000000e7e00000, 0x00000000e7e00000, 0x00000000e7f00000|  0%| F|  |TAMS 0x00000000e7e00000, 0x00000000e7e00000| Untracked 
| 127|0x00000000e7f00000, 0x00000000e7f00000, 0x00000000e8000000|  0%| F|  |TAMS 0x00000000e7f00000, 0x00000000e7f00000| Untracked 
| 128|0x00000000e8000000, 0x00000000e8000000, 0x00000000e8100000|  0%| F|  |TAMS 0x00000000e8000000, 0x00000000e8000000| Untracked 
| 129|0x00000000e8100000, 0x00000000e8100000, 0x00000000e8200000|  0%| F|  |TAMS 0x00000000e8100000, 0x00000000e8100000| Untracked 
| 130|0x00000000e8200000, 0x00000000e8200000, 0x00000000e8300000|  0%| F|  |TAMS 0x00000000e8200000, 0x00000000e8200000| Untracked 
| 131|0x00000000e8300000, 0x00000000e8300000, 0x00000000e8400000|  0%| F|  |TAMS 0x00000000e8300000, 0x00000000e8300000| Untracked 
| 132|0x00000000e8400000, 0x00000000e8400000, 0x00000000e8500000|  0%| F|  |TAMS 0x00000000e8400000, 0x00000000e8400000| Untracked 
| 133|0x00000000e8500000, 0x00000000e8500000, 0x00000000e8600000|  0%| F|  |TAMS 0x00000000e8500000, 0x00000000e8500000| Untracked 
| 134|0x00000000e8600000, 0x00000000e8600000, 0x00000000e8700000|  0%| F|  |TAMS 0x00000000e8600000, 0x00000000e8600000| Untracked 
| 135|0x00000000e8700000, 0x00000000e8700000, 0x00000000e8800000|  0%| F|  |TAMS 0x00000000e8700000, 0x00000000e8700000| Untracked 
| 136|0x00000000e8800000, 0x00000000e8800000, 0x00000000e8900000|  0%| F|  |TAMS 0x00000000e8800000, 0x00000000e8800000| Untracked 
| 137|0x00000000e8900000, 0x00000000e8900000, 0x00000000e8a00000|  0%| F|  |TAMS 0x00000000e8900000, 0x00000000e8900000| Untracked 
| 138|0x00000000e8a00000, 0x00000000e8a00000, 0x00000000e8b00000|  0%| F|  |TAMS 0x00000000e8a00000, 0x00000000e8a00000| Untracked 
| 139|0x00000000e8b00000, 0x00000000e8b00000, 0x00000000e8c00000|  0%| F|  |TAMS 0x00000000e8b00000, 0x00000000e8b00000| Untracked 
| 140|0x00000000e8c00000, 0x00000000e8c00000, 0x00000000e8d00000|  0%| F|  |TAMS 0x00000000e8c00000, 0x00000000e8c00000| Untracked 
| 141|0x00000000e8d00000, 0x00000000e8d00000, 0x00000000e8e00000|  0%| F|  |TAMS 0x00000000e8d00000, 0x00000000e8d00000| Untracked 
| 142|0x00000000e8e00000, 0x00000000e8e00000, 0x00000000e8f00000|  0%| F|  |TAMS 0x00000000e8e00000, 0x00000000e8e00000| Untracked 
| 143|0x00000000e8f00000, 0x00000000e8f00000, 0x00000000e9000000|  0%| F|  |TAMS 0x00000000e8f00000, 0x00000000e8f00000| Untracked 
| 144|0x00000000e9000000, 0x00000000e9000000, 0x00000000e9100000|  0%| F|  |TAMS 0x00000000e9000000, 0x00000000e9000000| Untracked 
| 145|0x00000000e9100000, 0x00000000e9100000, 0x00000000e9200000|  0%| F|  |TAMS 0x00000000e9100000, 0x00000000e9100000| Untracked 
| 146|0x00000000e9200000, 0x00000000e9200000, 0x00000000e9300000|  0%| F|  |TAMS 0x00000000e9200000, 0x00000000e9200000| Untracked 
| 147|0x00000000e9300000, 0x00000000e9300000, 0x00000000e9400000|  0%| F|  |TAMS 0x00000000e9300000, 0x00000000e9300000| Untracked 
| 148|0x00000000e9400000, 0x00000000e9400000, 0x00000000e9500000|  0%| F|  |TAMS 0x00000000e9400000, 0x00000000e9400000| Untracked 
| 149|0x00000000e9500000, 0x00000000e9500000, 0x00000000e9600000|  0%| F|  |TAMS 0x00000000e9500000, 0x00000000e9500000| Untracked 
| 150|0x00000000e9600000, 0x00000000e9600000, 0x00000000e9700000|  0%| F|  |TAMS 0x00000000e9600000, 0x00000000e9600000| Untracked 
| 151|0x00000000e9700000, 0x00000000e9700000, 0x00000000e9800000|  0%| F|  |TAMS 0x00000000e9700000, 0x00000000e9700000| Untracked 
| 152|0x00000000e9800000, 0x00000000e9800000, 0x00000000e9900000|  0%| F|  |TAMS 0x00000000e9800000, 0x00000000e9800000| Untracked 
| 153|0x00000000e9900000, 0x00000000e9900000, 0x00000000e9a00000|  0%| F|  |TAMS 0x00000000e9900000, 0x00000000e9900000| Untracked 
| 154|0x00000000e9a00000, 0x00000000e9a00000, 0x00000000e9b00000|  0%| F|  |TAMS 0x00000000e9a00000, 0x00000000e9a00000| Untracked 
| 155|0x00000000e9b00000, 0x00000000e9b00000, 0x00000000e9c00000|  0%| F|  |TAMS 0x00000000e9b00000, 0x00000000e9b00000| Untracked 
| 156|0x00000000e9c00000, 0x00000000e9c00000, 0x00000000e9d00000|  0%| F|  |TAMS 0x00000000e9c00000, 0x00000000e9c00000| Untracked 
| 157|0x00000000e9d00000, 0x00000000e9d00000, 0x00000000e9e00000|  0%| F|  |TAMS 0x00000000e9d00000, 0x00000000e9d00000| Untracked 
| 158|0x00000000e9e00000, 0x00000000e9e00000, 0x00000000e9f00000|  0%| F|  |TAMS 0x00000000e9e00000, 0x00000000e9e00000| Untracked 
| 159|0x00000000e9f00000, 0x00000000e9f00000, 0x00000000ea000000|  0%| F|  |TAMS 0x00000000e9f00000, 0x00000000e9f00000| Untracked 
| 160|0x00000000ea000000, 0x00000000ea000000, 0x00000000ea100000|  0%| F|  |TAMS 0x00000000ea000000, 0x00000000ea000000| Untracked 
| 161|0x00000000ea100000, 0x00000000ea100000, 0x00000000ea200000|  0%| F|  |TAMS 0x00000000ea100000, 0x00000000ea100000| Untracked 
| 162|0x00000000ea200000, 0x00000000ea200000, 0x00000000ea300000|  0%| F|  |TAMS 0x00000000ea200000, 0x00000000ea200000| Untracked 
| 163|0x00000000ea300000, 0x00000000ea300000, 0x00000000ea400000|  0%| F|  |TAMS 0x00000000ea300000, 0x00000000ea300000| Untracked 
| 164|0x00000000ea400000, 0x00000000ea400000, 0x00000000ea500000|  0%| F|  |TAMS 0x00000000ea400000, 0x00000000ea400000| Untracked 
| 165|0x00000000ea500000, 0x00000000ea500000, 0x00000000ea600000|  0%| F|  |TAMS 0x00000000ea500000, 0x00000000ea500000| Untracked 
| 166|0x00000000ea600000, 0x00000000ea600000, 0x00000000ea700000|  0%| F|  |TAMS 0x00000000ea600000, 0x00000000ea600000| Untracked 
| 167|0x00000000ea700000, 0x00000000ea700000, 0x00000000ea800000|  0%| F|  |TAMS 0x00000000ea700000, 0x00000000ea700000| Untracked 
| 168|0x00000000ea800000, 0x00000000ea800000, 0x00000000ea900000|  0%| F|  |TAMS 0x00000000ea800000, 0x00000000ea800000| Untracked 
| 169|0x00000000ea900000, 0x00000000ea900000, 0x00000000eaa00000|  0%| F|  |TAMS 0x00000000ea900000, 0x00000000ea900000| Untracked 
| 170|0x00000000eaa00000, 0x00000000eaa00000, 0x00000000eab00000|  0%| F|  |TAMS 0x00000000eaa00000, 0x00000000eaa00000| Untracked 
| 171|0x00000000eab00000, 0x00000000eab00000, 0x00000000eac00000|  0%| F|  |TAMS 0x00000000eab00000, 0x00000000eab00000| Untracked 
| 172|0x00000000eac00000, 0x00000000eac00000, 0x00000000ead00000|  0%| F|  |TAMS 0x00000000eac00000, 0x00000000eac00000| Untracked 
| 173|0x00000000ead00000, 0x00000000ead00000, 0x00000000eae00000|  0%| F|  |TAMS 0x00000000ead00000, 0x00000000ead00000| Untracked 
| 174|0x00000000eae00000, 0x00000000eae00000, 0x00000000eaf00000|  0%| F|  |TAMS 0x00000000eae00000, 0x00000000eae00000| Untracked 
| 175|0x00000000eaf00000, 0x00000000eaf00000, 0x00000000eb000000|  0%| F|  |TAMS 0x00000000eaf00000, 0x00000000eaf00000| Untracked 
| 176|0x00000000eb000000, 0x00000000eb000000, 0x00000000eb100000|  0%| F|  |TAMS 0x00000000eb000000, 0x00000000eb000000| Untracked 
| 177|0x00000000eb100000, 0x00000000eb100000, 0x00000000eb200000|  0%| F|  |TAMS 0x00000000eb100000, 0x00000000eb100000| Untracked 
| 178|0x00000000eb200000, 0x00000000eb200000, 0x00000000eb300000|  0%| F|  |TAMS 0x00000000eb200000, 0x00000000eb200000| Untracked 
| 179|0x00000000eb300000, 0x00000000eb300000, 0x00000000eb400000|  0%| F|  |TAMS 0x00000000eb300000, 0x00000000eb300000| Untracked 
| 180|0x00000000eb400000, 0x00000000eb400000, 0x00000000eb500000|  0%| F|  |TAMS 0x00000000eb400000, 0x00000000eb400000| Untracked 
| 181|0x00000000eb500000, 0x00000000eb500000, 0x00000000eb600000|  0%| F|  |TAMS 0x00000000eb500000, 0x00000000eb500000| Untracked 
| 182|0x00000000eb600000, 0x00000000eb600000, 0x00000000eb700000|  0%| F|  |TAMS 0x00000000eb600000, 0x00000000eb600000| Untracked 
| 183|0x00000000eb700000, 0x00000000eb700000, 0x00000000eb800000|  0%| F|  |TAMS 0x00000000eb700000, 0x00000000eb700000| Untracked 
| 184|0x00000000eb800000, 0x00000000eb800000, 0x00000000eb900000|  0%| F|  |TAMS 0x00000000eb800000, 0x00000000eb800000| Untracked 
| 185|0x00000000eb900000, 0x00000000eb900000, 0x00000000eba00000|  0%| F|  |TAMS 0x00000000eb900000, 0x00000000eb900000| Untracked 
| 186|0x00000000eba00000, 0x00000000eba00000, 0x00000000ebb00000|  0%| F|  |TAMS 0x00000000eba00000, 0x00000000eba00000| Untracked 
| 187|0x00000000ebb00000, 0x00000000ebb00000, 0x00000000ebc00000|  0%| F|  |TAMS 0x00000000ebb00000, 0x00000000ebb00000| Untracked 
| 188|0x00000000ebc00000, 0x00000000ebc00000, 0x00000000ebd00000|  0%| F|  |TAMS 0x00000000ebc00000, 0x00000000ebc00000| Untracked 
| 189|0x00000000ebd00000, 0x00000000ebd00000, 0x00000000ebe00000|  0%| F|  |TAMS 0x00000000ebd00000, 0x00000000ebd00000| Untracked 
| 190|0x00000000ebe00000, 0x00000000ebe00000, 0x00000000ebf00000|  0%| F|  |TAMS 0x00000000ebe00000, 0x00000000ebe00000| Untracked 
| 191|0x00000000ebf00000, 0x00000000ebf00000, 0x00000000ec000000|  0%| F|  |TAMS 0x00000000ebf00000, 0x00000000ebf00000| Untracked 
| 192|0x00000000ec000000, 0x00000000ec000000, 0x00000000ec100000|  0%| F|  |TAMS 0x00000000ec000000, 0x00000000ec000000| Untracked 
| 193|0x00000000ec100000, 0x00000000ec100000, 0x00000000ec200000|  0%| F|  |TAMS 0x00000000ec100000, 0x00000000ec100000| Untracked 
| 194|0x00000000ec200000, 0x00000000ec200000, 0x00000000ec300000|  0%| F|  |TAMS 0x00000000ec200000, 0x00000000ec200000| Untracked 
| 195|0x00000000ec300000, 0x00000000ec300000, 0x00000000ec400000|  0%| F|  |TAMS 0x00000000ec300000, 0x00000000ec300000| Untracked 
| 196|0x00000000ec400000, 0x00000000ec400000, 0x00000000ec500000|  0%| F|  |TAMS 0x00000000ec400000, 0x00000000ec400000| Untracked 
| 197|0x00000000ec500000, 0x00000000ec500000, 0x00000000ec600000|  0%| F|  |TAMS 0x00000000ec500000, 0x00000000ec500000| Untracked 
| 198|0x00000000ec600000, 0x00000000ec600000, 0x00000000ec700000|  0%| F|  |TAMS 0x00000000ec600000, 0x00000000ec600000| Untracked 
| 199|0x00000000ec700000, 0x00000000ec700000, 0x00000000ec800000|  0%| F|  |TAMS 0x00000000ec700000, 0x00000000ec700000| Untracked 
| 200|0x00000000ec800000, 0x00000000ec800000, 0x00000000ec900000|  0%| F|  |TAMS 0x00000000ec800000, 0x00000000ec800000| Untracked 
| 201|0x00000000ec900000, 0x00000000ec900000, 0x00000000eca00000|  0%| F|  |TAMS 0x00000000ec900000, 0x00000000ec900000| Untracked 
| 202|0x00000000eca00000, 0x00000000eca00000, 0x00000000ecb00000|  0%| F|  |TAMS 0x00000000eca00000, 0x00000000eca00000| Untracked 
| 203|0x00000000ecb00000, 0x00000000ecb00000, 0x00000000ecc00000|  0%| F|  |TAMS 0x00000000ecb00000, 0x00000000ecb00000| Untracked 
| 204|0x00000000ecc00000, 0x00000000ecc00000, 0x00000000ecd00000|  0%| F|  |TAMS 0x00000000ecc00000, 0x00000000ecc00000| Untracked 
| 205|0x00000000ecd00000, 0x00000000ecd00000, 0x00000000ece00000|  0%| F|  |TAMS 0x00000000ecd00000, 0x00000000ecd00000| Untracked 
| 206|0x00000000ece00000, 0x00000000ece00000, 0x00000000ecf00000|  0%| F|  |TAMS 0x00000000ece00000, 0x00000000ece00000| Untracked 
| 207|0x00000000ecf00000, 0x00000000ecf00000, 0x00000000ed000000|  0%| F|  |TAMS 0x00000000ecf00000, 0x00000000ecf00000| Untracked 
| 208|0x00000000ed000000, 0x00000000ed000000, 0x00000000ed100000|  0%| F|  |TAMS 0x00000000ed000000, 0x00000000ed000000| Untracked 
| 209|0x00000000ed100000, 0x00000000ed100000, 0x00000000ed200000|  0%| F|  |TAMS 0x00000000ed100000, 0x00000000ed100000| Untracked 
| 210|0x00000000ed200000, 0x00000000ed200000, 0x00000000ed300000|  0%| F|  |TAMS 0x00000000ed200000, 0x00000000ed200000| Untracked 
| 211|0x00000000ed300000, 0x00000000ed3d9e30, 0x00000000ed400000| 85%| S|CS|TAMS 0x00000000ed300000, 0x00000000ed300000| Complete 
| 212|0x00000000ed400000, 0x00000000ed500000, 0x00000000ed500000|100%| S|CS|TAMS 0x00000000ed400000, 0x00000000ed400000| Complete 
| 213|0x00000000ed500000, 0x00000000ed600000, 0x00000000ed600000|100%| S|CS|TAMS 0x00000000ed500000, 0x00000000ed500000| Complete 
| 214|0x00000000ed600000, 0x00000000ed600000, 0x00000000ed700000|  0%| F|  |TAMS 0x00000000ed600000, 0x00000000ed600000| Untracked 
| 215|0x00000000ed700000, 0x00000000ed700000, 0x00000000ed800000|  0%| F|  |TAMS 0x00000000ed700000, 0x00000000ed700000| Untracked 
| 216|0x00000000ed800000, 0x00000000ed800000, 0x00000000ed900000|  0%| F|  |TAMS 0x00000000ed800000, 0x00000000ed800000| Untracked 
| 217|0x00000000ed900000, 0x00000000ed900000, 0x00000000eda00000|  0%| F|  |TAMS 0x00000000ed900000, 0x00000000ed900000| Untracked 
| 218|0x00000000eda00000, 0x00000000eda00000, 0x00000000edb00000|  0%| F|  |TAMS 0x00000000eda00000, 0x00000000eda00000| Untracked 
| 219|0x00000000edb00000, 0x00000000edb00000, 0x00000000edc00000|  0%| F|  |TAMS 0x00000000edb00000, 0x00000000edb00000| Untracked 
| 220|0x00000000edc00000, 0x00000000edc00000, 0x00000000edd00000|  0%| F|  |TAMS 0x00000000edc00000, 0x00000000edc00000| Untracked 
| 221|0x00000000edd00000, 0x00000000edd00000, 0x00000000ede00000|  0%| F|  |TAMS 0x00000000edd00000, 0x00000000edd00000| Untracked 
| 222|0x00000000ede00000, 0x00000000ede00000, 0x00000000edf00000|  0%| F|  |TAMS 0x00000000ede00000, 0x00000000ede00000| Untracked 
| 223|0x00000000edf00000, 0x00000000edf00000, 0x00000000ee000000|  0%| F|  |TAMS 0x00000000edf00000, 0x00000000edf00000| Untracked 
| 224|0x00000000ee000000, 0x00000000ee000000, 0x00000000ee100000|  0%| F|  |TAMS 0x00000000ee000000, 0x00000000ee000000| Untracked 
| 225|0x00000000ee100000, 0x00000000ee100000, 0x00000000ee200000|  0%| F|  |TAMS 0x00000000ee100000, 0x00000000ee100000| Untracked 
| 226|0x00000000ee200000, 0x00000000ee200000, 0x00000000ee300000|  0%| F|  |TAMS 0x00000000ee200000, 0x00000000ee200000| Untracked 
| 227|0x00000000ee300000, 0x00000000ee300000, 0x00000000ee400000|  0%| F|  |TAMS 0x00000000ee300000, 0x00000000ee300000| Untracked 
| 228|0x00000000ee400000, 0x00000000ee400000, 0x00000000ee500000|  0%| F|  |TAMS 0x00000000ee400000, 0x00000000ee400000| Untracked 
| 229|0x00000000ee500000, 0x00000000ee500000, 0x00000000ee600000|  0%| F|  |TAMS 0x00000000ee500000, 0x00000000ee500000| Untracked 
| 230|0x00000000ee600000, 0x00000000ee600000, 0x00000000ee700000|  0%| F|  |TAMS 0x00000000ee600000, 0x00000000ee600000| Untracked 
| 231|0x00000000ee700000, 0x00000000ee700000, 0x00000000ee800000|  0%| F|  |TAMS 0x00000000ee700000, 0x00000000ee700000| Untracked 
| 232|0x00000000ee800000, 0x00000000ee800000, 0x00000000ee900000|  0%| F|  |TAMS 0x00000000ee800000, 0x00000000ee800000| Untracked 
| 233|0x00000000ee900000, 0x00000000ee900000, 0x00000000eea00000|  0%| F|  |TAMS 0x00000000ee900000, 0x00000000ee900000| Untracked 
| 234|0x00000000eea00000, 0x00000000eea00000, 0x00000000eeb00000|  0%| F|  |TAMS 0x00000000eea00000, 0x00000000eea00000| Untracked 
| 235|0x00000000eeb00000, 0x00000000eeb00000, 0x00000000eec00000|  0%| F|  |TAMS 0x00000000eeb00000, 0x00000000eeb00000| Untracked 
| 236|0x00000000eec00000, 0x00000000eec00000, 0x00000000eed00000|  0%| F|  |TAMS 0x00000000eec00000, 0x00000000eec00000| Untracked 
| 237|0x00000000eed00000, 0x00000000eed00000, 0x00000000eee00000|  0%| F|  |TAMS 0x00000000eed00000, 0x00000000eed00000| Untracked 
| 238|0x00000000eee00000, 0x00000000eee00000, 0x00000000eef00000|  0%| F|  |TAMS 0x00000000eee00000, 0x00000000eee00000| Untracked 
| 239|0x00000000eef00000, 0x00000000eef00000, 0x00000000ef000000|  0%| F|  |TAMS 0x00000000eef00000, 0x00000000eef00000| Untracked 
| 240|0x00000000ef000000, 0x00000000ef000000, 0x00000000ef100000|  0%| F|  |TAMS 0x00000000ef000000, 0x00000000ef000000| Untracked 
| 241|0x00000000ef100000, 0x00000000ef100000, 0x00000000ef200000|  0%| F|  |TAMS 0x00000000ef100000, 0x00000000ef100000| Untracked 
| 242|0x00000000ef200000, 0x00000000ef200000, 0x00000000ef300000|  0%| F|  |TAMS 0x00000000ef200000, 0x00000000ef200000| Untracked 
| 243|0x00000000ef300000, 0x00000000ef300000, 0x00000000ef400000|  0%| F|  |TAMS 0x00000000ef300000, 0x00000000ef300000| Untracked 
| 244|0x00000000ef400000, 0x00000000ef400000, 0x00000000ef500000|  0%| F|  |TAMS 0x00000000ef400000, 0x00000000ef400000| Untracked 
| 245|0x00000000ef500000, 0x00000000ef500000, 0x00000000ef600000|  0%| F|  |TAMS 0x00000000ef500000, 0x00000000ef500000| Untracked 
| 246|0x00000000ef600000, 0x00000000ef67f7c8, 0x00000000ef700000| 49%| E|  |TAMS 0x00000000ef600000, 0x00000000ef600000| Complete 
| 247|0x00000000ef700000, 0x00000000ef800000, 0x00000000ef800000|100%| E|CS|TAMS 0x00000000ef700000, 0x00000000ef700000| Complete 
| 248|0x00000000ef800000, 0x00000000ef900000, 0x00000000ef900000|100%| E|CS|TAMS 0x00000000ef800000, 0x00000000ef800000| Complete 
| 249|0x00000000ef900000, 0x00000000efa00000, 0x00000000efa00000|100%| E|CS|TAMS 0x00000000ef900000, 0x00000000ef900000| Complete 
| 250|0x00000000efa00000, 0x00000000efb00000, 0x00000000efb00000|100%| E|CS|TAMS 0x00000000efa00000, 0x00000000efa00000| Complete 
| 251|0x00000000efb00000, 0x00000000efc00000, 0x00000000efc00000|100%| E|CS|TAMS 0x00000000efb00000, 0x00000000efb00000| Complete 
| 252|0x00000000efc00000, 0x00000000efd00000, 0x00000000efd00000|100%| E|CS|TAMS 0x00000000efc00000, 0x00000000efc00000| Complete 
| 253|0x00000000efd00000, 0x00000000efe00000, 0x00000000efe00000|100%| E|CS|TAMS 0x00000000efd00000, 0x00000000efd00000| Complete 
| 254|0x00000000efe00000, 0x00000000eff00000, 0x00000000eff00000|100%| E|  |TAMS 0x00000000efe00000, 0x00000000efe00000| Complete 
| 255|0x00000000eff00000, 0x00000000f0000000, 0x00000000f0000000|100%| E|CS|TAMS 0x00000000eff00000, 0x00000000eff00000| Complete 

Card table byte_map: [0x000001df7b790000,0x000001df7b890000] _byte_map_base: 0x000001df7b090000

Marking Bits (Prev, Next): (CMBitMap*) 0x000001df622487d8, (CMBitMap*) 0x000001df62248818
 Prev Bits: [0x000001df7b990000, 0x000001df7c190000)
 Next Bits: [0x000001df7c190000, 0x000001df7c990000)

Polling page: 0x000001df61fd0000

Metaspace:

Usage:
  Non-class:     10.69 MB capacity,    10.34 MB ( 97%) used,   338.13 KB (  3%) free+waste,    26.13 KB ( <1%) overhead. 
      Class:      1.90 MB capacity,     1.77 MB ( 93%) used,   116.42 KB (  6%) free+waste,    14.88 KB ( <1%) overhead. 
       Both:     12.59 MB capacity,    12.11 MB ( 96%) used,   454.55 KB (  4%) free+waste,    41.00 KB ( <1%) overhead. 

Virtual space:
  Non-class space:       12.00 MB reserved,      10.75 MB ( 90%) committed 
      Class space:      248.00 MB reserved,       2.00 MB ( <1%) committed 
             Both:      260.00 MB reserved,      12.75 MB (  5%) committed 

Chunk freelists:
   Non-Class:  57.00 KB
       Class:  10.00 KB
        Both:  67.00 KB

MaxMetaspaceSize: 256.00 MB
CompressedClassSpaceSize: 248.00 MB

CodeHeap 'non-profiled nmethods': size=120064Kb used=722Kb max_used=722Kb free=119341Kb
 bounds [0x000001df739e0000, 0x000001df73c50000, 0x000001df7af20000]
CodeHeap 'profiled nmethods': size=120000Kb used=3855Kb max_used=3855Kb free=116144Kb
 bounds [0x000001df6c4b0000, 0x000001df6c880000, 0x000001df739e0000]
CodeHeap 'non-nmethods': size=5696Kb used=1207Kb max_used=1219Kb free=4488Kb
 bounds [0x000001df6bf20000, 0x000001df6c190000, 0x000001df6c4b0000]
 total_blobs=3147 nmethods=1754 adapters=371
 compilation: enabled
              stopped_count=0, restarted_count=0
 full_count=0

Compilation events (20 events):
Event: 14.136 Thread 0x000001df7ef93800 nmethod 1931 0x000001df6c86ba10 code [0x000001df6c86bbc0, 0x000001df6c86bdd0]
Event: 14.142 Thread 0x000001df7ef93800 1932       3       java.util.concurrent.locks.ReentrantLock::unlock (10 bytes)
Event: 14.143 Thread 0x000001df7ef93800 nmethod 1932 0x000001df6c86be90 code [0x000001df6c86c060, 0x000001df6c86c420]
Event: 14.146 Thread 0x000001df7ef92800 1933   !   4       java.lang.ClassLoader::loadClass (122 bytes)
Event: 14.149 Thread 0x000001df7ef93800 1934       3       org.gradle.internal.service.DefaultServiceRegistry::find (142 bytes)
Event: 14.155 Thread 0x000001df7ef93800 nmethod 1934 0x000001df6c86c590 code [0x000001df6c86c960, 0x000001df6c86e6d0]
Event: 14.155 Thread 0x000001df7ef93800 1935       1       jdk.internal.reflect.DelegatingMethodAccessorImpl::setDelegate (6 bytes)
Event: 14.155 Thread 0x000001df7ef93800 nmethod 1935 0x000001df73a94110 code [0x000001df73a942a0, 0x000001df73a94418]
Event: 14.156 Thread 0x000001df7ef93800 1937       3       java.lang.Throwable::<init> (39 bytes)
Event: 14.156 Thread 0x000001df7ef93800 nmethod 1937 0x000001df6c86ee90 code [0x000001df6c86f060, 0x000001df6c86f510]
Event: 14.169 Thread 0x000001df7ef93800 1938       3       org.gradle.api.file.internal.FilePathUtil::sizeOfCommonPrefix (142 bytes)
Event: 14.176 Thread 0x000001df7ef93800 nmethod 1938 0x000001df6c86f610 code [0x000001df6c86fa60, 0x000001df6c871ca0]
Event: 14.176 Thread 0x000001df7ef93800 1939       3       org.gradle.internal.file.DefaultFileHierarchySet$Node::sizeOfCommonPrefix (10 bytes)
Event: 14.177 Thread 0x000001df7ef93800 nmethod 1939 0x000001df6c872a10 code [0x000001df6c872bc0, 0x000001df6c872dd0]
Event: 14.177 Thread 0x000001df7ef93800 1940       3       org.gradle.api.file.internal.FilePathUtil::sizeOfCommonPrefix (10 bytes)
Event: 14.177 Thread 0x000001df7ef93800 nmethod 1940 0x000001df6c872e90 code [0x000001df6c873040, 0x000001df6c8731b0]
Event: 14.177 Thread 0x000001df7ef93800 1941       1       java.lang.reflect.Method::getMethodAccessor (5 bytes)
Event: 14.177 Thread 0x000001df7ef93800 nmethod 1941 0x000001df73a94490 code [0x000001df73a94620, 0x000001df73a94758]
Event: 14.177 Thread 0x000001df7ef93800 1942       1       jdk.internal.reflect.NativeMethodAccessorImpl::setParent (6 bytes)
Event: 14.177 Thread 0x000001df7ef93800 nmethod 1942 0x000001df73a94810 code [0x000001df73a949a0, 0x000001df73a94b18]

GC Heap History (8 events):
Event: 1.642 GC heap before
{Heap before GC invocations=0 (full 0):
 garbage-first heap   total 262144K, used 19456K [0x00000000e0000000, 0x0000000100000000)
  region size 1024K, 14 young (14336K), 0 survivors (0K)
 Metaspace       used 2485K, capacity 5686K, committed 5760K, reserved 262144K
  class space    used 308K, capacity 618K, committed 640K, reserved 253952K
}
Event: 1.653 GC heap after
{Heap after GC invocations=1 (full 0):
 garbage-first heap   total 262144K, used 7737K [0x00000000e0000000, 0x0000000100000000)
  region size 1024K, 2 young (2048K), 2 survivors (2048K)
 Metaspace       used 2485K, capacity 5686K, committed 5760K, reserved 262144K
  class space    used 308K, capacity 618K, committed 640K, reserved 253952K
}
Event: 2.430 GC heap before
{Heap before GC invocations=1 (full 0):
 garbage-first heap   total 262144K, used 19001K [0x00000000e0000000, 0x0000000100000000)
  region size 1024K, 13 young (13312K), 2 survivors (2048K)
 Metaspace       used 3772K, capacity 6540K, committed 6656K, reserved 262144K
  class space    used 478K, capacity 753K, committed 768K, reserved 253952K
}
Event: 2.435 GC heap after
{Heap after GC invocations=2 (full 0):
 garbage-first heap   total 262144K, used 8305K [0x00000000e0000000, 0x0000000100000000)
  region size 1024K, 1 young (1024K), 1 survivors (1024K)
 Metaspace       used 3772K, capacity 6540K, committed 6656K, reserved 262144K
  class space    used 478K, capacity 753K, committed 768K, reserved 253952K
}
Event: 3.258 GC heap before
{Heap before GC invocations=2 (full 0):
 garbage-first heap   total 262144K, used 33905K [0x00000000e0000000, 0x0000000100000000)
  region size 1024K, 27 young (27648K), 1 survivors (1024K)
 Metaspace       used 4233K, capacity 6916K, committed 7040K, reserved 262144K
  class space    used 562K, capacity 857K, committed 896K, reserved 253952K
}
Event: 3.266 GC heap after
{Heap after GC invocations=3 (full 0):
 garbage-first heap   total 262144K, used 12567K [0x00000000e0000000, 0x0000000100000000)
  region size 1024K, 4 young (4096K), 4 survivors (4096K)
 Metaspace       used 4233K, capacity 6916K, committed 7040K, reserved 262144K
  class space    used 562K, capacity 857K, committed 896K, reserved 253952K
}
Event: 13.476 GC heap before
{Heap before GC invocations=3 (full 0):
 garbage-first heap   total 262144K, used 51479K [0x00000000e0000000, 0x0000000100000000)
  region size 1024K, 42 young (43008K), 4 survivors (4096K)
 Metaspace       used 11713K, capacity 12145K, committed 12416K, reserved 266240K
  class space    used 1680K, capacity 1841K, committed 1920K, reserved 253952K
}
Event: 13.491 GC heap after
{Heap after GC invocations=4 (full 0):
 garbage-first heap   total 262144K, used 15577K [0x00000000e0000000, 0x0000000100000000)
  region size 1024K, 3 young (3072K), 3 survivors (3072K)
 Metaspace       used 11713K, capacity 12145K, committed 12416K, reserved 266240K
  class space    used 1680K, capacity 1841K, committed 1920K, reserved 253952K
}

Deoptimization events (20 events):
Event: 11.753 Thread 0x000001df7f941800 Uncommon trap: trap_request=0xffffffc6 fr.pc=0x000001df73a6a598 relative=0x0000000000001378
Event: 11.753 Thread 0x000001df7f941800 Uncommon trap: reason=bimorphic_or_optimized_type_check action=maybe_recompile pc=0x000001df73a6a598 method=java.util.HashMap.putVal(ILjava/lang/Object;Ljava/lang/Object;ZZ)Ljava/lang/Object; @ 253 c2
Event: 11.753 Thread 0x000001df7f941800 DEOPT PACKING pc=0x000001df73a6a598 sp=0x0000009d654feb90
Event: 11.753 Thread 0x000001df7f941800 DEOPT UNPACKING pc=0x000001df6bf6942f sp=0x0000009d654feb60 mode 2
Event: 12.962 Thread 0x000001df7f941800 Uncommon trap: trap_request=0xffffffde fr.pc=0x000001df739f9aa4 relative=0x00000000000003a4
Event: 12.962 Thread 0x000001df7f941800 Uncommon trap: reason=class_check action=maybe_recompile pc=0x000001df739f9aa4 method=java.util.regex.Matcher.match(II)Z @ 121 c2
Event: 12.962 Thread 0x000001df7f941800 DEOPT PACKING pc=0x000001df739f9aa4 sp=0x0000009d654fbbb0
Event: 12.962 Thread 0x000001df7f941800 DEOPT UNPACKING pc=0x000001df6bf6942f sp=0x0000009d654fbb70 mode 2
Event: 13.015 Thread 0x000001df7f941800 Uncommon trap: trap_request=0xffffff45 fr.pc=0x000001df73a458dc relative=0x000000000000097c
Event: 13.015 Thread 0x000001df7f941800 Uncommon trap: reason=unstable_if action=reinterpret pc=0x000001df73a458dc method=java.util.regex.Matcher.reset()Ljava/util/regex/Matcher; @ 71 c2
Event: 13.015 Thread 0x000001df7f941800 DEOPT PACKING pc=0x000001df73a458dc sp=0x0000009d654fa8f0
Event: 13.015 Thread 0x000001df7f941800 DEOPT UNPACKING pc=0x000001df6bf6942f sp=0x0000009d654fa838 mode 2
Event: 13.015 Thread 0x000001df7f941800 Uncommon trap: trap_request=0xffffff45 fr.pc=0x000001df739f9b08 relative=0x0000000000000408
Event: 13.015 Thread 0x000001df7f941800 Uncommon trap: reason=unstable_if action=reinterpret pc=0x000001df739f9b08 method=java.util.regex.Matcher.match(II)Z @ 76 c2
Event: 13.015 Thread 0x000001df7f941800 DEOPT PACKING pc=0x000001df739f9b08 sp=0x0000009d654fa8f0
Event: 13.015 Thread 0x000001df7f941800 DEOPT UNPACKING pc=0x000001df6bf6942f sp=0x0000009d654fa8c0 mode 2
Event: 13.017 Thread 0x000001df7f941800 Uncommon trap: trap_request=0xffffff45 fr.pc=0x000001df73a39f50 relative=0x0000000000000210
Event: 13.017 Thread 0x000001df7f941800 Uncommon trap: reason=unstable_if action=reinterpret pc=0x000001df73a39f50 method=java.util.regex.Matcher.reset()Ljava/util/regex/Matcher; @ 71 c2
Event: 13.017 Thread 0x000001df7f941800 DEOPT PACKING pc=0x000001df73a39f50 sp=0x0000009d654fa8a0
Event: 13.017 Thread 0x000001df7f941800 DEOPT UNPACKING pc=0x000001df6bf6942f sp=0x0000009d654fa830 mode 2

Classes unloaded (0 events):
No events

Classes redefined (0 events):
No events

Internal exceptions (20 events):
Event: 4.098 Thread 0x000001df62221000 Exception <a 'java/lang/NoSuchMethodError'{0x00000000ef438630}: 'java.lang.Object java.lang.invoke.DirectMethodHandle$Holder.invokeStaticInit(java.lang.Object, int, int, int, int)'> (0x00000000ef438630) 
thrown [t:/workspace/open/src/hotspot/share/interpreter/linkResolver.cpp, line 767]
Event: 5.809 Thread 0x000001df62221000 Exception <a 'java/lang/NoSuchMethodError'{0x00000000ef4e6aa0}: 'java.lang.Object java.lang.invoke.DirectMethodHandle$Holder.invokeStaticInit(java.lang.Object, java.lang.Object, int, int, int, int)'> (0x00000000ef4e6aa0) 
thrown [t:/workspace/open/src/hotspot/share/interpreter/linkResolver.cpp, line 767]
Event: 11.170 Thread 0x000001df62221000 Exception <a 'java/io/IOException'{0x00000000ef2dcd00}> (0x00000000ef2dcd00) 
thrown [t:/workspace/open/src/hotspot/share/prims/jni.cpp, line 598]
Event: 11.269 Thread 0x000001df7f99d000 Exception <a 'java/lang/NoSuchMethodError'{0x00000000ef0243a8}: 'java.lang.Object java.lang.invoke.Invokers$Holder.linkToTargetMethod(java.lang.Object, int, java.lang.Object)'> (0x00000000ef0243a8) 
thrown [t:/workspace/open/src/hotspot/share/interpreter/linkResolver.cpp, line 767]
Event: 11.515 Thread 0x000001df016f1000 Exception <a 'java/lang/NoSuchMethodError'{0x00000000ef0ef660}: static Lorg/gradle/tooling/internal/provider/SubscribableBuildAction;.<clinit>()V> (0x00000000ef0ef660) 
thrown [t:/workspace/open/src/hotspot/share/prims/jni.cpp, line 1347]
Event: 11.520 Thread 0x000001df016f1000 Exception <a 'java/lang/NoSuchMethodError'{0x00000000ef0fa4f8}: static Lorg/gradle/tooling/internal/provider/ClientProvidedPhasedAction;.<clinit>()V> (0x00000000ef0fa4f8) 
thrown [t:/workspace/open/src/hotspot/share/prims/jni.cpp, line 1347]
Event: 11.526 Thread 0x000001df016f1000 Exception <a 'java/lang/NoSuchMethodError'{0x00000000eef08ca8}: static Lorg/gradle/tooling/internal/provider/BuildClientSubscriptions;.<clinit>()V> (0x00000000eef08ca8) 
thrown [t:/workspace/open/src/hotspot/share/prims/jni.cpp, line 1347]
Event: 11.536 Thread 0x000001df016f1000 Exception <a 'java/lang/NoSuchMethodError'{0x00000000eef19220}: static Lorg/gradle/tooling/internal/provider/serialization/SerializedPayload;.<clinit>()V> (0x00000000eef19220) 
thrown [t:/workspace/open/src/hotspot/share/prims/jni.cpp, line 1347]
Event: 11.549 Thread 0x000001df016f1000 Exception <a 'java/lang/NoSuchMethodError'{0x00000000eef3eca0}: static Lorg/gradle/tooling/internal/provider/serialization/ClassLoaderDetails;.<clinit>()V> (0x00000000eef3eca0) 
thrown [t:/workspace/open/src/hotspot/share/prims/jni.cpp, line 1347]
Event: 11.554 Thread 0x000001df016f1000 Exception <a 'java/lang/NoSuchMethodError'{0x00000000eef557d8}: static Lorg/gradle/internal/classloader/ClassLoaderSpec;.<clinit>()V> (0x00000000eef557d8) 
thrown [t:/workspace/open/src/hotspot/share/prims/jni.cpp, line 1347]
Event: 11.557 Thread 0x000001df016f1000 Exception <a 'java/lang/NoSuchMethodError'{0x00000000eef5e938}: static Lorg/gradle/tooling/internal/provider/serialization/WellKnownClassLoaderRegistry$KnownClassLoaderSpec;.<clinit>()V> (0x00000000eef5e938) 
thrown [t:/workspace/open/src/hotspot/share/prims/jni.cpp, line 1347]
Event: 11.588 Thread 0x000001df016f1000 Exception <a 'java/lang/NoSuchMethodError'{0x00000000eef73798}: static Lorg/gradle/tooling/internal/provider/serialization/ClientOwnedClassLoaderSpec;.<clinit>()V> (0x00000000eef73798) 
thrown [t:/workspace/open/src/hotspot/share/prims/jni.cpp, line 1347]
Event: 11.632 Thread 0x000001df016f1000 Exception <a 'java/lang/NoSuchMethodError'{0x00000000eefbcff0}: static Lorg/gradle/api/internal/StartParameterInternal;.<clinit>()V> (0x00000000eefbcff0) 
thrown [t:/workspace/open/src/hotspot/share/prims/jni.cpp, line 1347]
Event: 11.649 Thread 0x000001df016f1000 Exception <a 'java/lang/NoSuchMethodError'{0x00000000eefe92f0}: static Lorg/gradle/internal/logging/DefaultLoggingConfiguration;.<clinit>()V> (0x00000000eefe92f0) 
thrown [t:/workspace/open/src/hotspot/share/prims/jni.cpp, line 1347]
Event: 11.655 Thread 0x000001df016f1000 Exception <a 'java/lang/NoSuchMethodError'{0x00000000eefff740}: static Lorg/gradle/internal/deprecation/LoggingDeprecatable;.<clinit>()V> (0x00000000eefff740) 
thrown [t:/workspace/open/src/hotspot/share/prims/jni.cpp, line 1347]
Event: 11.900 Thread 0x000001df7f941800 Exception <a 'java/lang/NoSuchMethodError'{0x00000000eec40b58}: 'void java.lang.invoke.DelegatingMethodHandle$Holder.reinvoke_L(java.lang.Object, java.lang.Object, java.lang.Object, java.lang.Object)'> (0x00000000eec40b58) 
thrown [t:/workspace/open/src/hotspot/share/interpreter/linkResolver.cpp, line 767]
Event: 11.917 Thread 0x000001df7f941800 Exception <a 'java/lang/NoSuchMethodError'{0x00000000eec747e0}: 'long java.lang.invoke.DirectMethodHandle$Holder.invokeInterface(java.lang.Object, java.lang.Object)'> (0x00000000eec747e0) 
thrown [t:/workspace/open/src/hotspot/share/interpreter/linkResolver.cpp, line 767]
Event: 11.925 Thread 0x000001df7f941800 Exception <a 'java/lang/NoSuchMethodError'{0x00000000eec92f40}: 'void java.lang.invoke.DelegatingMethodHandle$Holder.reinvoke_L(java.lang.Object, java.lang.Object, java.lang.Object, java.lang.Object, java.lang.Object, java.lang.Object, java.lang.Object)'> (0x00000000eec92f40) 
thrown [t:/workspace/open/src/hotspot/share/interpreter/linkResolver.cpp, line 767]
Event: 12.576 Thread 0x000001df7f941800 Exception <a 'java/lang/NoSuchMethodError'{0x00000000ee038dc8}: 'java.lang.Object java.lang.invoke.DirectMethodHandle$Holder.invokeVirtual(java.lang.Object, java.lang.Object, java.lang.Object)'> (0x00000000ee038dc8) 
thrown [t:/workspace/open/src/hotspot/share/interpreter/linkResolver.cpp, line 767]
Event: 13.957 Thread 0x000001df7f941800 Exception <a 'java/lang/NoSuchMethodError'{0x00000000ef808210}: 'java.lang.Object java.lang.invoke.DirectMethodHandle$Holder.invokeVirtual(java.lang.Object, java.lang.Object, java.lang.Object, java.lang.Object)'> (0x00000000ef808210) 
thrown [t:/workspace/open/src/hotspot/share/interpreter/linkResolver.cpp, line 767]

Events (20 events):
Event: 14.171 loading class org/gradle/internal/snapshot/impl/DefaultFileSystemMirror
Event: 14.171 loading class org/gradle/internal/snapshot/impl/DefaultFileSystemMirror done
Event: 14.172 loading class org/gradle/internal/service/scopes/GradleUserHomeScopeServices$1
Event: 14.172 loading class org/gradle/internal/service/scopes/GradleUserHomeScopeServices$1 done
Event: 14.172 loading class org/gradle/internal/execution/OutputChangeListener
Event: 14.172 loading class org/gradle/internal/execution/OutputChangeListener done
Event: 14.173 loading class org/gradle/internal/service/scopes/GradleUserHomeScopeServices$2
Event: 14.173 loading class org/gradle/internal/service/scopes/GradleUserHomeScopeServices$2 done
Event: 14.175 loading class org/gradle/internal/snapshot/impl/DefaultFileSystemSnapshotter
Event: 14.175 loading class org/gradle/internal/snapshot/impl/DefaultFileSystemSnapshotter done
Event: 14.177 loading class org/gradle/internal/snapshot/FileSystemLocationSnapshot
Event: 14.177 loading class org/gradle/internal/snapshot/FileSystemLocationSnapshot done
Event: 14.178 loading class org/gradle/internal/snapshot/FileSystemSnapshot
Event: 14.178 loading class org/gradle/internal/snapshot/FileSystemSnapshot done
Event: 14.179 loading class org/apache/tools/ant/DirectoryScanner
Event: 14.179 loading class org/apache/tools/ant/DirectoryScanner done
Event: 14.182 loading class org/apache/tools/ant/FileScanner
Event: 14.182 loading class org/apache/tools/ant/FileScanner done
Event: 14.183 loading class org/apache/tools/ant/types/selectors/SelectorScanner
Event: 14.183 loading class org/apache/tools/ant/types/selectors/SelectorScanner done


Dynamic libraries:
0x00007ff7d8430000 - 0x00007ff7d843d000 	C:\Program Files\Java\jdk-13.0.1\bin\java.exe
0x00007ffc00860000 - 0x00007ffc00a4d000 	C:\WINDOWS\SYSTEM32\ntdll.dll
0x00007ffbff430000 - 0x00007ffbff4e3000 	C:\WINDOWS\System32\KERNEL32.DLL
0x00007ffbfd170000 - 0x00007ffbfd403000 	C:\WINDOWS\System32\KERNELBASE.dll
0x00007ffbfd990000 - 0x00007ffbfda8a000 	C:\WINDOWS\System32\ucrtbase.dll
0x00007ffbf9220000 - 0x00007ffbf9238000 	C:\Program Files\Java\jdk-13.0.1\bin\jli.dll
0x00007ffbfef80000 - 0x00007ffbff117000 	C:\WINDOWS\System32\USER32.dll
0x00007ffbfd150000 - 0x00007ffbfd170000 	C:\WINDOWS\System32\win32u.dll
0x00007ffbffd70000 - 0x00007ffbffd99000 	C:\WINDOWS\System32\GDI32.dll
0x00007ffbfd7f0000 - 0x00007ffbfd98a000 	C:\WINDOWS\System32\gdi32full.dll
0x00007ffbfd080000 - 0x00007ffbfd120000 	C:\WINDOWS\System32\msvcp_win.dll
0x00007ffbf91c0000 - 0x00007ffbf91d5000 	C:\Program Files\Java\jdk-13.0.1\bin\VCRUNTIME140.dll
0x00007ffbee480000 - 0x00007ffbee6f9000 	C:\WINDOWS\WinSxS\amd64_microsoft.windows.common-controls_6595b64144ccf1df_6.0.17763.529_none_05b84068071c8d5a\COMCTL32.dll
0x00007ffbffad0000 - 0x00007ffbffb6e000 	C:\WINDOWS\System32\msvcrt.dll
0x00007ffbffda0000 - 0x00007ffc000cc000 	C:\WINDOWS\System32\combase.dll
0x00007ffc003f0000 - 0x00007ffc00512000 	C:\WINDOWS\System32\RPCRT4.dll
0x00007ffbfd410000 - 0x00007ffbfd48e000 	C:\WINDOWS\System32\bcryptPrimitives.dll
0x00007ffbff400000 - 0x00007ffbff42e000 	C:\WINDOWS\System32\IMM32.DLL
0x00007ffbf9120000 - 0x00007ffbf91bb000 	C:\Program Files\Java\jdk-13.0.1\bin\msvcp140.dll
0x00007ffbc13b0000 - 0x00007ffbc1f16000 	C:\Program Files\Java\jdk-13.0.1\bin\server\jvm.dll
0x00007ffbff2e0000 - 0x00007ffbff383000 	C:\WINDOWS\System32\ADVAPI32.dll
0x00007ffc00520000 - 0x00007ffc005be000 	C:\WINDOWS\System32\sechost.dll
0x00007ffc00690000 - 0x00007ffc00698000 	C:\WINDOWS\System32\PSAPI.DLL
0x00007ffbe9e40000 - 0x00007ffbe9e49000 	C:\WINDOWS\SYSTEM32\WSOCK32.dll
0x00007ffbff390000 - 0x00007ffbff3fd000 	C:\WINDOWS\System32\WS2_32.dll
0x00007ffbfa570000 - 0x00007ffbfa594000 	C:\WINDOWS\SYSTEM32\WINMM.dll
0x00007ffbf6d00000 - 0x00007ffbf6d0a000 	C:\WINDOWS\SYSTEM32\VERSION.dll
0x00007ffbfa540000 - 0x00007ffbfa56d000 	C:\WINDOWS\SYSTEM32\WINMMBASE.dll
0x00007ffbfd7a0000 - 0x00007ffbfd7ea000 	C:\WINDOWS\System32\cfgmgr32.dll
0x00007ffbfc860000 - 0x00007ffbfc871000 	C:\WINDOWS\System32\kernel.appcore.dll
0x00007ffbf8bf0000 - 0x00007ffbf8c00000 	C:\Program Files\Java\jdk-13.0.1\bin\verify.dll
0x00007ffbe8730000 - 0x00007ffbe891d000 	C:\WINDOWS\SYSTEM32\DBGHELP.DLL
0x00007ffbe8210000 - 0x00007ffbe823a000 	C:\WINDOWS\SYSTEM32\dbgcore.DLL
0x00007ffbf8bc0000 - 0x00007ffbf8be6000 	C:\Program Files\Java\jdk-13.0.1\bin\java.dll
0x00007ffbf5360000 - 0x00007ffbf5377000 	C:\Program Files\Java\jdk-13.0.1\bin\zip.dll
0x00007ffbf8bb0000 - 0x00007ffbf8bba000 	C:\Program Files\Java\jdk-13.0.1\bin\jimage.dll
0x00007ffbfda90000 - 0x00007ffbfef80000 	C:\WINDOWS\System32\SHELL32.dll
0x00007ffbffa20000 - 0x00007ffbffac8000 	C:\WINDOWS\System32\shcore.dll
0x00007ffbfc930000 - 0x00007ffbfd07a000 	C:\WINDOWS\System32\windows.storage.dll
0x00007ffbfc900000 - 0x00007ffbfc924000 	C:\WINDOWS\System32\profapi.dll
0x00007ffbfc880000 - 0x00007ffbfc8dd000 	C:\WINDOWS\System32\powrprof.dll
0x00007ffc00630000 - 0x00007ffc00682000 	C:\WINDOWS\System32\shlwapi.dll
0x00007ffbfd490000 - 0x00007ffbfd4a7000 	C:\WINDOWS\System32\cryptsp.dll
0x00007ffbf10d0000 - 0x00007ffbf10e9000 	C:\Program Files\Java\jdk-13.0.1\bin\net.dll
0x00007ffbf7bc0000 - 0x00007ffbf7cb1000 	C:\WINDOWS\SYSTEM32\WINHTTP.dll
0x00007ffbfc0e0000 - 0x00007ffbfc147000 	C:\WINDOWS\system32\mswsock.dll
0x00007ffbf1050000 - 0x00007ffbf1063000 	C:\Program Files\Java\jdk-13.0.1\bin\nio.dll
0x00007ffbc8c20000 - 0x00007ffbc8c46000 	C:\Users\Marvin\.gradle\native\30\windows-amd64\native-platform.dll
0x00007ffbf5420000 - 0x00007ffbf5429000 	C:\Program Files\Java\jdk-13.0.1\bin\management.dll
0x00007ffbf49f0000 - 0x00007ffbf49fb000 	C:\Program Files\Java\jdk-13.0.1\bin\management_ext.dll
0x00007ffbfbca0000 - 0x00007ffbfbcd3000 	C:\WINDOWS\system32\rsaenh.dll
0x00007ffbfd120000 - 0x00007ffbfd146000 	C:\WINDOWS\System32\bcrypt.dll
0x00007ffbfc790000 - 0x00007ffbfc7b8000 	C:\WINDOWS\SYSTEM32\USERENV.dll
0x00007ffbfc2b0000 - 0x00007ffbfc2bc000 	C:\WINDOWS\SYSTEM32\CRYPTBASE.dll
0x00007ffbfbe40000 - 0x00007ffbfbe7d000 	C:\WINDOWS\SYSTEM32\IPHLPAPI.DLL
0x00007ffbff120000 - 0x00007ffbff128000 	C:\WINDOWS\System32\NSI.dll
0x00007ffbf2a30000 - 0x00007ffbf2a46000 	C:\WINDOWS\SYSTEM32\dhcpcsvc6.DLL
0x00007ffbf2a10000 - 0x00007ffbf2a2c000 	C:\WINDOWS\SYSTEM32\dhcpcsvc.DLL
0x00007ffbfbe80000 - 0x00007ffbfbf46000 	C:\WINDOWS\SYSTEM32\DNSAPI.dll

dbghelp: loaded successfully - version: 4.0.5 - missing functions: none
symbol engine: initialized successfully - sym options: 0x614 - pdb path: .;C:\Program Files\Java\jdk-13.0.1\bin;C:\WINDOWS\SYSTEM32;C:\WINDOWS\WinSxS\amd64_microsoft.windows.common-controls_6595b64144ccf1df_6.0.17763.529_none_05b84068071c8d5a;C:\Program Files\Java\jdk-13.0.1\bin\server;C:\Users\Marvin\.gradle\native\30\windows-amd64

VM Arguments:
jvm_args: --add-opens=java.base/java.util=ALL-UNNAMED --add-opens=java.base/java.lang=ALL-UNNAMED --add-opens=java.base/java.lang.invoke=ALL-UNNAMED --add-opens=java.prefs/java.util.prefs=ALL-UNNAMED -XX:MaxMetaspaceSize=256m -XX:+HeapDumpOnOutOfMemoryError -Xms256m -Xmx512m -Dfile.encoding=windows-1252 -Duser.country=US -Duser.language=en -Duser.variant 
java_command: org.gradle.launcher.daemon.bootstrap.GradleDaemon 6.0
java_class_path (initial): C:\Gradle\gradle-6.0\lib\gradle-launcher-6.0.jar
Launcher Type: SUN_STANDARD

[Global flags]
     intx CICompilerCount                          = 3                                         {product} {ergonomic}
   size_t CompressedClassSpaceSize                 = 260046848                                 {product} {ergonomic}
     uint ConcGCThreads                            = 1                                         {product} {ergonomic}
     uint G1ConcRefinementThreads                  = 4                                         {product} {ergonomic}
   size_t G1HeapRegionSize                         = 1048576                                   {product} {ergonomic}
    uintx GCDrainStackTargetSize                   = 64                                        {product} {ergonomic}
     bool HeapDumpOnOutOfMemoryError               = true                                   {manageable} {command line}
   size_t InitialHeapSize                          = 268435456                                 {product} {command line}
   size_t MarkStackSize                            = 4194304                                   {product} {ergonomic}
   size_t MaxHeapSize                              = 536870912                                 {product} {command line}
   size_t MaxMetaspaceSize                         = 268435456                                 {product} {command line}
   size_t MaxNewSize                               = 321912832                                 {product} {ergonomic}
   size_t MinHeapDeltaBytes                        = 1048576                                   {product} {ergonomic}
   size_t MinHeapSize                              = 268435456                                 {product} {command line}
    uintx NonNMethodCodeHeapSize                   = 5830732                                {pd product} {ergonomic}
    uintx NonProfiledCodeHeapSize                  = 122913754                              {pd product} {ergonomic}
    uintx ProfiledCodeHeapSize                     = 122913754                              {pd product} {ergonomic}
    uintx ReservedCodeCacheSize                    = 251658240                              {pd product} {ergonomic}
     bool SegmentedCodeCache                       = true                                      {product} {ergonomic}
   size_t SoftMaxHeapSize                          = 536870912                              {manageable} {ergonomic}
     bool UseCompressedClassPointers               = true                                 {lp64_product} {ergonomic}
     bool UseCompressedOops                        = true                                 {lp64_product} {ergonomic}
     bool UseG1GC                                  = true                                      {product} {ergonomic}
     bool UseLargePagesIndividualAllocation        = false                                  {pd product} {ergonomic}

Logging:
Log output configuration:
 #0: stdout all=warning uptime,level,tags
 #1: stderr all=off uptime,level,tags

Environment Variables:
JAVA_HOME=C:\Program Files\Java\jdk-14
PATH=C:\ProgramData\DockerDesktop\version-bin;C:\Program Files\Docker\Docker\Resources\bin;C:\WINDOWS\system32;C:\WINDOWS;C:\WINDOWS\System32\Wbem;C:\WINDOWS\System32\WindowsPowerShell\v1.0\;C:\WINDOWS\System32\OpenSSH\;C:\Program Files\Microsoft VS Code Insiders\bin;C:\Program Files\nodejs\;C:\ProgramData\chocolatey\bin;C:\Program Files (x86)\Bitvise SSH Client;C:\Program Files\dotnet\;C:\Program Files\Microsoft SQL Server\130\Tools\Binn\;C:\Program Files\Microsoft SQL Server\Client SDK\ODBC\170\Tools\Binn\;C:\Program Files (x86)\Windows Kits\10\Windows Performance Toolkit\;C:\Program Files\Git\cmd;C:\Program Files (x86)\Gpg4win\..\GnuPG\bin;C:\Go\bin;C:\Users\Marvin\AppData\Local\Programs\Python\Python36\Scripts\;C:\Users\Marvin\AppData\Local\Programs\Python\Python36\;C:\Program Files\Java\jdk-12.0.1\bin;C:\MinGW\bin;C:\Users\Marvin\.cargo\bin;C:\Users\Marvin\AppData\Local\Microsoft\WindowsApps;C:\Users\Marvin\AppData\Roaming\npm;C:\Users\Marvin\AppData\Local\atom\bin;C:\GNUstep\GNUstep\System\Tools;C:\GNUstep\bin;C:\Program Files\JetBrains\IntelliJ IDEA EAP\bin;;C:\Gradle\gradle-5.5.1\bin;C:\Program Files\JetBrains\JetBrains Rider 2019.2.1\bin;;C:\Program Files\JetBrains\GoLand 2019.2\bin;;C:\Program Files\JetBrains\PyCharm 2019.2.3\bin;;C:\Users\Marvin\AppData\Local\Programs\MiKTeX 2.9\miktex\bin\x64\;C:\sqlite;C:\Users\Marvin\go\bin
USERNAME=Marvin
OS=Windows_NT
PROCESSOR_IDENTIFIER=AMD64 Family 21 Model 19 Stepping 1, AuthenticAMD



---------------  S Y S T E M  ---------------

OS: Windows 10 , 64 bit Build 17763 (10.0.17763.475)

CPU:total 4 (initial active 4) (4 cores per cpu, 1 threads per core) family 21 model 19 stepping 1, cmov, cx8, fxsr, mmx, sse, sse2, sse3, ssse3, sse4.1, sse4.2, popcnt, avx, aes, clmul, mmxext, 3dnowpref, lzcnt, sse4a, tsc, tscinvbit, tscinv, bmi1, fma

Memory: 4k page, system-wide physical 9412M (2535M free)
TotalPageFile size 11460M (AvailPageFile size 4M)
current process WorkingSet (physical memory assigned to process): 129M, peak: 129M
current process commit charge ("private bytes"): 377M, peak: 377M

vm_info: OpenJDK 64-Bit Server VM (13.0.1+9) for windows-amd64 JRE (13.0.1+9), built on Oct  6 2019 12:39:43 by "mach5one" with unknown MS VC++:1916

END.
