#
# There is insufficient memory for the Java Runtime Environment to continue.
# Native memory allocation (mmap) failed to map 31457280 bytes for Failed to commit area from 0x0000000776200000 to 0x0000000778000000 of length 31457280.
# Possible reasons:
#   The system is out of physical RAM or swap space
#   The process is running with CompressedOops enabled, and the Java Heap may be blocking the growth of the native heap
# Possible solutions:
#   Reduce memory load on the system
#   Increase physical memory or swap space
#   Check if swap backing store is full
#   Decrease Java heap size (-Xmx/-Xms)
#   Decrease number of Java threads
#   Decrease Java thread stack sizes (-Xss)
#   Set larger code cache with -XX:ReservedCodeCacheSize=
#   JVM is running with Zero Based Compressed Oops mode in which the Java heap is
#     placed in the first 32GB address space. The Java Heap base address is the
#     maximum limit for the native heap growth. Please use -XX:HeapBaseMinAddress
#     to set the Java Heap base and to place the Java Heap above 32GB virtual address.
# This output file may be truncated or incomplete.
#
#  Out of Memory Error (t:/workspace/open/src/hotspot/os/windows/os_windows.cpp:3301), pid=5508, tid=10708
#
# JRE version: OpenJDK Runtime Environment (13.0+32) (build 13-ea+32)
# Java VM: OpenJDK 64-Bit Server VM (13-ea+32, mixed mode, sharing, tiered, compressed oops, g1 gc, windows-amd64)
# No core dump will be written. Minidumps are not enabled by default on client versions of Windows
#

---------------  S U M M A R Y ------------

Command Line: -Dvisualvm.id=14048954065600 -javaagent:C:\Program Files\JetBrains\IntelliJ IDEA EAP\lib\idea_rt.jar=65446:C:\Program Files\JetBrains\IntelliJ IDEA EAP\bin -Dfile.encoding=UTF-8 com.fortuneteller.dclient.PilotKt

Host: AMD A10-5745M APU with Radeon(tm) HD Graphics  , 4 cores, 9G,  Windows 10 , 64 bit Build 17763 (10.0.17763.475)
Time: Tue Dec 31 22:47:31 2019 Taipei Standard Time elapsed time: 10 seconds (0d 0h 0m 10s)

---------------  T H R E A D  ---------------

Current thread (0x000001b92b53d800):  VMThread "VM Thread" [stack: 0x000000b171900000,0x000000b171a00000] [id=10708]

Stack: [0x000000b171900000,0x000000b171a00000]
[error occurred during error reporting (printing stack bounds), id 0xc0000005, EXCEPTION_ACCESS_VIOLATION (0xc0000005) at pc=0x000001b9147c10ad]

Native frames: (J=compiled Java code, j=interpreted, Vv=VM code, C=native code)
V  [jvm.dll+0x626fda]
V  [jvm.dll+0x772d7a]
V  [jvm.dll+0x77452f]
V  [jvm.dll+0x774a95]
V  [jvm.dll+0x774a4b]
V  [jvm.dll+0x62680f]
C  [ntdll.dll+0x66b26]
C  [ntdll.dll+0x4849]
C  [ntdll.dll+0xa34ee]
C  0x000001b9147c10ad

VM_Operation (0x000000b1725fe150): G1CollectForAllocation, mode: safepoint, requested by thread 0x000001b92ca33000


---------------  P R O C E S S  ---------------

Threads class SMR info:
_java_thread_list=0x000001b92c8f2ef0, length=19, elements={
0x000001b90c2e5800, 0x000001b92b541800, 0x000001b92b546800, 0x000001b92b55e000,
0x000001b92b561000, 0x000001b92b563000, 0x000001b92b57d800, 0x000001b92bed7000,
0x000001b92b526800, 0x000001b92c118000, 0x000001b92c27c800, 0x000001b92ca33000,
0x000001b933546800, 0x000001b92ca47000, 0x000001b92dc98000, 0x000001b92d9e6000,
0x000001b93341c800, 0x000001b92dfaf800, 0x000001b92dfb0000
}

Java Threads: ( => current thread )
  0x000001b90c2e5800 JavaThread "main" [_thread_blocked, id=620, stack(0x000000b171300000,0x000000b171400000)]
  0x000001b92b541800 JavaThread "Reference Handler" daemon [_thread_blocked, id=10488, stack(0x000000b171a00000,0x000000b171b00000)]
  0x000001b92b546800 JavaThread "Finalizer" daemon [_thread_blocked, id=2480, stack(0x000000b171b00000,0x000000b171c00000)]
  0x000001b92b55e000 JavaThread "Signal Dispatcher" daemon [_thread_blocked, id=10460, stack(0x000000b171c00000,0x000000b171d00000)]
  0x000001b92b561000 JavaThread "Attach Listener" daemon [_thread_blocked, id=11032, stack(0x000000b171d00000,0x000000b171e00000)]
  0x000001b92b563000 JavaThread "C2 CompilerThread0" daemon [_thread_blocked, id=6788, stack(0x000000b171e00000,0x000000b171f00000)]
  0x000001b92b57d800 JavaThread "C1 CompilerThread0" daemon [_thread_blocked, id=2260, stack(0x000000b171f00000,0x000000b172000000)]
  0x000001b92bed7000 JavaThread "Sweeper thread" daemon [_thread_blocked, id=3520, stack(0x000000b172000000,0x000000b172100000)]
  0x000001b92b526800 JavaThread "Common-Cleaner" daemon [_thread_blocked, id=11180, stack(0x000000b172100000,0x000000b172200000)]
  0x000001b92c118000 JavaThread "Monitor Ctrl-Break" daemon [_thread_in_native, id=3800, stack(0x000000b172200000,0x000000b172300000)]
  0x000001b92c27c800 JavaThread "Service Thread" daemon [_thread_blocked, id=10852, stack(0x000000b172300000,0x000000b172400000)]
  0x000001b92ca33000 JavaThread "ClassGraph-worker-8" daemon [_thread_blocked, id=4888, stack(0x000000b172500000,0x000000b172600000)]
  0x000001b933546800 JavaThread "ClassGraph-worker-9" daemon [_thread_blocked, id=8632, stack(0x000000b172600000,0x000000b172700000)]
  0x000001b92ca47000 JavaThread "ClassGraph-worker-10" daemon [_thread_blocked, id=9060, stack(0x000000b172700000,0x000000b172800000)]
  0x000001b92dc98000 JavaThread "ClassGraph-worker-11" daemon [_thread_blocked, id=8876, stack(0x000000b172800000,0x000000b172900000)]
  0x000001b92d9e6000 JavaThread "ClassGraph-worker-12" daemon [_thread_blocked, id=10912, stack(0x000000b172900000,0x000000b172a00000)]
  0x000001b93341c800 JavaThread "ClassGraph-worker-13" daemon [_thread_blocked, id=10984, stack(0x000000b172a00000,0x000000b172b00000)]
  0x000001b92dfaf800 JavaThread "ClassGraph-worker-14" daemon [_thread_blocked, id=2280, stack(0x000000b172b00000,0x000000b172c00000)]
  0x000001b92dfb0000 JavaThread "ClassGraph-worker-15" daemon [_thread_blocked, id=5976, stack(0x000000b172c00000,0x000000b172d00000)]

Other Threads:
=>0x000001b92b53d800 VMThread "VM Thread" [stack: 0x000000b171900000,0x000000b171a00000] [id=10708]
  0x000001b92c27d800 WatcherThread [stack: 0x000000b172400000,0x000000b172500000] [id=6888]
  0x000001b90a22e800 GCTaskThread "GC Thread#0" [stack: 0x000000b171400000,0x000000b171500000] [id=7496]
  0x000001b92c93c800 GCTaskThread "GC Thread#1" [stack: 0x000000b172d00000,0x000000b172e00000] [id=10572]
  0x000001b92c93d000 GCTaskThread "GC Thread#2" [stack: 0x000000b172e00000,0x000000b172f00000] [id=10816]
  0x000001b90c343800 ConcurrentGCThread "G1 Main Marker" [stack: 0x000000b171500000,0x000000b171600000] [id=10868]
  0x000001b90c345800 ConcurrentGCThread "G1 Conc#0" [stack: 0x000000b171600000,0x000000b171700000] [id=8764]
  0x000001b92b3b9800 ConcurrentGCThread "G1 Refine#0" [stack: 0x000000b171700000,0x000000b171800000] [id=3120]
  0x000001b92c948000 ConcurrentGCThread "G1 Refine#1" [stack: 0x000000b172f00000,0x000000b173000000] [id=5380]
  0x000001b92c979000 ConcurrentGCThread "G1 Refine#2" [stack: 0x000000b173000000,0x000000b173100000] [id=4124]
  0x000001b92b3bd000 ConcurrentGCThread "G1 Young RemSet Sampling" [stack: 0x000000b171800000,0x000000b171900000] [id=10440]

Threads with active compile tasks:
C2 CompilerThread0    11213 1424   !   4       io.github.classgraph.ClasspathElementZip::open (1089 bytes)

VM state:at safepoint (normal execution)

VM Mutex/Monitor currently owned by a thread:  ([mutex/lock_event])
[0x000001b90c2e1eb0] Threads_lock - owner thread: 0x000001b92b53d800
[0x000001b90c2e1ac0] Heap_lock - owner thread: 0x000001b92ca33000

Heap address: 0x000000076ce00000, size: 2354 MB, Compressed Oops mode: Zero based, Oop shift amount: 3
Narrow klass base: 0x0000000800000000, Narrow klass shift: 3
Compressed class space size: 1073741824 Address: 0x0000000800b40000

Heap:
 garbage-first heap   total 182272K, used 28513K [0x000000076ce00000, 0x0000000800000000)
  region size 1024K, 3 young (3072K), 3 survivors (3072K)
 Metaspace       used 6773K, capacity 8087K, committed 8320K, reserved 1056768K
  class space    used 586K, capacity 802K, committed 896K, reserved 1048576K
Heap Regions: E=young(eden), S=young(survivor), O=old, HS=humongous(starts), HC=humongous(continues), CS=collection set, F=free, A=archive, TAMS=top-at-mark-start (previous, next)
|   0|0x000000076ce00000, 0x000000076cf00000, 0x000000076cf00000|100%|HS|  |TAMS 0x000000076ce00000, 0x000000076ce00000| Complete 
|   1|0x000000076cf00000, 0x000000076d000000, 0x000000076d000000|100%|HC|  |TAMS 0x000000076cf00000, 0x000000076cf00000| Complete 
|   2|0x000000076d000000, 0x000000076d100000, 0x000000076d100000|100%|HC|  |TAMS 0x000000076d000000, 0x000000076d000000| Complete 
|   3|0x000000076d100000, 0x000000076d200000, 0x000000076d200000|100%| O|  |TAMS 0x000000076d100000, 0x000000076d100000| Untracked 
|   4|0x000000076d200000, 0x000000076d300000, 0x000000076d300000|100%| O|  |TAMS 0x000000076d200000, 0x000000076d200000| Untracked 
|   5|0x000000076d300000, 0x000000076d400000, 0x000000076d400000|100%| O|  |TAMS 0x000000076d300000, 0x000000076d300000| Untracked 
|   6|0x000000076d400000, 0x000000076d500000, 0x000000076d500000|100%| O|  |TAMS 0x000000076d400000, 0x000000076d400000| Untracked 
|   7|0x000000076d500000, 0x000000076d600000, 0x000000076d600000|100%| O|  |TAMS 0x000000076d500000, 0x000000076d500000| Untracked 
|   8|0x000000076d600000, 0x000000076d700000, 0x000000076d700000|100%| O|  |TAMS 0x000000076d600000, 0x000000076d600000| Untracked 
|   9|0x000000076d700000, 0x000000076d800000, 0x000000076d800000|100%| O|  |TAMS 0x000000076d700000, 0x000000076d700000| Untracked 
|  10|0x000000076d800000, 0x000000076d900000, 0x000000076d900000|100%| O|  |TAMS 0x000000076d800000, 0x000000076d800000| Untracked 
|  11|0x000000076d900000, 0x000000076da00000, 0x000000076da00000|100%| O|  |TAMS 0x000000076d900000, 0x000000076d900000| Untracked 
|  12|0x000000076da00000, 0x000000076db00000, 0x000000076db00000|100%| O|  |TAMS 0x000000076da00000, 0x000000076da00000| Untracked 
|  13|0x000000076db00000, 0x000000076dc00000, 0x000000076dc00000|100%| O|  |TAMS 0x000000076db00000, 0x000000076db00000| Untracked 
|  14|0x000000076dc00000, 0x000000076dd00000, 0x000000076dd00000|100%| O|  |TAMS 0x000000076dc00000, 0x000000076dc00000| Untracked 
|  15|0x000000076dd00000, 0x000000076de00000, 0x000000076de00000|100%| O|  |TAMS 0x000000076dd00000, 0x000000076dd00000| Untracked 
|  16|0x000000076de00000, 0x000000076df00000, 0x000000076df00000|100%| O|  |TAMS 0x000000076de00000, 0x000000076de00000| Untracked 
|  17|0x000000076df00000, 0x000000076e000000, 0x000000076e000000|100%| O|  |TAMS 0x000000076df00000, 0x000000076df00000| Untracked 
|  18|0x000000076e000000, 0x000000076e100000, 0x000000076e100000|100%| O|  |TAMS 0x000000076e000000, 0x000000076e000000| Untracked 
|  19|0x000000076e100000, 0x000000076e200000, 0x000000076e200000|100%|HS|  |TAMS 0x000000076e100000, 0x000000076e100000| Complete 
|  20|0x000000076e200000, 0x000000076e300000, 0x000000076e300000|100%|HC|  |TAMS 0x000000076e200000, 0x000000076e200000| Complete 
|  21|0x000000076e300000, 0x000000076e400000, 0x000000076e400000|100%|HC|  |TAMS 0x000000076e300000, 0x000000076e300000| Complete 
|  22|0x000000076e400000, 0x000000076e500000, 0x000000076e500000|100%| O|  |TAMS 0x000000076e400000, 0x000000076e400000| Untracked 
|  23|0x000000076e500000, 0x000000076e600000, 0x000000076e600000|100%| O|  |TAMS 0x000000076e500000, 0x000000076e500000| Untracked 
|  24|0x000000076e600000, 0x000000076e6d8400, 0x000000076e700000| 84%| O|  |TAMS 0x000000076e600000, 0x000000076e600000| Untracked 
|  25|0x000000076e700000, 0x000000076e700000, 0x000000076e800000|  0%| F|  |TAMS 0x000000076e700000, 0x000000076e700000| Untracked 
|  26|0x000000076e800000, 0x000000076e800000, 0x000000076e900000|  0%| F|  |TAMS 0x000000076e800000, 0x000000076e800000| Untracked 
|  27|0x000000076e900000, 0x000000076e900000, 0x000000076ea00000|  0%| F|  |TAMS 0x000000076e900000, 0x000000076e900000| Untracked 
|  28|0x000000076ea00000, 0x000000076ea00000, 0x000000076eb00000|  0%| F|  |TAMS 0x000000076ea00000, 0x000000076ea00000| Untracked 
|  29|0x000000076eb00000, 0x000000076eb00000, 0x000000076ec00000|  0%| F|  |TAMS 0x000000076eb00000, 0x000000076eb00000| Untracked 
|  30|0x000000076ec00000, 0x000000076ec00000, 0x000000076ed00000|  0%| F|  |TAMS 0x000000076ec00000, 0x000000076ec00000| Untracked 
|  31|0x000000076ed00000, 0x000000076ed00000, 0x000000076ee00000|  0%| F|  |TAMS 0x000000076ed00000, 0x000000076ed00000| Untracked 
|  32|0x000000076ee00000, 0x000000076ee00000, 0x000000076ef00000|  0%| F|  |TAMS 0x000000076ee00000, 0x000000076ee00000| Untracked 
|  33|0x000000076ef00000, 0x000000076ef00000, 0x000000076f000000|  0%| F|  |TAMS 0x000000076ef00000, 0x000000076ef00000| Untracked 
|  34|0x000000076f000000, 0x000000076f000000, 0x000000076f100000|  0%| F|  |TAMS 0x000000076f000000, 0x000000076f000000| Untracked 
|  35|0x000000076f100000, 0x000000076f100000, 0x000000076f200000|  0%| F|  |TAMS 0x000000076f100000, 0x000000076f100000| Untracked 
|  36|0x000000076f200000, 0x000000076f200000, 0x000000076f300000|  0%| F|  |TAMS 0x000000076f200000, 0x000000076f200000| Untracked 
|  37|0x000000076f300000, 0x000000076f300000, 0x000000076f400000|  0%| F|  |TAMS 0x000000076f300000, 0x000000076f300000| Untracked 
|  38|0x000000076f400000, 0x000000076f400000, 0x000000076f500000|  0%| F|  |TAMS 0x000000076f400000, 0x000000076f400000| Untracked 
|  39|0x000000076f500000, 0x000000076f500000, 0x000000076f600000|  0%| F|  |TAMS 0x000000076f500000, 0x000000076f500000| Untracked 
|  40|0x000000076f600000, 0x000000076f600000, 0x000000076f700000|  0%| F|  |TAMS 0x000000076f600000, 0x000000076f600000| Untracked 
|  41|0x000000076f700000, 0x000000076f700000, 0x000000076f800000|  0%| F|  |TAMS 0x000000076f700000, 0x000000076f700000| Untracked 
|  42|0x000000076f800000, 0x000000076f800000, 0x000000076f900000|  0%| F|  |TAMS 0x000000076f800000, 0x000000076f800000| Untracked 
|  43|0x000000076f900000, 0x000000076f900000, 0x000000076fa00000|  0%| F|  |TAMS 0x000000076f900000, 0x000000076f900000| Untracked 
|  44|0x000000076fa00000, 0x000000076fa00000, 0x000000076fb00000|  0%| F|  |TAMS 0x000000076fa00000, 0x000000076fa00000| Untracked 
|  45|0x000000076fb00000, 0x000000076fb00000, 0x000000076fc00000|  0%| F|  |TAMS 0x000000076fb00000, 0x000000076fb00000| Untracked 
|  46|0x000000076fc00000, 0x000000076fc00000, 0x000000076fd00000|  0%| F|  |TAMS 0x000000076fc00000, 0x000000076fc00000| Untracked 
|  47|0x000000076fd00000, 0x000000076fd00000, 0x000000076fe00000|  0%| F|  |TAMS 0x000000076fd00000, 0x000000076fd00000| Untracked 
|  48|0x000000076fe00000, 0x000000076fe00000, 0x000000076ff00000|  0%| F|  |TAMS 0x000000076fe00000, 0x000000076fe00000| Untracked 
|  49|0x000000076ff00000, 0x000000076ff00000, 0x0000000770000000|  0%| F|  |TAMS 0x000000076ff00000, 0x000000076ff00000| Untracked 
|  50|0x0000000770000000, 0x0000000770000000, 0x0000000770100000|  0%| F|  |TAMS 0x0000000770000000, 0x0000000770000000| Untracked 
|  51|0x0000000770100000, 0x0000000770100000, 0x0000000770200000|  0%| F|  |TAMS 0x0000000770100000, 0x0000000770100000| Untracked 
|  52|0x0000000770200000, 0x0000000770200000, 0x0000000770300000|  0%| F|  |TAMS 0x0000000770200000, 0x0000000770200000| Untracked 
|  53|0x0000000770300000, 0x0000000770300000, 0x0000000770400000|  0%| F|  |TAMS 0x0000000770300000, 0x0000000770300000| Untracked 
|  54|0x0000000770400000, 0x0000000770400000, 0x0000000770500000|  0%| F|  |TAMS 0x0000000770400000, 0x0000000770400000| Untracked 
|  55|0x0000000770500000, 0x0000000770500000, 0x0000000770600000|  0%| F|  |TAMS 0x0000000770500000, 0x0000000770500000| Untracked 
|  56|0x0000000770600000, 0x0000000770600000, 0x0000000770700000|  0%| F|  |TAMS 0x0000000770600000, 0x0000000770600000| Untracked 
|  57|0x0000000770700000, 0x0000000770700000, 0x0000000770800000|  0%| F|  |TAMS 0x0000000770700000, 0x0000000770700000| Untracked 
|  58|0x0000000770800000, 0x0000000770800000, 0x0000000770900000|  0%| F|  |TAMS 0x0000000770800000, 0x0000000770800000| Untracked 
|  59|0x0000000770900000, 0x0000000770900000, 0x0000000770a00000|  0%| F|  |TAMS 0x0000000770900000, 0x0000000770900000| Untracked 
|  60|0x0000000770a00000, 0x0000000770a00000, 0x0000000770b00000|  0%| F|  |TAMS 0x0000000770a00000, 0x0000000770a00000| Untracked 
|  61|0x0000000770b00000, 0x0000000770b00000, 0x0000000770c00000|  0%| F|  |TAMS 0x0000000770b00000, 0x0000000770b00000| Untracked 
|  62|0x0000000770c00000, 0x0000000770c00000, 0x0000000770d00000|  0%| F|  |TAMS 0x0000000770c00000, 0x0000000770c00000| Untracked 
|  63|0x0000000770d00000, 0x0000000770d00000, 0x0000000770e00000|  0%| F|  |TAMS 0x0000000770d00000, 0x0000000770d00000| Untracked 
|  64|0x0000000770e00000, 0x0000000770e00000, 0x0000000770f00000|  0%| F|  |TAMS 0x0000000770e00000, 0x0000000770e00000| Untracked 
|  65|0x0000000770f00000, 0x0000000770f00000, 0x0000000771000000|  0%| F|  |TAMS 0x0000000770f00000, 0x0000000770f00000| Untracked 
|  66|0x0000000771000000, 0x0000000771000000, 0x0000000771100000|  0%| F|  |TAMS 0x0000000771000000, 0x0000000771000000| Untracked 
|  67|0x0000000771100000, 0x0000000771100000, 0x0000000771200000|  0%| F|  |TAMS 0x0000000771100000, 0x0000000771100000| Untracked 
|  68|0x0000000771200000, 0x0000000771200000, 0x0000000771300000|  0%| F|  |TAMS 0x0000000771200000, 0x0000000771200000| Untracked 
|  69|0x0000000771300000, 0x0000000771300000, 0x0000000771400000|  0%| F|  |TAMS 0x0000000771300000, 0x0000000771300000| Untracked 
|  70|0x0000000771400000, 0x0000000771400000, 0x0000000771500000|  0%| F|  |TAMS 0x0000000771400000, 0x0000000771400000| Untracked 
|  71|0x0000000771500000, 0x0000000771500000, 0x0000000771600000|  0%| F|  |TAMS 0x0000000771500000, 0x0000000771500000| Untracked 
|  72|0x0000000771600000, 0x0000000771600000, 0x0000000771700000|  0%| F|  |TAMS 0x0000000771600000, 0x0000000771600000| Untracked 
|  73|0x0000000771700000, 0x0000000771700000, 0x0000000771800000|  0%| F|  |TAMS 0x0000000771700000, 0x0000000771700000| Untracked 
|  74|0x0000000771800000, 0x0000000771800000, 0x0000000771900000|  0%| F|  |TAMS 0x0000000771800000, 0x0000000771800000| Untracked 
|  75|0x0000000771900000, 0x0000000771900000, 0x0000000771a00000|  0%| F|  |TAMS 0x0000000771900000, 0x0000000771900000| Untracked 
|  76|0x0000000771a00000, 0x0000000771a00000, 0x0000000771b00000|  0%| F|  |TAMS 0x0000000771a00000, 0x0000000771a00000| Untracked 
|  77|0x0000000771b00000, 0x0000000771b00000, 0x0000000771c00000|  0%| F|  |TAMS 0x0000000771b00000, 0x0000000771b00000| Untracked 
|  78|0x0000000771c00000, 0x0000000771c00000, 0x0000000771d00000|  0%| F|  |TAMS 0x0000000771c00000, 0x0000000771c00000| Untracked 
|  79|0x0000000771d00000, 0x0000000771d00000, 0x0000000771e00000|  0%| F|  |TAMS 0x0000000771d00000, 0x0000000771d00000| Untracked 
|  80|0x0000000771e00000, 0x0000000771e00000, 0x0000000771f00000|  0%| F|  |TAMS 0x0000000771e00000, 0x0000000771e00000| Untracked 
|  81|0x0000000771f00000, 0x0000000771f00000, 0x0000000772000000|  0%| F|  |TAMS 0x0000000771f00000, 0x0000000771f00000| Untracked 
|  82|0x0000000772000000, 0x0000000772000000, 0x0000000772100000|  0%| F|  |TAMS 0x0000000772000000, 0x0000000772000000| Untracked 
|  83|0x0000000772100000, 0x0000000772100000, 0x0000000772200000|  0%| F|  |TAMS 0x0000000772100000, 0x0000000772100000| Untracked 
|  84|0x0000000772200000, 0x0000000772200000, 0x0000000772300000|  0%| F|  |TAMS 0x0000000772200000, 0x0000000772200000| Untracked 
|  85|0x0000000772300000, 0x0000000772300000, 0x0000000772400000|  0%| F|  |TAMS 0x0000000772300000, 0x0000000772300000| Untracked 
|  86|0x0000000772400000, 0x0000000772400000, 0x0000000772500000|  0%| F|  |TAMS 0x0000000772400000, 0x0000000772400000| Untracked 
|  87|0x0000000772500000, 0x0000000772500000, 0x0000000772600000|  0%| F|  |TAMS 0x0000000772500000, 0x0000000772500000| Untracked 
|  88|0x0000000772600000, 0x0000000772600000, 0x0000000772700000|  0%| F|  |TAMS 0x0000000772600000, 0x0000000772600000| Untracked 
|  89|0x0000000772700000, 0x0000000772700000, 0x0000000772800000|  0%| F|  |TAMS 0x0000000772700000, 0x0000000772700000| Untracked 
|  90|0x0000000772800000, 0x0000000772800000, 0x0000000772900000|  0%| F|  |TAMS 0x0000000772800000, 0x0000000772800000| Untracked 
|  91|0x0000000772900000, 0x0000000772900000, 0x0000000772a00000|  0%| F|  |TAMS 0x0000000772900000, 0x0000000772900000| Untracked 
|  92|0x0000000772a00000, 0x0000000772a00000, 0x0000000772b00000|  0%| F|  |TAMS 0x0000000772a00000, 0x0000000772a00000| Untracked 
|  93|0x0000000772b00000, 0x0000000772b00000, 0x0000000772c00000|  0%| F|  |TAMS 0x0000000772b00000, 0x0000000772b00000| Untracked 
|  94|0x0000000772c00000, 0x0000000772c00000, 0x0000000772d00000|  0%| F|  |TAMS 0x0000000772c00000, 0x0000000772c00000| Untracked 
|  95|0x0000000772d00000, 0x0000000772d00000, 0x0000000772e00000|  0%| F|  |TAMS 0x0000000772d00000, 0x0000000772d00000| Untracked 
|  96|0x0000000772e00000, 0x0000000772e00000, 0x0000000772f00000|  0%| F|  |TAMS 0x0000000772e00000, 0x0000000772e00000| Untracked 
|  97|0x0000000772f00000, 0x0000000772f00000, 0x0000000773000000|  0%| F|  |TAMS 0x0000000772f00000, 0x0000000772f00000| Untracked 
|  98|0x0000000773000000, 0x0000000773000000, 0x0000000773100000|  0%| F|  |TAMS 0x0000000773000000, 0x0000000773000000| Untracked 
|  99|0x0000000773100000, 0x0000000773100000, 0x0000000773200000|  0%| F|  |TAMS 0x0000000773100000, 0x0000000773100000| Untracked 
| 100|0x0000000773200000, 0x0000000773200000, 0x0000000773300000|  0%| F|  |TAMS 0x0000000773200000, 0x0000000773200000| Untracked 
| 101|0x0000000773300000, 0x0000000773300000, 0x0000000773400000|  0%| F|  |TAMS 0x0000000773300000, 0x0000000773300000| Untracked 
| 102|0x0000000773400000, 0x0000000773400000, 0x0000000773500000|  0%| F|  |TAMS 0x0000000773400000, 0x0000000773400000| Untracked 
| 103|0x0000000773500000, 0x0000000773500000, 0x0000000773600000|  0%| F|  |TAMS 0x0000000773500000, 0x0000000773500000| Untracked 
| 104|0x0000000773600000, 0x0000000773600000, 0x0000000773700000|  0%| F|  |TAMS 0x0000000773600000, 0x0000000773600000| Untracked 
| 105|0x0000000773700000, 0x0000000773700000, 0x0000000773800000|  0%| F|  |TAMS 0x0000000773700000, 0x0000000773700000| Untracked 
| 106|0x0000000773800000, 0x0000000773800000, 0x0000000773900000|  0%| F|  |TAMS 0x0000000773800000, 0x0000000773800000| Untracked 
| 107|0x0000000773900000, 0x0000000773900000, 0x0000000773a00000|  0%| F|  |TAMS 0x0000000773900000, 0x0000000773900000| Untracked 
| 108|0x0000000773a00000, 0x0000000773a00000, 0x0000000773b00000|  0%| F|  |TAMS 0x0000000773a00000, 0x0000000773a00000| Untracked 
| 109|0x0000000773b00000, 0x0000000773b00000, 0x0000000773c00000|  0%| F|  |TAMS 0x0000000773b00000, 0x0000000773b00000| Untracked 
| 110|0x0000000773c00000, 0x0000000773c00000, 0x0000000773d00000|  0%| F|  |TAMS 0x0000000773c00000, 0x0000000773c00000| Untracked 
| 111|0x0000000773d00000, 0x0000000773d00000, 0x0000000773e00000|  0%| F|  |TAMS 0x0000000773d00000, 0x0000000773d00000| Untracked 
| 112|0x0000000773e00000, 0x0000000773e00000, 0x0000000773f00000|  0%| F|  |TAMS 0x0000000773e00000, 0x0000000773e00000| Untracked 
| 113|0x0000000773f00000, 0x0000000773f00000, 0x0000000774000000|  0%| F|  |TAMS 0x0000000773f00000, 0x0000000773f00000| Untracked 
| 114|0x0000000774000000, 0x0000000774000000, 0x0000000774100000|  0%| F|  |TAMS 0x0000000774000000, 0x0000000774000000| Untracked 
| 115|0x0000000774100000, 0x0000000774100000, 0x0000000774200000|  0%| F|  |TAMS 0x0000000774100000, 0x0000000774100000| Untracked 
| 116|0x0000000774200000, 0x0000000774200000, 0x0000000774300000|  0%| F|  |TAMS 0x0000000774200000, 0x0000000774200000| Untracked 
| 117|0x0000000774300000, 0x0000000774300000, 0x0000000774400000|  0%| F|  |TAMS 0x0000000774300000, 0x0000000774300000| Untracked 
| 118|0x0000000774400000, 0x0000000774400000, 0x0000000774500000|  0%| F|  |TAMS 0x0000000774400000, 0x0000000774400000| Untracked 
| 119|0x0000000774500000, 0x0000000774500000, 0x0000000774600000|  0%| F|  |TAMS 0x0000000774500000, 0x0000000774500000| Untracked 
| 120|0x0000000774600000, 0x0000000774600000, 0x0000000774700000|  0%| F|  |TAMS 0x0000000774600000, 0x0000000774600000| Untracked 
| 121|0x0000000774700000, 0x0000000774800000, 0x0000000774800000|100%| S|CS|TAMS 0x0000000774700000, 0x0000000774700000| Complete 
| 122|0x0000000774800000, 0x0000000774900000, 0x0000000774900000|100%| S|CS|TAMS 0x0000000774800000, 0x0000000774800000| Complete 
| 123|0x0000000774900000, 0x0000000774a00000, 0x0000000774a00000|100%| S|CS|TAMS 0x0000000774900000, 0x0000000774900000| Complete 
| 124|0x0000000774a00000, 0x0000000774a00000, 0x0000000774b00000|  0%| F|  |TAMS 0x0000000774a00000, 0x0000000774a00000| Untracked 
| 125|0x0000000774b00000, 0x0000000774b00000, 0x0000000774c00000|  0%| F|  |TAMS 0x0000000774b00000, 0x0000000774b00000| Untracked 
| 126|0x0000000774c00000, 0x0000000774c00000, 0x0000000774d00000|  0%| F|  |TAMS 0x0000000774c00000, 0x0000000774c00000| Untracked 
| 127|0x0000000774d00000, 0x0000000774d00000, 0x0000000774e00000|  0%| F|  |TAMS 0x0000000774d00000, 0x0000000774d00000| Untracked 
| 128|0x0000000774e00000, 0x0000000774e00000, 0x0000000774f00000|  0%| F|  |TAMS 0x0000000774e00000, 0x0000000774e00000| Untracked 
| 129|0x0000000774f00000, 0x0000000774f00000, 0x0000000775000000|  0%| F|  |TAMS 0x0000000774f00000, 0x0000000774f00000| Untracked 
| 130|0x0000000775000000, 0x0000000775000000, 0x0000000775100000|  0%| F|  |TAMS 0x0000000775000000, 0x0000000775000000| Untracked 
| 131|0x0000000775100000, 0x0000000775100000, 0x0000000775200000|  0%| F|  |TAMS 0x0000000775100000, 0x0000000775100000| Untracked 
| 132|0x0000000775200000, 0x0000000775200000, 0x0000000775300000|  0%| F|  |TAMS 0x0000000775200000, 0x0000000775200000| Untracked 
| 133|0x0000000775300000, 0x0000000775300000, 0x0000000775400000|  0%| F|  |TAMS 0x0000000775300000, 0x0000000775300000| Untracked 
| 134|0x0000000775400000, 0x0000000775400000, 0x0000000775500000|  0%| F|  |TAMS 0x0000000775400000, 0x0000000775400000| Untracked 
| 135|0x0000000775500000, 0x0000000775500000, 0x0000000775600000|  0%| F|  |TAMS 0x0000000775500000, 0x0000000775500000| Untracked 
| 136|0x0000000775600000, 0x0000000775600000, 0x0000000775700000|  0%| F|  |TAMS 0x0000000775600000, 0x0000000775600000| Untracked 
| 137|0x0000000775700000, 0x0000000775700000, 0x0000000775800000|  0%| F|  |TAMS 0x0000000775700000, 0x0000000775700000| Untracked 
| 138|0x0000000775800000, 0x0000000775800000, 0x0000000775900000|  0%| F|  |TAMS 0x0000000775800000, 0x0000000775800000| Untracked 
| 139|0x0000000775900000, 0x0000000775900000, 0x0000000775a00000|  0%| F|  |TAMS 0x0000000775900000, 0x0000000775900000| Untracked 
| 140|0x0000000775a00000, 0x0000000775a00000, 0x0000000775b00000|  0%| F|  |TAMS 0x0000000775a00000, 0x0000000775a00000| Untracked 
| 141|0x0000000775b00000, 0x0000000775b00000, 0x0000000775c00000|  0%| F|  |TAMS 0x0000000775b00000, 0x0000000775b00000| Untracked 
| 142|0x0000000775c00000, 0x0000000775c00000, 0x0000000775d00000|  0%| F|  |TAMS 0x0000000775c00000, 0x0000000775c00000| Untracked 
| 143|0x0000000775d00000, 0x0000000775d00000, 0x0000000775e00000|  0%| F|  |TAMS 0x0000000775d00000, 0x0000000775d00000| Untracked 
| 144|0x0000000775e00000, 0x0000000775e00000, 0x0000000775f00000|  0%| F|  |TAMS 0x0000000775e00000, 0x0000000775e00000| Untracked 
| 145|0x0000000775f00000, 0x0000000775f00000, 0x0000000776000000|  0%| F|  |TAMS 0x0000000775f00000, 0x0000000775f00000| Untracked 
| 146|0x0000000776000000, 0x0000000776000000, 0x0000000776100000|  0%| F|  |TAMS 0x0000000776000000, 0x0000000776000000| Untracked 
| 147|0x0000000776100000, 0x0000000776100000, 0x0000000776200000|  0%| F|  |TAMS 0x0000000776100000, 0x0000000776100000| Untracked 

Card table byte_map: [0x000001b923c60000,0x000001b924100000] _byte_map_base: 0x000001b9200f9000

Marking Bits (Prev, Next): (CMBitMap*) 0x000001b90c32f298, (CMBitMap*) 0x000001b90c32f2d8
 Prev Bits: [0x000001b9245a0000, 0x000001b926a68000)
 Next Bits: [0x000001b926a70000, 0x000001b928f38000)

Polling page: 0x000001b90a260000

Metaspace:

Usage:
  Non-class:      7.11 MB capacity,     6.04 MB ( 85%) used,     1.06 MB ( 15%) free+waste,    16.00 KB ( <1%) overhead. 
      Class:    802.00 KB capacity,   586.73 KB ( 73%) used,   207.02 KB ( 26%) free+waste,     8.25 KB (  1%) overhead. 
       Both:      7.90 MB capacity,     6.61 MB ( 84%) used,     1.26 MB ( 16%) free+waste,    24.25 KB ( <1%) overhead. 

Virtual space:
  Non-class space:        8.00 MB reserved,       7.25 MB ( 91%) committed 
      Class space:        1.00 GB reserved,     896.00 KB ( <1%) committed 
             Both:        1.01 GB reserved,       8.13 MB ( <1%) committed 

Chunk freelists:
   Non-Class:  11.00 KB
       Class:  0 bytes
        Both:  11.00 KB

MaxMetaspaceSize: 17179869184.00 GB
CompressedClassSpaceSize: 1.00 GB

CodeHeap 'non-profiled nmethods': size=120064Kb used=647Kb max_used=647Kb free=119416Kb
 bounds [0x000001b91c280000, 0x000001b91c4f0000, 0x000001b9237c0000]
CodeHeap 'profiled nmethods': size=120000Kb used=3235Kb max_used=3235Kb free=116764Kb
 bounds [0x000001b914d50000, 0x000001b915080000, 0x000001b91c280000]
CodeHeap 'non-nmethods': size=5696Kb used=1190Kb max_used=1228Kb free=4505Kb
 bounds [0x000001b9147c0000, 0x000001b914a30000, 0x000001b914d50000]
 total_blobs=2551 nmethods=1439 adapters=357
 compilation: enabled
              stopped_count=0, restarted_count=0
 full_count=0

Compilation events (20 events):
Event: 10.656 Thread 0x000001b92b57d800 1432       3       java.util.concurrent.atomic.AtomicBoolean::getAndSet (25 bytes)
Event: 10.657 Thread 0x000001b92b57d800 nmethod 1432 0x000001b915072590 code [0x000001b9150727a0, 0x000001b915072e40]
Event: 10.658 Thread 0x000001b92b57d800 1433       3       jdk.internal.reflect.DelegatingConstructorAccessorImpl::newInstance (9 bytes)
Event: 10.658 Thread 0x000001b92b57d800 nmethod 1433 0x000001b915073090 code [0x000001b915073240, 0x000001b915073490]
Event: 10.662 Thread 0x000001b92b57d800 1434       3       java.io.File::isFile (43 bytes)
Event: 10.663 Thread 0x000001b92b57d800 nmethod 1434 0x000001b915073590 code [0x000001b9150737e0, 0x000001b915074090]
Event: 10.663 Thread 0x000001b92b57d800 1435       3       java.nio.DirectByteBufferR::duplicate (26 bytes)
Event: 10.664 Thread 0x000001b92b57d800 nmethod 1435 0x000001b915074390 code [0x000001b915074560, 0x000001b915074870]
Event: 10.664 Thread 0x000001b92b57d800 1436       3       java.util.concurrent.ConcurrentHashMap$CollectionView::<init> (10 bytes)
Event: 10.664 Thread 0x000001b92b57d800 nmethod 1436 0x000001b915074990 code [0x000001b915074b40, 0x000001b915074d78]
Event: 10.688 Thread 0x000001b92b57d800 1437       3       java.util.Collections$SetFromMap::<init> (39 bytes)
Event: 10.689 Thread 0x000001b92b57d800 nmethod 1437 0x000001b915074e10 code [0x000001b915075000, 0x000001b915075630]
Event: 10.689 Thread 0x000001b92b57d800 1439       3       java.util.ArrayList::<init> (61 bytes)
Event: 10.691 Thread 0x000001b92b57d800 nmethod 1439 0x000001b915075810 code [0x000001b915075aa0, 0x000001b9150766e0]
Event: 10.691 Thread 0x000001b92b57d800 1438       3       java.util.Collections::newSetFromMap (9 bytes)
Event: 10.691 Thread 0x000001b92b57d800 nmethod 1438 0x000001b915076a90 code [0x000001b915076c40, 0x000001b915076e30]
Event: 10.696 Thread 0x000001b92b57d800 1441       3       java.util.concurrent.locks.AbstractQueuedSynchronizer::doReleaseShared (79 bytes)
Event: 10.698 Thread 0x000001b92b57d800 nmethod 1441 0x000001b915076f10 code [0x000001b915077200, 0x000001b915078350]
Event: 10.698 Thread 0x000001b92b57d800 1442       3       java.util.concurrent.ConcurrentHashMap::isEmpty (15 bytes)
Event: 10.699 Thread 0x000001b92b57d800 nmethod 1442 0x000001b915078910 code [0x000001b915078ac0, 0x000001b915078cd0]

GC Heap History (9 events):
Event: 2.888 GC heap before
{Heap before GC invocations=0 (full 0):
 garbage-first heap   total 151552K, used 16384K [0x000000076ce00000, 0x0000000800000000)
  region size 1024K, 14 young (14336K), 0 survivors (0K)
 Metaspace       used 3485K, capacity 5870K, committed 6016K, reserved 1056768K
  class space    used 326K, capacity 575K, committed 640K, reserved 1048576K
}
Event: 2.908 GC heap after
{Heap after GC invocations=1 (full 0):
 garbage-first heap   total 151552K, used 8098K [0x000000076ce00000, 0x0000000800000000)
  region size 1024K, 2 young (2048K), 2 survivors (2048K)
 Metaspace       used 3485K, capacity 5870K, committed 6016K, reserved 1056768K
  class space    used 326K, capacity 575K, committed 640K, reserved 1048576K
}
Event: 3.282 GC heap before
{Heap before GC invocations=1 (full 0):
 garbage-first heap   total 151552K, used 19362K [0x000000076ce00000, 0x0000000800000000)
  region size 1024K, 11 young (11264K), 2 survivors (2048K)
 Metaspace       used 3710K, capacity 6005K, committed 6272K, reserved 1056768K
  class space    used 343K, capacity 576K, committed 640K, reserved 1048576K
}
Event: 3.295 GC heap after
{Heap after GC invocations=2 (full 0):
 garbage-first heap   total 151552K, used 13293K [0x000000076ce00000, 0x0000000800000000)
  region size 1024K, 2 young (2048K), 2 survivors (2048K)
 Metaspace       used 3710K, capacity 6005K, committed 6272K, reserved 1056768K
  class space    used 343K, capacity 576K, committed 640K, reserved 1048576K
}
Event: 4.061 GC heap before
{Heap before GC invocations=2 (full 0):
 garbage-first heap   total 151552K, used 40941K [0x000000076ce00000, 0x0000000800000000)
  region size 1024K, 29 young (29696K), 2 survivors (2048K)
 Metaspace       used 4015K, capacity 6114K, committed 6272K, reserved 1056768K
  class space    used 360K, capacity 611K, committed 640K, reserved 1048576K
}
Event: 4.093 GC heap after
{Heap after GC invocations=3 (full 0):
 garbage-first heap   total 151552K, used 18432K [0x000000076ce00000, 0x0000000800000000)
  region size 1024K, 4 young (4096K), 4 survivors (4096K)
 Metaspace       used 4015K, capacity 6114K, committed 6272K, reserved 1056768K
  class space    used 360K, capacity 611K, committed 640K, reserved 1048576K
}
Event: 4.160 GC heap before
{Heap before GC invocations=3 (full 0):
 garbage-first heap   total 151552K, used 21504K [0x000000076ce00000, 0x0000000800000000)
  region size 1024K, 7 young (7168K), 4 survivors (4096K)
 Metaspace       used 4017K, capacity 6114K, committed 6272K, reserved 1056768K
  class space    used 360K, capacity 611K, committed 640K, reserved 1048576K
}
Event: 4.180 GC heap after
{Heap after GC invocations=4 (full 0):
 garbage-first heap   total 151552K, used 20100K [0x000000076ce00000, 0x0000000800000000)
  region size 1024K, 1 young (1024K), 1 survivors (1024K)
 Metaspace       used 4017K, capacity 6114K, committed 6272K, reserved 1056768K
  class space    used 360K, capacity 611K, committed 640K, reserved 1048576K
}
Event: 10.731 GC heap before
{Heap before GC invocations=4 (full 0):
 garbage-first heap   total 151552K, used 45700K [0x000000076ce00000, 0x0000000800000000)
  region size 1024K, 24 young (24576K), 1 survivors (1024K)
 Metaspace       used 6773K, capacity 8087K, committed 8320K, reserved 1056768K
  class space    used 586K, capacity 802K, committed 896K, reserved 1048576K
}

Deoptimization events (20 events):
Event: 10.307 Thread 0x000001b90c2e5800 Uncommon trap: trap_request=0xffffff45 fr.pc=0x000001b91c31b6b0 relative=0x0000000000000770
Event: 10.307 Thread 0x000001b90c2e5800 Uncommon trap: reason=unstable_if action=reinterpret pc=0x000001b91c31b6b0 method=org.sqlite.SQLiteJDBCLoader.contentsEquals(Ljava/io/InputStream;Ljava/io/InputStream;)Z @ 39 c2
Event: 10.307 Thread 0x000001b90c2e5800 DEOPT PACKING pc=0x000001b91c31b6b0 sp=0x000000b1713fdef0
Event: 10.307 Thread 0x000001b90c2e5800 DEOPT UNPACKING pc=0x000001b91480942f sp=0x000000b1713fdeb8 mode 2
Event: 10.354 Thread 0x000001b90c2e5800 DEOPT PACKING pc=0x000001b914ddf2c0 sp=0x000000b1713fca30
Event: 10.354 Thread 0x000001b90c2e5800 DEOPT UNPACKING pc=0x000001b91480994e sp=0x000000b1713fbf48 mode 0
Event: 10.621 Thread 0x000001b933546800 DEOPT PACKING pc=0x000001b914ef4f19 sp=0x000000b1726fe840
Event: 10.621 Thread 0x000001b933546800 DEOPT UNPACKING pc=0x000001b91480994e sp=0x000000b1726fdf70 mode 0
Event: 10.631 Thread 0x000001b92ca47000 DEOPT PACKING pc=0x000001b914e6a010 sp=0x000000b1727fde70
Event: 10.631 Thread 0x000001b92ca47000 DEOPT UNPACKING pc=0x000001b91480994e sp=0x000000b1727fd368 mode 0
Event: 10.648 Thread 0x000001b92dc98000 DEOPT PACKING pc=0x000001b914ef4af8 sp=0x000000b1728fe760
Event: 10.648 Thread 0x000001b92dc98000 DEOPT UNPACKING pc=0x000001b91480994e sp=0x000000b1728fde90 mode 0
Event: 10.657 Thread 0x000001b92ca33000 DEOPT PACKING pc=0x000001b914ef4f19 sp=0x000000b1725feb50
Event: 10.657 Thread 0x000001b92ca33000 DEOPT UNPACKING pc=0x000001b91480994e sp=0x000000b1725fe280 mode 0
Event: 10.680 Thread 0x000001b92dfaf800 DEOPT PACKING pc=0x000001b914f0f3fd sp=0x000000b172bfdef0
Event: 10.680 Thread 0x000001b92dfaf800 DEOPT UNPACKING pc=0x000001b91480994e sp=0x000000b172bfd4f0 mode 0
Event: 10.690 Thread 0x000001b93341c800 DEOPT PACKING pc=0x000001b914ef4f19 sp=0x000000b172afef30
Event: 10.690 Thread 0x000001b93341c800 DEOPT UNPACKING pc=0x000001b91480994e sp=0x000000b172afe660 mode 0
Event: 10.695 Thread 0x000001b92dc98000 DEOPT PACKING pc=0x000001b914f0f3fd sp=0x000000b1728fdef0
Event: 10.695 Thread 0x000001b92dc98000 DEOPT UNPACKING pc=0x000001b91480994e sp=0x000000b1728fd4f0 mode 0

Classes unloaded (0 events):
No events

Classes redefined (0 events):
No events

Internal exceptions (10 events):
Event: 1.755 Thread 0x000001b90c2e5800 Exception <a 'sun/nio/fs/WindowsException'{0x0000000775a27be8}> (0x0000000775a27be8) 
thrown [t:/workspace/open/src/hotspot/share/prims/jni.cpp, line 598]
Event: 1.756 Thread 0x000001b90c2e5800 Exception <a 'sun/nio/fs/WindowsException'{0x0000000775a28020}> (0x0000000775a28020) 
thrown [t:/workspace/open/src/hotspot/share/prims/jni.cpp, line 598]
Event: 1.812 Thread 0x000001b90c2e5800 Exception <a 'java/lang/NoSuchMethodError'{0x0000000775a51c38}: 'int java.lang.invoke.DirectMethodHandle$Holder.invokeSpecialIFC(java.lang.Object, java.lang.Object, int)'> (0x0000000775a51c38) 
thrown [t:/workspace/open/src/hotspot/share/interpreter/linkResolver.cpp, line 767]
Event: 2.247 Thread 0x000001b90c2e5800 Exception <a 'java/lang/NoSuchMethodError'{0x0000000775869d40}: 'java.lang.Object java.lang.invoke.DirectMethodHandle$Holder.invokeStaticInit(java.lang.Object, java.lang.Object, java.lang.Object)'> (0x0000000775869d40) 
thrown [t:/workspace/open/src/hotspot/share/interpreter/linkResolver.cpp, line 767]
Event: 2.496 Thread 0x000001b90c2e5800 Exception <a 'java/lang/NoSuchMethodError'{0x00000007757f87a8}: 'int java.lang.invoke.DirectMethodHandle$Holder.invokeStaticInit(java.lang.Object, java.lang.Object, java.lang.Object, java.lang.Object)'> (0x00000007757f87a8) 
thrown [t:/workspace/open/src/hotspot/share/interpreter/linkResolver.cpp, line 767]
Event: 2.499 Thread 0x000001b90c2e5800 Exception <a 'java/lang/IncompatibleClassChangeError'{0x0000000775601320}: Found class java.lang.Object, but interface was expected> (0x0000000775601320) 
thrown [t:/workspace/open/src/hotspot/share/interpreter/linkResolver.cpp, line 833]
Event: 2.506 Thread 0x000001b90c2e5800 Exception <a 'java/lang/NoSuchMethodError'{0x0000000775604138}: 'void java.lang.invoke.DirectMethodHandle$Holder.invokeStaticInit(java.lang.Object, java.lang.Object)'> (0x0000000775604138) 
thrown [t:/workspace/open/src/hotspot/share/interpreter/linkResolver.cpp, line 767]
Event: 2.514 Thread 0x000001b90c2e5800 Exception <a 'java/lang/NoSuchMethodError'{0x00000007756091d0}: 'int java.lang.invoke.DirectMethodHandle$Holder.invokeStaticInit(java.lang.Object, java.lang.Object)'> (0x00000007756091d0) 
thrown [t:/workspace/open/src/hotspot/share/interpreter/linkResolver.cpp, line 767]
Event: 5.984 Thread 0x000001b90c2e5800 Exception <a 'java/lang/NoSuchMethodError'{0x00000007755c9358}: 'java.lang.Object java.lang.invoke.DirectMethodHandle$Holder.invokeStaticInit(java.lang.Object, int, int, int, int)'> (0x00000007755c9358) 
thrown [t:/workspace/open/src/hotspot/share/interpreter/linkResolver.cpp, line 767]
Event: 10.060 Thread 0x000001b90c2e5800 Exception <a 'java/lang/NoSuchMethodError'{0x0000000775499560}: 'java.lang.Object java.lang.invoke.DirectMethodHandle$Holder.invokeStaticInit(java.lang.Object, java.lang.Object, int, int, int, int)'> (0x0000000775499560) 
thrown [t:/workspace/open/src/hotspot/share/interpreter/linkResolver.cpp, line 767]

Events (20 events):
Event: 10.453 loading class com/fortuneteller/dclient/commands/gadgets/utils/Tag done
Event: 10.459 loading class net/dv8tion/jda/api/Permission
Event: 10.459 loading class net/dv8tion/jda/api/Permission done
Event: 10.460 loading class net/dv8tion/jda/internal/utils/Checks
Event: 10.460 loading class net/dv8tion/jda/internal/utils/Checks done
Event: 10.579 Thread 0x000001b92ca33000 Thread added: 0x000001b92ca33000
Event: 10.581 Executing VM operation: RevokeBias
Event: 10.581 Executing VM operation: RevokeBias done
Event: 10.581 Thread 0x000001b933546800 Thread added: 0x000001b933546800
Event: 10.582 Thread 0x000001b92ca47000 Thread added: 0x000001b92ca47000
Event: 10.582 Thread 0x000001b92dc98000 Thread added: 0x000001b92dc98000
Event: 10.582 Thread 0x000001b92d9e6000 Thread added: 0x000001b92d9e6000
Event: 10.582 Thread 0x000001b93341c800 Thread added: 0x000001b93341c800
Event: 10.582 Thread 0x000001b92dfaf800 Thread added: 0x000001b92dfaf800
Event: 10.583 Thread 0x000001b92dfb0000 Thread added: 0x000001b92dfb0000
Event: 10.594 Executing VM operation: RevokeBias
Event: 10.605 Executing VM operation: RevokeBias done
Event: 10.659 Executing VM operation: RevokeBias
Event: 10.659 Executing VM operation: RevokeBias done
Event: 10.706 Executing VM operation: G1CollectForAllocation


Dynamic libraries:
0x00007ff733c40000 - 0x00007ff733c4d000 	C:\Program Files\Java\jdk-13\bin\java.exe
0x00007ff8668c0000 - 0x00007ff866aad000 	C:\WINDOWS\SYSTEM32\ntdll.dll
0x00007ff864290000 - 0x00007ff864343000 	C:\WINDOWS\System32\KERNEL32.DLL
0x00007ff862990000 - 0x00007ff862c23000 	C:\WINDOWS\System32\KERNELBASE.dll
0x00007ff862c30000 - 0x00007ff862d2a000 	C:\WINDOWS\System32\ucrtbase.dll
0x00007ff85f4d0000 - 0x00007ff85f4e8000 	C:\Program Files\Java\jdk-13\bin\jli.dll
0x00007ff864710000 - 0x00007ff8648a7000 	C:\WINDOWS\System32\USER32.dll
0x00007ff863640000 - 0x00007ff863660000 	C:\WINDOWS\System32\win32u.dll
0x00007ff863cb0000 - 0x00007ff863cd9000 	C:\WINDOWS\System32\GDI32.dll
0x00007ff863660000 - 0x00007ff8637fa000 	C:\WINDOWS\System32\gdi32full.dll
0x00007ff863580000 - 0x00007ff863620000 	C:\WINDOWS\System32\msvcp_win.dll
0x00007ff85f210000 - 0x00007ff85f225000 	C:\Program Files\Java\jdk-13\bin\VCRUNTIME140.dll
0x00007ff851c80000 - 0x00007ff851ef9000 	C:\WINDOWS\WinSxS\amd64_microsoft.windows.common-controls_6595b64144ccf1df_6.0.17763.529_none_05b84068071c8d5a\COMCTL32.dll
0x00007ff8667f0000 - 0x00007ff86688e000 	C:\WINDOWS\System32\msvcrt.dll
0x00007ff864350000 - 0x00007ff86467c000 	C:\WINDOWS\System32\combase.dll
0x00007ff866030000 - 0x00007ff866152000 	C:\WINDOWS\System32\RPCRT4.dll
0x00007ff8634b0000 - 0x00007ff86352e000 	C:\WINDOWS\System32\bcryptPrimitives.dll
0x00007ff866000000 - 0x00007ff86602e000 	C:\WINDOWS\System32\IMM32.DLL
0x00007ff859c10000 - 0x00007ff859cab000 	C:\Program Files\Java\jdk-13\bin\msvcp140.dll
0x00007ff822a80000 - 0x00007ff8235e7000 	C:\Program Files\Java\jdk-13\bin\server\jvm.dll
0x00007ff863c00000 - 0x00007ff863ca3000 	C:\WINDOWS\System32\ADVAPI32.dll
0x00007ff866590000 - 0x00007ff86662e000 	C:\WINDOWS\System32\sechost.dll
0x00007ff866170000 - 0x00007ff866178000 	C:\WINDOWS\System32\PSAPI.DLL
0x00007ff852eb0000 - 0x00007ff852eb9000 	C:\WINDOWS\SYSTEM32\WSOCK32.dll
0x00007ff864680000 - 0x00007ff8646ed000 	C:\WINDOWS\System32\WS2_32.dll
0x00007ff860940000 - 0x00007ff860964000 	C:\WINDOWS\SYSTEM32\WINMM.dll
0x00007ff85dfc0000 - 0x00007ff85dfca000 	C:\WINDOWS\SYSTEM32\VERSION.dll
0x00007ff860910000 - 0x00007ff86093d000 	C:\WINDOWS\SYSTEM32\WINMMBASE.dll
0x00007ff863530000 - 0x00007ff86357a000 	C:\WINDOWS\System32\cfgmgr32.dll
0x00007ff862950000 - 0x00007ff862961000 	C:\WINDOWS\System32\kernel.appcore.dll
0x00007ff85f4c0000 - 0x00007ff85f4d0000 	C:\Program Files\Java\jdk-13\bin\verify.dll
0x00007ff84b600000 - 0x00007ff84b7ed000 	C:\WINDOWS\SYSTEM32\DBGHELP.DLL
0x00007ff84b5d0000 - 0x00007ff84b5fa000 	C:\WINDOWS\SYSTEM32\dbgcore.DLL
0x00007ff85f1e0000 - 0x00007ff85f206000 	C:\Program Files\Java\jdk-13\bin\java.dll
0x00007ff85f160000 - 0x00007ff85f16e000 	C:\Program Files\Java\jdk-13\bin\instrument.dll
0x00007ff85bfe0000 - 0x00007ff85bff7000 	C:\Program Files\Java\jdk-13\bin\zip.dll
0x00007ff85f250000 - 0x00007ff85f25a000 	C:\Program Files\Java\jdk-13\bin\jimage.dll
0x00007ff8648b0000 - 0x00007ff865da0000 	C:\WINDOWS\System32\SHELL32.dll
0x00007ff863b50000 - 0x00007ff863bf8000 	C:\WINDOWS\System32\shcore.dll
0x00007ff862d30000 - 0x00007ff86347a000 	C:\WINDOWS\System32\windows.storage.dll
0x00007ff8628c0000 - 0x00007ff8628e4000 	C:\WINDOWS\System32\profapi.dll
0x00007ff8628f0000 - 0x00007ff86294d000 	C:\WINDOWS\System32\powrprof.dll
0x00007ff866790000 - 0x00007ff8667e2000 	C:\WINDOWS\System32\shlwapi.dll
0x00007ff863620000 - 0x00007ff863637000 	C:\WINDOWS\System32\cryptsp.dll
0x00007ff85b240000 - 0x00007ff85b259000 	C:\Program Files\Java\jdk-13\bin\net.dll
0x00007ff8581b0000 - 0x00007ff8582a1000 	C:\WINDOWS\SYSTEM32\WINHTTP.dll
0x00007ff8561a0000 - 0x00007ff856377000 	C:\WINDOWS\SYSTEM32\urlmon.dll
0x00007ff856530000 - 0x00007ff8567d8000 	C:\WINDOWS\SYSTEM32\iertutil.dll
0x00007ff862310000 - 0x00007ff86231c000 	C:\WINDOWS\SYSTEM32\CRYPTBASE.DLL
0x00007ff862140000 - 0x00007ff8621a7000 	C:\WINDOWS\system32\mswsock.dll
0x00007ff85b200000 - 0x00007ff85b213000 	C:\Program Files\Java\jdk-13\bin\nio.dll
0x00007ff85b1e0000 - 0x00007ff85b1fa000 	C:\Program Files\JetBrains\IntelliJ IDEA EAP\bin\breakgen64.dll
0x00007ff85c8f0000 - 0x00007ff85c8f9000 	C:\Program Files\Java\jdk-13\bin\management.dll
0x00007ff85ba10000 - 0x00007ff85ba1b000 	C:\Program Files\Java\jdk-13\bin\management_ext.dll
0x00007ff861ca0000 - 0x00007ff861cd3000 	C:\WINDOWS\system32\rsaenh.dll
0x00007ff863480000 - 0x00007ff8634a6000 	C:\WINDOWS\System32\bcrypt.dll
0x00007ff8627c0000 - 0x00007ff8627e8000 	C:\WINDOWS\SYSTEM32\USERENV.dll
0x00007ff861ea0000 - 0x00007ff861edd000 	C:\WINDOWS\SYSTEM32\IPHLPAPI.DLL
0x00007ff8662c0000 - 0x00007ff8662c8000 	C:\WINDOWS\System32\NSI.dll
0x00007ff858d80000 - 0x00007ff858d96000 	C:\WINDOWS\SYSTEM32\dhcpcsvc6.DLL
0x00007ff858cb0000 - 0x00007ff858ccc000 	C:\WINDOWS\SYSTEM32\dhcpcsvc.DLL
0x00007ff861ee0000 - 0x00007ff861fa6000 	C:\WINDOWS\SYSTEM32\DNSAPI.dll
0x0000000064a40000 - 0x0000000064b0c000 	C:\Users\Marvin\AppData\Local\Temp\sqlite-3.28.0-c468965e-914f-4e99-a9f2-5baefa7e23aa-sqlitejdbc.dll

dbghelp: loaded successfully - version: 4.0.5 - missing functions: none
symbol engine: initialized successfully - sym options: 0x614 - pdb path: .;C:\Program Files\Java\jdk-13\bin;C:\WINDOWS\SYSTEM32;C:\WINDOWS\WinSxS\amd64_microsoft.windows.common-controls_6595b64144ccf1df_6.0.17763.529_none_05b84068071c8d5a;C:\Program Files\Java\jdk-13\bin\server;C:\Program Files\JetBrains\IntelliJ IDEA EAP\bin;C:\Users\Marvin\AppData\Local\Temp

VM Arguments:
jvm_args: -Dvisualvm.id=14048954065600 -javaagent:C:\Program Files\JetBrains\IntelliJ IDEA EAP\lib\idea_rt.jar=65446:C:\Program Files\JetBrains\IntelliJ IDEA EAP\bin -Dfile.encoding=UTF-8 
java_command: com.fortuneteller.dclient.PilotKt
java_class_path (initial): C:\Users\Marvin\IdeaProjects\dclient\out\production\classes;C:\Users\Marvin\IdeaProjects\dclient\out\production\resources;C:\Users\Marvin\.gradle\caches\modules-2\files-2.1\org.jetbrains.kotlin\kotlin-stdlib-jdk8\1.3.61\e91d61b7cfd9a45566b580fef18bbd5c32d505b5\kotlin-stdlib-jdk8-1.3.61.jar;C:\Users\Marvin\.gradle\caches\modules-2\files-2.1\org.jetbrains.kotlin\kotlin-reflect\1.3.61\2e07c9a84c9e118efb70eede7e579fd663932122\kotlin-reflect-1.3.61.jar;C:\Users\Marvin\.gradle\caches\modules-2\files-2.1\org.jetbrains.kotlin\kotlin-script-util\1.3.61\5730b6adf94027cbf21117e8bc7d918a156d1ab0\kotlin-script-util-1.3.61.jar;C:\Users\Marvin\.gradle\caches\modules-2\files-2.1\org.jetbrains.kotlin\kotlin-scripting-compiler\1.3.61\fe8eb70babeec834a56f6fc659ca6b62df80785d\kotlin-scripting-compiler-1.3.61.jar;C:\Users\Marvin\.gradle\caches\modules-2\files-2.1\io.github.cdimascio\java-dotenv\5.1.3\ff55143141d690425e4147c7880b24005ce882fe\java-dotenv-5.1.3.jar;C:\Users\Marvin\.gradle\caches\modules-2\files-2.1\org.jetbrains.kotlin\kotlin-stdlib-jdk7\1.3.61\70dffc5f8ac5ea7c34f30deac5b9d8b1d48af066\kotlin-stdlib-jdk7-1.3.61.jar;C:\Users\Marvin\.gradle\caches\modules-2\files-2.1\org.jetbrains.kotlin\kotlin-scripting-compiler-impl\1.3.61\d5283657161a466a63314bb7c9e87b93d24aeb2c\kotlin-scripting-compiler-impl-1.3.61.jar;C:\Users\Marvin\.gradle\caches\modules-2\files-2.1\org.jetbrains.kotlin\kotlin-scripting-jvm\1.3.61\b9311f022363534f8776e4392aa9c4f4d5a62a44\kotlin-scripting-jvm-1.3.61.jar;C:\Users\Marvin\.gradle\caches\modules-2\files-2.1\org.jetbrains.kotlin\kotlin-scripting-common\1.3.61\169747d90a1ccdd30b25c381a06bee3fe579bf2\kotlin-scripting-common-1.3.61.jar;C:\Users\Marvin\.gradle\caches\modules-2\files-2.1\org.jetbrains.kotlin\kotlin-stdlib\1.3.61\4702105e97f7396ae41b113fdbdc180ec1eb1e36\kotlin-stdlib-1.3.61.jar;C:\Users\Marvin\.gradle\caches\modules-2\files-2.1\org.jetbrains.kotlin\kotlin-stdlib-common\1.3.61\65abb71d5afb850b68be03987b08e2c864ca3110\ko
Launcher Type: SUN_STANDARD

[Global flags]
     intx CICompilerCount                          = 3                                         {product} {ergonomic}
     uint ConcGCThreads                            = 1                                         {product} {ergonomic}
     uint G1ConcRefinementThreads                  = 4                                         {product} {ergonomic}
   size_t G1HeapRegionSize                         = 1048576                                   {product} {ergonomic}
    uintx GCDrainStackTargetSize                   = 64                                        {product} {ergonomic}
   size_t InitialHeapSize                          = 155189248                                 {product} {ergonomic}
   size_t MarkStackSize                            = 4194304                                   {product} {ergonomic}
   size_t MaxHeapSize                              = 2468347904                                {product} {ergonomic}
   size_t MaxNewSize                               = 1480589312                                {product} {ergonomic}
   size_t MinHeapDeltaBytes                        = 1048576                                   {product} {ergonomic}
   size_t MinHeapSize                              = 8388608                                   {product} {ergonomic}
    uintx NonNMethodCodeHeapSize                   = 5830732                                {pd product} {ergonomic}
    uintx NonProfiledCodeHeapSize                  = 122913754                              {pd product} {ergonomic}
    uintx ProfiledCodeHeapSize                     = 122913754                              {pd product} {ergonomic}
    uintx ReservedCodeCacheSize                    = 251658240                              {pd product} {ergonomic}
     bool SegmentedCodeCache                       = true                                      {product} {ergonomic}
   size_t SoftMaxHeapSize                          = 2468347904                             {manageable} {ergonomic}
     bool UseCompressedClassPointers               = true                                 {lp64_product} {ergonomic}
     bool UseCompressedOops                        = true                                 {lp64_product} {ergonomic}
     bool UseG1GC                                  = true                                      {product} {ergonomic}
     bool UseLargePagesIndividualAllocation        = false                                  {pd product} {ergonomic}

Logging:
Log output configuration:
 #0: stdout all=warning uptime,level,tags
 #1: stderr all=off uptime,level,tags

Environment Variables:
JAVA_HOME=C:\Program Files\Java\jdk-14
PATH=C:\ProgramData\DockerDesktop\version-bin;C:\Program Files\Docker\Docker\Resources\bin;C:\WINDOWS\system32;C:\WINDOWS;C:\WINDOWS\System32\Wbem;C:\WINDOWS\System32\WindowsPowerShell\v1.0\;C:\WINDOWS\System32\OpenSSH\;C:\Program Files\Microsoft VS Code Insiders\bin;C:\Program Files\nodejs\;C:\ProgramData\chocolatey\bin;C:\Program Files (x86)\Bitvise SSH Client;C:\Program Files\dotnet\;C:\Program Files\Microsoft SQL Server\130\Tools\Binn\;C:\Program Files\Microsoft SQL Server\Client SDK\ODBC\170\Tools\Binn\;C:\Program Files (x86)\Windows Kits\10\Windows Performance Toolkit\;C:\Program Files\Git\cmd;C:\Program Files (x86)\Gpg4win\..\GnuPG\bin;C:\Go\bin;C:\Users\Marvin\AppData\Local\Programs\Python\Python36\Scripts\;C:\Users\Marvin\AppData\Local\Programs\Python\Python36\;C:\Program Files\Java\jdk-12.0.1\bin;C:\MinGW\bin;C:\Users\Marvin\.cargo\bin;C:\Users\Marvin\AppData\Local\Microsoft\WindowsApps;C:\Users\Marvin\AppData\Roaming\npm;C:\Users\Marvin\AppData\Local\atom\bin;C:\GNUstep\GNUstep\System\Tools;C:\GNUstep\bin;C:\Program Files\JetBrains\IntelliJ IDEA EAP\bin;;C:\Gradle\gradle-5.5.1\bin;C:\Program Files\JetBrains\JetBrains Rider 2019.2.1\bin;;C:\Program Files\JetBrains\GoLand 2019.2\bin;;C:\Program Files\JetBrains\PyCharm 2019.2.3\bin;;C:\Users\Marvin\AppData\Local\Programs\MiKTeX 2.9\miktex\bin\x64\;C:\sqlite;C:\Users\Marvin\go\bin
USERNAME=Marvin
OS=Windows_NT
PROCESSOR_IDENTIFIER=AMD64 Family 21 Model 19 Stepping 1, AuthenticAMD



---------------  S Y S T E M  ---------------

OS: Windows 10 , 64 bit Build 17763 (10.0.17763.475)

CPU:total 4 (initial active 4) (4 cores per cpu, 1 threads per core) family 21 model 19 stepping 1, cmov, cx8, fxsr, mmx, sse, sse2, sse3, ssse3, sse4.1, sse4.2, popcnt, avx, aes, clmul, mmxext, 3dnowpref, lzcnt, sse4a, tsc, tscinvbit, tscinv, bmi1, fma

Memory: 4k page, system-wide physical 9412M (1305M free)
TotalPageFile size 11460M (AvailPageFile size 21M)
current process WorkingSet (physical memory assigned to process): 138M, peak: 138M
current process commit charge ("private bytes"): 263M, peak: 293M

vm_info: OpenJDK 64-Bit Server VM (13-ea+32) for windows-amd64 JRE (13-ea+32), built on Aug  2 2019 02:33:27 by "mach5one" with unknown MS VC++:1916

END.
