#
# There is insufficient memory for the Java Runtime Environment to continue.
# Native memory allocation (mmap) failed to map 31457280 bytes for Failed to commit area from 0x0000000776200000 to 0x0000000778000000 of length 31457280.
# Possible reasons:
#   The system is out of physical RAM or swap space
#   The process is running with CompressedOops enabled, and the Java Heap may be blocking the growth of the native heap
# Possible solutions:
#   Reduce memory load on the system
#   Increase physical memory or swap space
#   Check if swap backing store is full
#   Decrease Java heap size (-Xmx/-Xms)
#   Decrease number of Java threads
#   Decrease Java thread stack sizes (-Xss)
#   Set larger code cache with -XX:ReservedCodeCacheSize=
#   JVM is running with Zero Based Compressed Oops mode in which the Java heap is
#     placed in the first 32GB address space. The Java Heap base address is the
#     maximum limit for the native heap growth. Please use -XX:HeapBaseMinAddress
#     to set the Java Heap base and to place the Java Heap above 32GB virtual address.
# This output file may be truncated or incomplete.
#
#  Out of Memory Error (t:/workspace/open/src/hotspot/os/windows/os_windows.cpp:3301), pid=6920, tid=5976
#
# JRE version: OpenJDK Runtime Environment (13.0+32) (build 13-ea+32)
# Java VM: OpenJDK 64-Bit Server VM (13-ea+32, mixed mode, sharing, tiered, compressed oops, g1 gc, windows-amd64)
# No core dump will be written. Minidumps are not enabled by default on client versions of Windows
#

---------------  S U M M A R Y ------------

Command Line: -Dvisualvm.id=14389863382900 -javaagent:C:\Program Files\JetBrains\IntelliJ IDEA EAP\lib\idea_rt.jar=49583:C:\Program Files\JetBrains\IntelliJ IDEA EAP\bin -Dfile.encoding=UTF-8 com.fortuneteller.dclient.PilotKt

Host: AMD A10-5745M APU with Radeon(tm) HD Graphics  , 4 cores, 9G,  Windows 10 , 64 bit Build 17763 (10.0.17763.475)
Time: Tue Dec 31 22:53:13 2019 Taipei Standard Time elapsed time: 12 seconds (0d 0h 0m 12s)

---------------  T H R E A D  ---------------

Current thread (0x0000016effcdd800):  VMThread "VM Thread" [stack: 0x0000001862100000,0x0000001862200000] [id=5976]

Stack: [0x0000001862100000,0x0000001862200000]
[error occurred during error reporting (printing stack bounds), id 0xc0000005, EXCEPTION_ACCESS_VIOLATION (0xc0000005) at pc=0x0000016eea7a10ad]

Native frames: (J=compiled Java code, j=interpreted, Vv=VM code, C=native code)
V  [jvm.dll+0x626fda]
V  [jvm.dll+0x772d7a]
V  [jvm.dll+0x77452f]
V  [jvm.dll+0x774a95]
V  [jvm.dll+0x774a4b]
V  [jvm.dll+0x62680f]
C  [ntdll.dll+0x66b26]
C  [ntdll.dll+0x4849]
C  [ntdll.dll+0xa34ee]
C  0x0000016eea7a10ad

VM_Operation (0x00000018632fcb10): G1CollectForAllocation, mode: safepoint, requested by thread 0x0000016e865a2000


---------------  P R O C E S S  ---------------

Threads class SMR info:
_java_thread_list=0x0000016e86bdbe70, length=20, elements={
0x0000016ee0ad5800, 0x0000016effce1800, 0x0000016effce5800, 0x0000016effcfc000,
0x0000016effcff000, 0x0000016effd01000, 0x0000016effd0b800, 0x0000016e8285f000,
0x0000016effcc6800, 0x0000016e82c9d800, 0x0000016e82c9e000, 0x0000016e8693c000,
0x0000016e85d51800, 0x0000016e8333e800, 0x0000016e89dad000, 0x0000016e865a2000,
0x0000016e867b4000, 0x0000016e83362800, 0x0000016e85cd8000, 0x0000016e8337f800
}

Java Threads: ( => current thread )
  0x0000016ee0ad5800 JavaThread "main" [_thread_blocked, id=9020, stack(0x0000001861b00000,0x0000001861c00000)]
  0x0000016effce1800 JavaThread "Reference Handler" daemon [_thread_blocked, id=9296, stack(0x0000001862200000,0x0000001862300000)]
  0x0000016effce5800 JavaThread "Finalizer" daemon [_thread_blocked, id=6764, stack(0x0000001862300000,0x0000001862400000)]
  0x0000016effcfc000 JavaThread "Signal Dispatcher" daemon [_thread_blocked, id=8524, stack(0x0000001862400000,0x0000001862500000)]
  0x0000016effcff000 JavaThread "Attach Listener" daemon [_thread_blocked, id=6484, stack(0x0000001862500000,0x0000001862600000)]
  0x0000016effd01000 JavaThread "C2 CompilerThread0" daemon [_thread_in_native, id=1308, stack(0x0000001862600000,0x0000001862700000)]
  0x0000016effd0b800 JavaThread "C1 CompilerThread0" daemon [_thread_blocked, id=1256, stack(0x0000001862700000,0x0000001862800000)]
  0x0000016e8285f000 JavaThread "Sweeper thread" daemon [_thread_blocked, id=10112, stack(0x0000001862800000,0x0000001862900000)]
  0x0000016effcc6800 JavaThread "Common-Cleaner" daemon [_thread_blocked, id=9728, stack(0x0000001862900000,0x0000001862a00000)]
  0x0000016e82c9d800 JavaThread "Monitor Ctrl-Break" daemon [_thread_in_native, id=11096, stack(0x0000001862a00000,0x0000001862b00000)]
  0x0000016e82c9e000 JavaThread "Service Thread" daemon [_thread_blocked, id=9648, stack(0x0000001862b00000,0x0000001862c00000)]
  0x0000016e8693c000 JavaThread "C2 CompilerThread1" daemon [_thread_blocked, id=11100, stack(0x0000001863800000,0x0000001863900000)]
  0x0000016e85d51800 JavaThread "ClassGraph-worker-16" daemon [_thread_blocked, id=8424, stack(0x0000001862d00000,0x0000001862e00000)]
  0x0000016e8333e800 JavaThread "ClassGraph-worker-17" daemon [_thread_blocked, id=7848, stack(0x0000001862e00000,0x0000001862f00000)]
  0x0000016e89dad000 JavaThread "ClassGraph-worker-18" daemon [_thread_blocked, id=9976, stack(0x0000001862f00000,0x0000001863000000)]
  0x0000016e865a2000 JavaThread "ClassGraph-worker-19" daemon [_thread_blocked, id=9440, stack(0x0000001863200000,0x0000001863300000)]
  0x0000016e867b4000 JavaThread "ClassGraph-worker-20" daemon [_thread_blocked, id=4564, stack(0x0000001863300000,0x0000001863400000)]
  0x0000016e83362800 JavaThread "ClassGraph-worker-21" daemon [_thread_blocked, id=10496, stack(0x0000001863400000,0x0000001863500000)]
  0x0000016e85cd8000 JavaThread "ClassGraph-worker-22" daemon [_thread_blocked, id=5796, stack(0x0000001863500000,0x0000001863600000)]
  0x0000016e8337f800 JavaThread "ClassGraph-worker-23" daemon [_thread_blocked, id=4472, stack(0x0000001863600000,0x0000001863700000)]

Other Threads:
=>0x0000016effcdd800 VMThread "VM Thread" [stack: 0x0000001862100000,0x0000001862200000] [id=5976]
  0x0000016e82ca5800 WatcherThread [stack: 0x0000001862c00000,0x0000001862d00000] [id=224]
  0x0000016ee09be800 GCTaskThread "GC Thread#0" [stack: 0x0000001861c00000,0x0000001861d00000] [id=9820]
  0x0000016e82dba000 GCTaskThread "GC Thread#1" [stack: 0x0000001863000000,0x0000001863100000] [id=7732]
  0x0000016e832cf000 GCTaskThread "GC Thread#2" [stack: 0x0000001863100000,0x0000001863200000] [id=11044]
  0x0000016ee0b32800 ConcurrentGCThread "G1 Main Marker" [stack: 0x0000001861d00000,0x0000001861e00000] [id=11152]
  0x0000016ee0b33800 ConcurrentGCThread "G1 Conc#0" [stack: 0x0000001861e00000,0x0000001861f00000] [id=10584]
  0x0000016effb59800 ConcurrentGCThread "G1 Refine#0" [stack: 0x0000001861f00000,0x0000001862000000] [id=2280]
  0x0000016e860e3000 ConcurrentGCThread "G1 Refine#1" [stack: 0x0000001863700000,0x0000001863800000] [id=5804]
  0x0000016e86320000 ConcurrentGCThread "G1 Refine#2" [stack: 0x0000001863900000,0x0000001863a00000] [id=1924]
  0x0000016effb5b000 ConcurrentGCThread "G1 Young RemSet Sampling" [stack: 0x0000001862000000,0x0000001862100000] [id=10572]

Threads with active compile tasks:
C2 CompilerThread0    12960 1500       4       io.github.classgraph.ClasspathElementZip::scanPaths (748 bytes)
C2 CompilerThread1    12960 1541   !   4       nonapi.io.github.classgraph.fastzipfilereader.LogicalZipFile::readCentralDirectory (3471 bytes)

VM state:at safepoint (normal execution)

VM Mutex/Monitor currently owned by a thread:  ([mutex/lock_event])
[0x0000016ee0ad20c0] Threads_lock - owner thread: 0x0000016effcdd800
[0x0000016ee0ad12b0] Heap_lock - owner thread: 0x0000016e865a2000

Heap address: 0x000000076ce00000, size: 2354 MB, Compressed Oops mode: Zero based, Oop shift amount: 3
Narrow klass base: 0x0000000800000000, Narrow klass shift: 3
Compressed class space size: 1073741824 Address: 0x0000000800b40000

Heap:
 garbage-first heap   total 182272K, used 44433K [0x000000076ce00000, 0x0000000800000000)
  region size 1024K, 2 young (2048K), 2 survivors (2048K)
 Metaspace       used 6941K, capacity 8161K, committed 8320K, reserved 1056768K
  class space    used 596K, capacity 806K, committed 896K, reserved 1048576K
Heap Regions: E=young(eden), S=young(survivor), O=old, HS=humongous(starts), HC=humongous(continues), CS=collection set, F=free, A=archive, TAMS=top-at-mark-start (previous, next)
|   0|0x000000076ce00000, 0x000000076cf00000, 0x000000076cf00000|100%|HS|  |TAMS 0x000000076ce00000, 0x000000076ce00000| Complete 
|   1|0x000000076cf00000, 0x000000076d000000, 0x000000076d000000|100%|HC|  |TAMS 0x000000076cf00000, 0x000000076cf00000| Complete 
|   2|0x000000076d000000, 0x000000076d100000, 0x000000076d100000|100%|HC|  |TAMS 0x000000076d000000, 0x000000076d000000| Complete 
|   3|0x000000076d100000, 0x000000076d200000, 0x000000076d200000|100%| O|  |TAMS 0x000000076d100000, 0x000000076d100000| Untracked 
|   4|0x000000076d200000, 0x000000076d300000, 0x000000076d300000|100%| O|  |TAMS 0x000000076d200000, 0x000000076d200000| Untracked 
|   5|0x000000076d300000, 0x000000076d400000, 0x000000076d400000|100%| O|  |TAMS 0x000000076d300000, 0x000000076d300000| Untracked 
|   6|0x000000076d400000, 0x000000076d500000, 0x000000076d500000|100%| O|  |TAMS 0x000000076d400000, 0x000000076d400000| Untracked 
|   7|0x000000076d500000, 0x000000076d500000, 0x000000076d600000|  0%| F|  |TAMS 0x000000076d500000, 0x000000076d500000| Untracked 
|   8|0x000000076d600000, 0x000000076d600000, 0x000000076d700000|  0%| F|  |TAMS 0x000000076d600000, 0x000000076d600000| Untracked 
|   9|0x000000076d700000, 0x000000076d700000, 0x000000076d800000|  0%| F|  |TAMS 0x000000076d700000, 0x000000076d700000| Untracked 
|  10|0x000000076d800000, 0x000000076d900000, 0x000000076d900000|100%| O|  |TAMS 0x000000076d800000, 0x000000076d800000| Untracked 
|  11|0x000000076d900000, 0x000000076da00000, 0x000000076da00000|100%| O|  |TAMS 0x000000076d900000, 0x000000076d900000| Untracked 
|  12|0x000000076da00000, 0x000000076db00000, 0x000000076db00000|100%| O|  |TAMS 0x000000076da00000, 0x000000076da00000| Untracked 
|  13|0x000000076db00000, 0x000000076dc00000, 0x000000076dc00000|100%| O|  |TAMS 0x000000076db00000, 0x000000076db00000| Untracked 
|  14|0x000000076dc00000, 0x000000076dd00000, 0x000000076dd00000|100%| O|  |TAMS 0x000000076dc00000, 0x000000076dc00000| Untracked 
|  15|0x000000076dd00000, 0x000000076de00000, 0x000000076de00000|100%| O|  |TAMS 0x000000076dd00000, 0x000000076dd00000| Untracked 
|  16|0x000000076de00000, 0x000000076df00000, 0x000000076df00000|100%| O|  |TAMS 0x000000076de00000, 0x000000076de00000| Untracked 
|  17|0x000000076df00000, 0x000000076e000000, 0x000000076e000000|100%| O|  |TAMS 0x000000076df00000, 0x000000076df00000| Untracked 
|  18|0x000000076e000000, 0x000000076e100000, 0x000000076e100000|100%| O|  |TAMS 0x000000076e000000, 0x000000076e000000| Untracked 
|  19|0x000000076e100000, 0x000000076e200000, 0x000000076e200000|100%| O|  |TAMS 0x000000076e100000, 0x000000076e100000| Untracked 
|  20|0x000000076e200000, 0x000000076e300000, 0x000000076e300000|100%| O|  |TAMS 0x000000076e200000, 0x000000076e200000| Untracked 
|  21|0x000000076e300000, 0x000000076e400000, 0x000000076e400000|100%| O|  |TAMS 0x000000076e300000, 0x000000076e300000| Untracked 
|  22|0x000000076e400000, 0x000000076e500000, 0x000000076e500000|100%| O|  |TAMS 0x000000076e400000, 0x000000076e400000| Untracked 
|  23|0x000000076e500000, 0x000000076e600000, 0x000000076e600000|100%| O|  |TAMS 0x000000076e500000, 0x000000076e500000| Untracked 
|  24|0x000000076e600000, 0x000000076e700000, 0x000000076e700000|100%| O|  |TAMS 0x000000076e600000, 0x000000076e600000| Untracked 
|  25|0x000000076e700000, 0x000000076e800000, 0x000000076e800000|100%| O|  |TAMS 0x000000076e700000, 0x000000076e700000| Untracked 
|  26|0x000000076e800000, 0x000000076e900000, 0x000000076e900000|100%| O|  |TAMS 0x000000076e800000, 0x000000076e800000| Untracked 
|  27|0x000000076e900000, 0x000000076ea00000, 0x000000076ea00000|100%| O|  |TAMS 0x000000076e900000, 0x000000076e900000| Untracked 
|  28|0x000000076ea00000, 0x000000076eb00000, 0x000000076eb00000|100%| O|  |TAMS 0x000000076ea00000, 0x000000076ea00000| Untracked 
|  29|0x000000076eb00000, 0x000000076ec00000, 0x000000076ec00000|100%| O|  |TAMS 0x000000076eb00000, 0x000000076eb00000| Untracked 
|  30|0x000000076ec00000, 0x000000076ed00000, 0x000000076ed00000|100%| O|  |TAMS 0x000000076ec00000, 0x000000076ec00000| Untracked 
|  31|0x000000076ed00000, 0x000000076ee00000, 0x000000076ee00000|100%| O|  |TAMS 0x000000076ed00000, 0x000000076ed00000| Untracked 
|  32|0x000000076ee00000, 0x000000076ef00000, 0x000000076ef00000|100%| O|  |TAMS 0x000000076ee00000, 0x000000076ee00000| Untracked 
|  33|0x000000076ef00000, 0x000000076f000000, 0x000000076f000000|100%| O|  |TAMS 0x000000076ef00000, 0x000000076ef00000| Untracked 
|  34|0x000000076f000000, 0x000000076f100000, 0x000000076f100000|100%| O|  |TAMS 0x000000076f000000, 0x000000076f000000| Untracked 
|  35|0x000000076f100000, 0x000000076f200000, 0x000000076f200000|100%| O|  |TAMS 0x000000076f100000, 0x000000076f100000| Untracked 
|  36|0x000000076f200000, 0x000000076f300000, 0x000000076f300000|100%| O|  |TAMS 0x000000076f200000, 0x000000076f200000| Untracked 
|  37|0x000000076f300000, 0x000000076f400000, 0x000000076f400000|100%| O|  |TAMS 0x000000076f300000, 0x000000076f300000| Untracked 
|  38|0x000000076f400000, 0x000000076f500000, 0x000000076f500000|100%| O|  |TAMS 0x000000076f400000, 0x000000076f400000| Untracked 
|  39|0x000000076f500000, 0x000000076f600000, 0x000000076f600000|100%| O|  |TAMS 0x000000076f500000, 0x000000076f500000| Untracked 
|  40|0x000000076f600000, 0x000000076f700000, 0x000000076f700000|100%| O|  |TAMS 0x000000076f600000, 0x000000076f600000| Untracked 
|  41|0x000000076f700000, 0x000000076f800000, 0x000000076f800000|100%| O|  |TAMS 0x000000076f700000, 0x000000076f700000| Untracked 
|  42|0x000000076f800000, 0x000000076f900000, 0x000000076f900000|100%| O|  |TAMS 0x000000076f800000, 0x000000076f800000| Untracked 
|  43|0x000000076f900000, 0x000000076fa00000, 0x000000076fa00000|100%| O|  |TAMS 0x000000076f900000, 0x000000076f900000| Untracked 
|  44|0x000000076fa00000, 0x000000076fa64400, 0x000000076fb00000| 39%| O|  |TAMS 0x000000076fa00000, 0x000000076fa00000| Untracked 
|  45|0x000000076fb00000, 0x000000076fb00000, 0x000000076fc00000|  0%| F|  |TAMS 0x000000076fb00000, 0x000000076fb00000| Untracked 
|  46|0x000000076fc00000, 0x000000076fc00000, 0x000000076fd00000|  0%| F|  |TAMS 0x000000076fc00000, 0x000000076fc00000| Untracked 
|  47|0x000000076fd00000, 0x000000076fd00000, 0x000000076fe00000|  0%| F|  |TAMS 0x000000076fd00000, 0x000000076fd00000| Untracked 
|  48|0x000000076fe00000, 0x000000076fe00000, 0x000000076ff00000|  0%| F|  |TAMS 0x000000076fe00000, 0x000000076fe00000| Untracked 
|  49|0x000000076ff00000, 0x000000076ff00000, 0x0000000770000000|  0%| F|  |TAMS 0x000000076ff00000, 0x000000076ff00000| Untracked 
|  50|0x0000000770000000, 0x0000000770000000, 0x0000000770100000|  0%| F|  |TAMS 0x0000000770000000, 0x0000000770000000| Untracked 
|  51|0x0000000770100000, 0x0000000770100000, 0x0000000770200000|  0%| F|  |TAMS 0x0000000770100000, 0x0000000770100000| Untracked 
|  52|0x0000000770200000, 0x0000000770200000, 0x0000000770300000|  0%| F|  |TAMS 0x0000000770200000, 0x0000000770200000| Untracked 
|  53|0x0000000770300000, 0x0000000770300000, 0x0000000770400000|  0%| F|  |TAMS 0x0000000770300000, 0x0000000770300000| Untracked 
|  54|0x0000000770400000, 0x0000000770400000, 0x0000000770500000|  0%| F|  |TAMS 0x0000000770400000, 0x0000000770400000| Untracked 
|  55|0x0000000770500000, 0x0000000770500000, 0x0000000770600000|  0%| F|  |TAMS 0x0000000770500000, 0x0000000770500000| Untracked 
|  56|0x0000000770600000, 0x0000000770600000, 0x0000000770700000|  0%| F|  |TAMS 0x0000000770600000, 0x0000000770600000| Untracked 
|  57|0x0000000770700000, 0x0000000770700000, 0x0000000770800000|  0%| F|  |TAMS 0x0000000770700000, 0x0000000770700000| Untracked 
|  58|0x0000000770800000, 0x0000000770800000, 0x0000000770900000|  0%| F|  |TAMS 0x0000000770800000, 0x0000000770800000| Untracked 
|  59|0x0000000770900000, 0x0000000770900000, 0x0000000770a00000|  0%| F|  |TAMS 0x0000000770900000, 0x0000000770900000| Untracked 
|  60|0x0000000770a00000, 0x0000000770a00000, 0x0000000770b00000|  0%| F|  |TAMS 0x0000000770a00000, 0x0000000770a00000| Untracked 
|  61|0x0000000770b00000, 0x0000000770b00000, 0x0000000770c00000|  0%| F|  |TAMS 0x0000000770b00000, 0x0000000770b00000| Untracked 
|  62|0x0000000770c00000, 0x0000000770c00000, 0x0000000770d00000|  0%| F|  |TAMS 0x0000000770c00000, 0x0000000770c00000| Untracked 
|  63|0x0000000770d00000, 0x0000000770d00000, 0x0000000770e00000|  0%| F|  |TAMS 0x0000000770d00000, 0x0000000770d00000| Untracked 
|  64|0x0000000770e00000, 0x0000000770e00000, 0x0000000770f00000|  0%| F|  |TAMS 0x0000000770e00000, 0x0000000770e00000| Untracked 
|  65|0x0000000770f00000, 0x0000000770f00000, 0x0000000771000000|  0%| F|  |TAMS 0x0000000770f00000, 0x0000000770f00000| Untracked 
|  66|0x0000000771000000, 0x0000000771000000, 0x0000000771100000|  0%| F|  |TAMS 0x0000000771000000, 0x0000000771000000| Untracked 
|  67|0x0000000771100000, 0x0000000771100000, 0x0000000771200000|  0%| F|  |TAMS 0x0000000771100000, 0x0000000771100000| Untracked 
|  68|0x0000000771200000, 0x0000000771200000, 0x0000000771300000|  0%| F|  |TAMS 0x0000000771200000, 0x0000000771200000| Untracked 
|  69|0x0000000771300000, 0x0000000771300000, 0x0000000771400000|  0%| F|  |TAMS 0x0000000771300000, 0x0000000771300000| Untracked 
|  70|0x0000000771400000, 0x0000000771400000, 0x0000000771500000|  0%| F|  |TAMS 0x0000000771400000, 0x0000000771400000| Untracked 
|  71|0x0000000771500000, 0x0000000771500000, 0x0000000771600000|  0%| F|  |TAMS 0x0000000771500000, 0x0000000771500000| Untracked 
|  72|0x0000000771600000, 0x0000000771600000, 0x0000000771700000|  0%| F|  |TAMS 0x0000000771600000, 0x0000000771600000| Untracked 
|  73|0x0000000771700000, 0x0000000771700000, 0x0000000771800000|  0%| F|  |TAMS 0x0000000771700000, 0x0000000771700000| Untracked 
|  74|0x0000000771800000, 0x0000000771800000, 0x0000000771900000|  0%| F|  |TAMS 0x0000000771800000, 0x0000000771800000| Untracked 
|  75|0x0000000771900000, 0x0000000771900000, 0x0000000771a00000|  0%| F|  |TAMS 0x0000000771900000, 0x0000000771900000| Untracked 
|  76|0x0000000771a00000, 0x0000000771a00000, 0x0000000771b00000|  0%| F|  |TAMS 0x0000000771a00000, 0x0000000771a00000| Untracked 
|  77|0x0000000771b00000, 0x0000000771b00000, 0x0000000771c00000|  0%| F|  |TAMS 0x0000000771b00000, 0x0000000771b00000| Untracked 
|  78|0x0000000771c00000, 0x0000000771c00000, 0x0000000771d00000|  0%| F|  |TAMS 0x0000000771c00000, 0x0000000771c00000| Untracked 
|  79|0x0000000771d00000, 0x0000000771d00000, 0x0000000771e00000|  0%| F|  |TAMS 0x0000000771d00000, 0x0000000771d00000| Untracked 
|  80|0x0000000771e00000, 0x0000000771e00000, 0x0000000771f00000|  0%| F|  |TAMS 0x0000000771e00000, 0x0000000771e00000| Untracked 
|  81|0x0000000771f00000, 0x0000000771f00000, 0x0000000772000000|  0%| F|  |TAMS 0x0000000771f00000, 0x0000000771f00000| Untracked 
|  82|0x0000000772000000, 0x0000000772000000, 0x0000000772100000|  0%| F|  |TAMS 0x0000000772000000, 0x0000000772000000| Untracked 
|  83|0x0000000772100000, 0x0000000772100000, 0x0000000772200000|  0%| F|  |TAMS 0x0000000772100000, 0x0000000772100000| Untracked 
|  84|0x0000000772200000, 0x0000000772200000, 0x0000000772300000|  0%| F|  |TAMS 0x0000000772200000, 0x0000000772200000| Untracked 
|  85|0x0000000772300000, 0x0000000772300000, 0x0000000772400000|  0%| F|  |TAMS 0x0000000772300000, 0x0000000772300000| Untracked 
|  86|0x0000000772400000, 0x0000000772400000, 0x0000000772500000|  0%| F|  |TAMS 0x0000000772400000, 0x0000000772400000| Untracked 
|  87|0x0000000772500000, 0x0000000772500000, 0x0000000772600000|  0%| F|  |TAMS 0x0000000772500000, 0x0000000772500000| Untracked 
|  88|0x0000000772600000, 0x0000000772600000, 0x0000000772700000|  0%| F|  |TAMS 0x0000000772600000, 0x0000000772600000| Untracked 
|  89|0x0000000772700000, 0x0000000772700000, 0x0000000772800000|  0%| F|  |TAMS 0x0000000772700000, 0x0000000772700000| Untracked 
|  90|0x0000000772800000, 0x0000000772800000, 0x0000000772900000|  0%| F|  |TAMS 0x0000000772800000, 0x0000000772800000| Untracked 
|  91|0x0000000772900000, 0x0000000772900000, 0x0000000772a00000|  0%| F|  |TAMS 0x0000000772900000, 0x0000000772900000| Untracked 
|  92|0x0000000772a00000, 0x0000000772a00000, 0x0000000772b00000|  0%| F|  |TAMS 0x0000000772a00000, 0x0000000772a00000| Untracked 
|  93|0x0000000772b00000, 0x0000000772b00000, 0x0000000772c00000|  0%| F|  |TAMS 0x0000000772b00000, 0x0000000772b00000| Untracked 
|  94|0x0000000772c00000, 0x0000000772c00000, 0x0000000772d00000|  0%| F|  |TAMS 0x0000000772c00000, 0x0000000772c00000| Untracked 
|  95|0x0000000772d00000, 0x0000000772d00000, 0x0000000772e00000|  0%| F|  |TAMS 0x0000000772d00000, 0x0000000772d00000| Untracked 
|  96|0x0000000772e00000, 0x0000000772e00000, 0x0000000772f00000|  0%| F|  |TAMS 0x0000000772e00000, 0x0000000772e00000| Untracked 
|  97|0x0000000772f00000, 0x0000000772f00000, 0x0000000773000000|  0%| F|  |TAMS 0x0000000772f00000, 0x0000000772f00000| Untracked 
|  98|0x0000000773000000, 0x0000000773000000, 0x0000000773100000|  0%| F|  |TAMS 0x0000000773000000, 0x0000000773000000| Untracked 
|  99|0x0000000773100000, 0x0000000773100000, 0x0000000773200000|  0%| F|  |TAMS 0x0000000773100000, 0x0000000773100000| Untracked 
| 100|0x0000000773200000, 0x0000000773200000, 0x0000000773300000|  0%| F|  |TAMS 0x0000000773200000, 0x0000000773200000| Untracked 
| 101|0x0000000773300000, 0x0000000773300000, 0x0000000773400000|  0%| F|  |TAMS 0x0000000773300000, 0x0000000773300000| Untracked 
| 102|0x0000000773400000, 0x0000000773400000, 0x0000000773500000|  0%| F|  |TAMS 0x0000000773400000, 0x0000000773400000| Untracked 
| 103|0x0000000773500000, 0x0000000773500000, 0x0000000773600000|  0%| F|  |TAMS 0x0000000773500000, 0x0000000773500000| Untracked 
| 104|0x0000000773600000, 0x0000000773600000, 0x0000000773700000|  0%| F|  |TAMS 0x0000000773600000, 0x0000000773600000| Untracked 
| 105|0x0000000773700000, 0x0000000773700000, 0x0000000773800000|  0%| F|  |TAMS 0x0000000773700000, 0x0000000773700000| Untracked 
| 106|0x0000000773800000, 0x0000000773800000, 0x0000000773900000|  0%| F|  |TAMS 0x0000000773800000, 0x0000000773800000| Untracked 
| 107|0x0000000773900000, 0x0000000773900000, 0x0000000773a00000|  0%| F|  |TAMS 0x0000000773900000, 0x0000000773900000| Untracked 
| 108|0x0000000773a00000, 0x0000000773a00000, 0x0000000773b00000|  0%| F|  |TAMS 0x0000000773a00000, 0x0000000773a00000| Untracked 
| 109|0x0000000773b00000, 0x0000000773b00000, 0x0000000773c00000|  0%| F|  |TAMS 0x0000000773b00000, 0x0000000773b00000| Untracked 
| 110|0x0000000773c00000, 0x0000000773c00000, 0x0000000773d00000|  0%| F|  |TAMS 0x0000000773c00000, 0x0000000773c00000| Untracked 
| 111|0x0000000773d00000, 0x0000000773d00000, 0x0000000773e00000|  0%| F|  |TAMS 0x0000000773d00000, 0x0000000773d00000| Untracked 
| 112|0x0000000773e00000, 0x0000000773e00000, 0x0000000773f00000|  0%| F|  |TAMS 0x0000000773e00000, 0x0000000773e00000| Untracked 
| 113|0x0000000773f00000, 0x0000000773f00000, 0x0000000774000000|  0%| F|  |TAMS 0x0000000773f00000, 0x0000000773f00000| Untracked 
| 114|0x0000000774000000, 0x0000000774000000, 0x0000000774100000|  0%| F|  |TAMS 0x0000000774000000, 0x0000000774000000| Untracked 
| 115|0x0000000774100000, 0x0000000774100000, 0x0000000774200000|  0%| F|  |TAMS 0x0000000774100000, 0x0000000774100000| Untracked 
| 116|0x0000000774200000, 0x0000000774200000, 0x0000000774300000|  0%| F|  |TAMS 0x0000000774200000, 0x0000000774200000| Untracked 
| 117|0x0000000774300000, 0x0000000774300000, 0x0000000774400000|  0%| F|  |TAMS 0x0000000774300000, 0x0000000774300000| Untracked 
| 118|0x0000000774400000, 0x0000000774400000, 0x0000000774500000|  0%| F|  |TAMS 0x0000000774400000, 0x0000000774400000| Untracked 
| 119|0x0000000774500000, 0x0000000774500000, 0x0000000774600000|  0%| F|  |TAMS 0x0000000774500000, 0x0000000774500000| Untracked 
| 120|0x0000000774600000, 0x0000000774600000, 0x0000000774700000|  0%| F|  |TAMS 0x0000000774600000, 0x0000000774600000| Untracked 
| 121|0x0000000774700000, 0x0000000774700000, 0x0000000774800000|  0%| F|  |TAMS 0x0000000774700000, 0x0000000774700000| Untracked 
| 122|0x0000000774800000, 0x0000000774800000, 0x0000000774900000|  0%| F|  |TAMS 0x0000000774800000, 0x0000000774800000| Untracked 
| 123|0x0000000774900000, 0x0000000774900000, 0x0000000774a00000|  0%| F|  |TAMS 0x0000000774900000, 0x0000000774900000| Untracked 
| 124|0x0000000774a00000, 0x0000000774a00000, 0x0000000774b00000|  0%| F|  |TAMS 0x0000000774a00000, 0x0000000774a00000| Untracked 
| 125|0x0000000774b00000, 0x0000000774b00000, 0x0000000774c00000|  0%| F|  |TAMS 0x0000000774b00000, 0x0000000774b00000| Untracked 
| 126|0x0000000774c00000, 0x0000000774c00000, 0x0000000774d00000|  0%| F|  |TAMS 0x0000000774c00000, 0x0000000774c00000| Untracked 
| 127|0x0000000774d00000, 0x0000000774d00000, 0x0000000774e00000|  0%| F|  |TAMS 0x0000000774d00000, 0x0000000774d00000| Untracked 
| 128|0x0000000774e00000, 0x0000000774e00000, 0x0000000774f00000|  0%| F|  |TAMS 0x0000000774e00000, 0x0000000774e00000| Untracked 
| 129|0x0000000774f00000, 0x0000000774f00000, 0x0000000775000000|  0%| F|  |TAMS 0x0000000774f00000, 0x0000000774f00000| Untracked 
| 130|0x0000000775000000, 0x0000000775000000, 0x0000000775100000|  0%| F|  |TAMS 0x0000000775000000, 0x0000000775000000| Untracked 
| 131|0x0000000775100000, 0x0000000775100000, 0x0000000775200000|  0%| F|  |TAMS 0x0000000775100000, 0x0000000775100000| Untracked 
| 132|0x0000000775200000, 0x0000000775200000, 0x0000000775300000|  0%| F|  |TAMS 0x0000000775200000, 0x0000000775200000| Untracked 
| 133|0x0000000775300000, 0x0000000775300000, 0x0000000775400000|  0%| F|  |TAMS 0x0000000775300000, 0x0000000775300000| Untracked 
| 134|0x0000000775400000, 0x0000000775400000, 0x0000000775500000|  0%| F|  |TAMS 0x0000000775400000, 0x0000000775400000| Untracked 
| 135|0x0000000775500000, 0x0000000775500000, 0x0000000775600000|  0%| F|  |TAMS 0x0000000775500000, 0x0000000775500000| Untracked 
| 136|0x0000000775600000, 0x0000000775600000, 0x0000000775700000|  0%| F|  |TAMS 0x0000000775600000, 0x0000000775600000| Untracked 
| 137|0x0000000775700000, 0x0000000775700000, 0x0000000775800000|  0%| F|  |TAMS 0x0000000775700000, 0x0000000775700000| Untracked 
| 138|0x0000000775800000, 0x0000000775900000, 0x0000000775900000|100%| S|CS|TAMS 0x0000000775800000, 0x0000000775800000| Complete 
| 139|0x0000000775900000, 0x0000000775a00000, 0x0000000775a00000|100%| S|CS|TAMS 0x0000000775900000, 0x0000000775900000| Complete 
| 140|0x0000000775a00000, 0x0000000775a00000, 0x0000000775b00000|  0%| F|  |TAMS 0x0000000775a00000, 0x0000000775a00000| Untracked 
| 141|0x0000000775b00000, 0x0000000775b00000, 0x0000000775c00000|  0%| F|  |TAMS 0x0000000775b00000, 0x0000000775b00000| Untracked 
| 142|0x0000000775c00000, 0x0000000775c00000, 0x0000000775d00000|  0%| F|  |TAMS 0x0000000775c00000, 0x0000000775c00000| Untracked 
| 143|0x0000000775d00000, 0x0000000775d00000, 0x0000000775e00000|  0%| F|  |TAMS 0x0000000775d00000, 0x0000000775d00000| Untracked 
| 144|0x0000000775e00000, 0x0000000775e00000, 0x0000000775f00000|  0%| F|  |TAMS 0x0000000775e00000, 0x0000000775e00000| Untracked 
| 145|0x0000000775f00000, 0x0000000775f00000, 0x0000000776000000|  0%| F|  |TAMS 0x0000000775f00000, 0x0000000775f00000| Untracked 
| 146|0x0000000776000000, 0x0000000776000000, 0x0000000776100000|  0%| F|  |TAMS 0x0000000776000000, 0x0000000776000000| Untracked 
| 147|0x0000000776100000, 0x0000000776100000, 0x0000000776200000|  0%| F|  |TAMS 0x0000000776100000, 0x0000000776100000| Untracked 

Card table byte_map: [0x0000016efa3a0000,0x0000016efa840000] _byte_map_base: 0x0000016ef6839000

Marking Bits (Prev, Next): (CMBitMap*) 0x0000016ee0b1f2e8, (CMBitMap*) 0x0000016ee0b1f328
 Prev Bits: [0x0000016eface0000, 0x0000016efd1a8000)
 Next Bits: [0x0000016efd1b0000, 0x0000016eff678000)

Polling page: 0x0000016ee08b0000

Metaspace:

Usage:
  Non-class:      7.18 MB capacity,     6.20 MB ( 86%) used,   993.34 KB ( 14%) free+waste,    16.63 KB ( <1%) overhead. 
      Class:    806.00 KB capacity,   596.20 KB ( 74%) used,   201.30 KB ( 25%) free+waste,     8.50 KB (  1%) overhead. 
       Both:      7.97 MB capacity,     6.78 MB ( 85%) used,     1.17 MB ( 15%) free+waste,    25.13 KB ( <1%) overhead. 

Virtual space:
  Non-class space:        8.00 MB reserved,       7.25 MB ( 91%) committed 
      Class space:        1.00 GB reserved,     896.00 KB ( <1%) committed 
             Both:        1.01 GB reserved,       8.13 MB ( <1%) committed 

Chunk freelists:
   Non-Class:  5.00 KB
       Class:  0 bytes
        Both:  5.00 KB

MaxMetaspaceSize: 17179869184.00 GB
CompressedClassSpaceSize: 1.00 GB

CodeHeap 'non-profiled nmethods': size=120064Kb used=810Kb max_used=810Kb free=119253Kb
 bounds [0x0000016ef2260000, 0x0000016ef24d0000, 0x0000016ef97a0000]
CodeHeap 'profiled nmethods': size=120000Kb used=4097Kb max_used=4097Kb free=115902Kb
 bounds [0x0000016eead30000, 0x0000016eeb140000, 0x0000016ef2260000]
CodeHeap 'non-nmethods': size=5696Kb used=1194Kb max_used=1230Kb free=4501Kb
 bounds [0x0000016eea7a0000, 0x0000016eeaa10000, 0x0000016eead30000]
 total_blobs=2721 nmethods=1552 adapters=357
 compilation: enabled
              stopped_count=0, restarted_count=0
 full_count=0

Compilation events (20 events):
Event: 12.804 Thread 0x0000016effd0b800 1547   !   3       sun.nio.ch.FileChannelImpl::map (806 bytes)
Event: 12.814 Thread 0x0000016effd0b800 nmethod 1547 0x0000016eeb125790 code [0x0000016eeb125e20, 0x0000016eeb129770]
Event: 12.814 Thread 0x0000016effd0b800 1548       3       sun.nio.ch.FileDispatcherImpl::size (5 bytes)
Event: 12.814 Thread 0x0000016effd0b800 nmethod 1548 0x0000016eeb12b090 code [0x0000016eeb12b240, 0x0000016eeb12b3f0]
Event: 12.814 Thread 0x0000016effd0b800 1550       3       sun.nio.ch.FileChannelImpl::<init> (144 bytes)
Event: 12.816 Thread 0x0000016effd0b800 nmethod 1550 0x0000016eeb12b490 code [0x0000016eeb12b740, 0x0000016eeb12c870]
Event: 12.821 Thread 0x0000016effd0b800 1551       3       sun.nio.ch.FileChannelImpl::open (16 bytes)
Event: 12.821 Thread 0x0000016effd0b800 nmethod 1551 0x0000016eeb12cd90 code [0x0000016eeb12cf40, 0x0000016eeb12d170]
Event: 12.822 Thread 0x0000016effd0b800 1552       3       java.lang.Integer::longValue (6 bytes)
Event: 12.822 Thread 0x0000016effd0b800 nmethod 1552 0x0000016eeb12d290 code [0x0000016eeb12d420, 0x0000016eeb12d598]
Event: 12.822 Thread 0x0000016effd0b800 1553       3       java.nio.channels.spi.AbstractInterruptibleChannel$1::<init> (10 bytes)
Event: 12.822 Thread 0x0000016effd0b800 nmethod 1553 0x0000016eeb12d610 code [0x0000016eeb12d7c0, 0x0000016eeb12d9f8]
Event: 12.823 Thread 0x0000016effd0b800 1554       3       java.nio.MappedByteBuffer::<init> (16 bytes)
Event: 12.823 Thread 0x0000016effd0b800 nmethod 1554 0x0000016eeb12da90 code [0x0000016eeb12dc40, 0x0000016eeb12def0]
Event: 12.826 Thread 0x0000016effd0b800 1555       3       nonapi.io.github.classgraph.fastzipfilereader.MappedByteBufferResources$1::newInstance (10 bytes)
Event: 12.826 Thread 0x0000016effd0b800 nmethod 1555 0x0000016eeb12e010 code [0x0000016eeb12e1c0, 0x0000016eeb12e490]
Event: 12.827 Thread 0x0000016effd0b800 1556       3       java.nio.DirectByteBufferR::<init> (16 bytes)
Event: 12.828 Thread 0x0000016effd0b800 nmethod 1556 0x0000016eeb12e590 code [0x0000016eeb12e7c0, 0x0000016eeb12f2c0]
Event: 12.828 Thread 0x0000016effd0b800 1557       3       java.nio.DirectByteBuffer::<init> (31 bytes)
Event: 12.829 Thread 0x0000016effd0b800 nmethod 1557 0x0000016eeb12f690 code [0x0000016eeb12f8c0, 0x0000016eeb130380]

GC Heap History (13 events):
Event: 2.539 GC heap before
{Heap before GC invocations=0 (full 0):
 garbage-first heap   total 151552K, used 16384K [0x000000076ce00000, 0x0000000800000000)
  region size 1024K, 14 young (14336K), 0 survivors (0K)
 Metaspace       used 3634K, capacity 5881K, committed 6016K, reserved 1056768K
  class space    used 337K, capacity 578K, committed 640K, reserved 1048576K
}
Event: 2.552 GC heap after
{Heap after GC invocations=1 (full 0):
 garbage-first heap   total 151552K, used 8276K [0x000000076ce00000, 0x0000000800000000)
  region size 1024K, 2 young (2048K), 2 survivors (2048K)
 Metaspace       used 3634K, capacity 5881K, committed 6016K, reserved 1056768K
  class space    used 337K, capacity 578K, committed 640K, reserved 1048576K
}
Event: 10.566 GC heap before
{Heap before GC invocations=1 (full 0):
 garbage-first heap   total 151552K, used 71764K [0x000000076ce00000, 0x0000000800000000)
  region size 1024K, 62 young (63488K), 2 survivors (2048K)
 Metaspace       used 6773K, capacity 8081K, committed 8320K, reserved 1056768K
  class space    used 586K, capacity 801K, committed 896K, reserved 1048576K
}
Event: 10.633 GC heap after
{Heap after GC invocations=2 (full 0):
 garbage-first heap   total 151552K, used 23906K [0x000000076ce00000, 0x0000000800000000)
  region size 1024K, 8 young (8192K), 8 survivors (8192K)
 Metaspace       used 6773K, capacity 8081K, committed 8320K, reserved 1056768K
  class space    used 586K, capacity 801K, committed 896K, reserved 1048576K
}
Event: 10.723 GC heap before
{Heap before GC invocations=2 (full 0):
 garbage-first heap   total 151552K, used 32098K [0x000000076ce00000, 0x0000000800000000)
  region size 1024K, 13 young (13312K), 8 survivors (8192K)
 Metaspace       used 6802K, capacity 8145K, committed 8320K, reserved 1056768K
  class space    used 586K, capacity 801K, committed 896K, reserved 1048576K
}
Event: 10.763 GC heap after
{Heap after GC invocations=3 (full 0):
 garbage-first heap   total 151552K, used 29321K [0x000000076ce00000, 0x0000000800000000)
  region size 1024K, 2 young (2048K), 2 survivors (2048K)
 Metaspace       used 6802K, capacity 8145K, committed 8320K, reserved 1056768K
  class space    used 586K, capacity 801K, committed 896K, reserved 1048576K
}
Event: 10.903 GC heap before
{Heap before GC invocations=3 (full 0):
 garbage-first heap   total 151552K, used 36489K [0x000000076ce00000, 0x0000000800000000)
  region size 1024K, 9 young (9216K), 2 survivors (2048K)
 Metaspace       used 6811K, capacity 8145K, committed 8320K, reserved 1056768K
  class space    used 586K, capacity 801K, committed 896K, reserved 1048576K
}
Event: 10.911 GC heap after
{Heap after GC invocations=4 (full 0):
 garbage-first heap   total 151552K, used 31744K [0x000000076ce00000, 0x0000000800000000)
  region size 1024K, 2 young (2048K), 2 survivors (2048K)
 Metaspace       used 6811K, capacity 8145K, committed 8320K, reserved 1056768K
  class space    used 586K, capacity 801K, committed 896K, reserved 1048576K
}
Event: 11.278 GC heap before
{Heap before GC invocations=4 (full 0):
 garbage-first heap   total 151552K, used 48128K [0x000000076ce00000, 0x0000000800000000)
  region size 1024K, 18 young (18432K), 2 survivors (2048K)
 Metaspace       used 6822K, capacity 8145K, committed 8320K, reserved 1056768K
  class space    used 586K, capacity 801K, committed 896K, reserved 1048576K
}
Event: 11.305 GC heap after
{Heap after GC invocations=5 (full 0):
 garbage-first heap   total 151552K, used 35017K [0x000000076ce00000, 0x0000000800000000)
  region size 1024K, 3 young (3072K), 3 survivors (3072K)
 Metaspace       used 6822K, capacity 8145K, committed 8320K, reserved 1056768K
  class space    used 586K, capacity 801K, committed 896K, reserved 1048576K
}
Event: 12.681 GC heap before
{Heap before GC invocations=5 (full 0):
 garbage-first heap   total 151552K, used 58569K [0x000000076ce00000, 0x0000000800000000)
  region size 1024K, 24 young (24576K), 3 survivors (3072K)
 Metaspace       used 6913K, capacity 8161K, committed 8320K, reserved 1056768K
  class space    used 596K, capacity 806K, committed 896K, reserved 1048576K
}
Event: 12.709 GC heap after
{Heap after GC invocations=6 (full 0):
 garbage-first heap   total 151552K, used 44936K [0x000000076ce00000, 0x0000000800000000)
  region size 1024K, 3 young (3072K), 3 survivors (3072K)
 Metaspace       used 6913K, capacity 8161K, committed 8320K, reserved 1056768K
  class space    used 596K, capacity 806K, committed 896K, reserved 1048576K
}
Event: 12.896 GC heap before
{Heap before GC invocations=6 (full 0):
 garbage-first heap   total 151552K, used 52104K [0x000000076ce00000, 0x0000000800000000)
  region size 1024K, 11 young (11264K), 3 survivors (3072K)
 Metaspace       used 6941K, capacity 8161K, committed 8320K, reserved 1056768K
  class space    used 596K, capacity 806K, committed 896K, reserved 1048576K
}

Deoptimization events (20 events):
Event: 12.390 Thread 0x0000016e8333e800 DEOPT PACKING pc=0x0000016eeb0e0e1b sp=0x0000001862efe070
Event: 12.390 Thread 0x0000016e8333e800 DEOPT UNPACKING pc=0x0000016eea7e994e sp=0x0000001862efda20 mode 0
Event: 12.542 Thread 0x0000016e85d51800 DEOPT PACKING pc=0x0000016eeb117bc7 sp=0x0000001862dfea10
Event: 12.542 Thread 0x0000016e85d51800 DEOPT UNPACKING pc=0x0000016eea7e994e sp=0x0000001862dfe1a0 mode 0
Event: 12.589 Thread 0x0000016e8333e800 DEOPT PACKING pc=0x0000016eeb0e0e1b sp=0x0000001862efe070
Event: 12.589 Thread 0x0000016e8333e800 DEOPT UNPACKING pc=0x0000016eea7e994e sp=0x0000001862efda20 mode 0
Event: 12.734 Thread 0x0000016e85d51800 DEOPT PACKING pc=0x0000016eeb117fe8 sp=0x0000001862dfea10
Event: 12.734 Thread 0x0000016e85d51800 DEOPT UNPACKING pc=0x0000016eea7e994e sp=0x0000001862dfe1a0 mode 0
Event: 12.746 Thread 0x0000016e8333e800 DEOPT PACKING pc=0x0000016eeb117fe8 sp=0x0000001862efec00
Event: 12.746 Thread 0x0000016e8333e800 DEOPT UNPACKING pc=0x0000016eea7e994e sp=0x0000001862efe390 mode 0
Event: 12.759 Thread 0x0000016e89dad000 DEOPT PACKING pc=0x0000016eeb08dce2 sp=0x0000001862ffe0e0
Event: 12.759 Thread 0x0000016e89dad000 DEOPT UNPACKING pc=0x0000016eea7e994e sp=0x0000001862ffda00 mode 0
Event: 12.787 Thread 0x0000016e83362800 DEOPT PACKING pc=0x0000016eeb117fe8 sp=0x00000018634feb50
Event: 12.787 Thread 0x0000016e83362800 DEOPT UNPACKING pc=0x0000016eea7e994e sp=0x00000018634fe2e0 mode 0
Event: 12.806 Thread 0x0000016e83362800 DEOPT PACKING pc=0x0000016eeb117bc7 sp=0x00000018634feb50
Event: 12.806 Thread 0x0000016e83362800 DEOPT UNPACKING pc=0x0000016eea7e994e sp=0x00000018634fe2e0 mode 0
Event: 12.817 Thread 0x0000016e83362800 DEOPT PACKING pc=0x0000016eeb117bc7 sp=0x00000018634feb50
Event: 12.817 Thread 0x0000016e83362800 DEOPT UNPACKING pc=0x0000016eea7e994e sp=0x00000018634fe2e0 mode 0
Event: 12.855 Thread 0x0000016e8337f800 DEOPT PACKING pc=0x0000016eeb117fe8 sp=0x00000018636febd0
Event: 12.855 Thread 0x0000016e8337f800 DEOPT UNPACKING pc=0x0000016eea7e994e sp=0x00000018636fe360 mode 0

Classes unloaded (0 events):
No events

Classes redefined (0 events):
No events

Internal exceptions (11 events):
Event: 1.609 Thread 0x0000016ee0ad5800 Exception <a 'sun/nio/fs/WindowsException'{0x0000000775a27be8}> (0x0000000775a27be8) 
thrown [t:/workspace/open/src/hotspot/share/prims/jni.cpp, line 598]
Event: 1.610 Thread 0x0000016ee0ad5800 Exception <a 'sun/nio/fs/WindowsException'{0x0000000775a28020}> (0x0000000775a28020) 
thrown [t:/workspace/open/src/hotspot/share/prims/jni.cpp, line 598]
Event: 1.642 Thread 0x0000016ee0ad5800 Exception <a 'java/lang/NoSuchMethodError'{0x0000000775a51c38}: 'int java.lang.invoke.DirectMethodHandle$Holder.invokeSpecialIFC(java.lang.Object, java.lang.Object, int)'> (0x0000000775a51c38) 
thrown [t:/workspace/open/src/hotspot/share/interpreter/linkResolver.cpp, line 767]
Event: 2.017 Thread 0x0000016ee0ad5800 Exception <a 'java/lang/NoSuchMethodError'{0x000000077571aed8}: 'java.lang.Object java.lang.invoke.DirectMethodHandle$Holder.invokeStaticInit(java.lang.Object, java.lang.Object, java.lang.Object)'> (0x000000077571aed8) 
thrown [t:/workspace/open/src/hotspot/share/interpreter/linkResolver.cpp, line 767]
Event: 2.198 Thread 0x0000016ee0ad5800 Exception <a 'java/lang/NoSuchMethodError'{0x00000007756a8f10}: 'int java.lang.invoke.DirectMethodHandle$Holder.invokeStaticInit(java.lang.Object, java.lang.Object, java.lang.Object, java.lang.Object)'> (0x00000007756a8f10) 
thrown [t:/workspace/open/src/hotspot/share/interpreter/linkResolver.cpp, line 767]
Event: 2.203 Thread 0x0000016ee0ad5800 Exception <a 'java/lang/IncompatibleClassChangeError'{0x00000007756b15e0}: Found class java.lang.Object, but interface was expected> (0x00000007756b15e0) 
thrown [t:/workspace/open/src/hotspot/share/interpreter/linkResolver.cpp, line 833]
Event: 2.210 Thread 0x0000016ee0ad5800 Exception <a 'java/lang/NoSuchMethodError'{0x00000007756b43f8}: 'void java.lang.invoke.DirectMethodHandle$Holder.invokeStaticInit(java.lang.Object, java.lang.Object)'> (0x00000007756b43f8) 
thrown [t:/workspace/open/src/hotspot/share/interpreter/linkResolver.cpp, line 767]
Event: 2.217 Thread 0x0000016ee0ad5800 Exception <a 'java/lang/NoSuchMethodError'{0x00000007756b9430}: 'int java.lang.invoke.DirectMethodHandle$Holder.invokeStaticInit(java.lang.Object, java.lang.Object)'> (0x00000007756b9430) 
thrown [t:/workspace/open/src/hotspot/share/interpreter/linkResolver.cpp, line 767]
Event: 6.220 Thread 0x0000016ee0ad5800 Exception <a 'java/lang/NoSuchMethodError'{0x00000007730f8e00}: 'java.lang.Object java.lang.invoke.DirectMethodHandle$Holder.invokeStaticInit(java.lang.Object, int, int, int, int)'> (0x00000007730f8e00) 
thrown [t:/workspace/open/src/hotspot/share/interpreter/linkResolver.cpp, line 767]
Event: 10.080 Thread 0x0000016ee0ad5800 Exception <a 'java/lang/NoSuchMethodError'{0x0000000772fc7428}: 'java.lang.Object java.lang.invoke.DirectMethodHandle$Holder.invokeStaticInit(java.lang.Object, java.lang.Object, int, int, int, int)'> (0x0000000772fc7428) 
thrown [t:/workspace/open/src/hotspot/share/interpreter/linkResolver.cpp, line 767]
Event: 11.058 Thread 0x0000016e867b4000 Implicit null exception at 0x0000016ef22ee9ec to 0x0000016ef22f62f2

Events (20 events):
Event: 11.441 loading class java/util/regex/Pattern$SliceI done
Event: 11.628 Thread 0x0000016e85d51800 Thread added: 0x0000016e85d51800
Event: 11.781 Executing VM operation: RevokeBias
Event: 11.781 Executing VM operation: RevokeBias done
Event: 11.781 Thread 0x0000016e8333e800 Thread added: 0x0000016e8333e800
Event: 11.783 Thread 0x0000016e89dad000 Thread added: 0x0000016e89dad000
Event: 11.783 Thread 0x0000016e865a2000 Thread added: 0x0000016e865a2000
Event: 11.784 Thread 0x0000016e867b4000 Thread added: 0x0000016e867b4000
Event: 11.784 Thread 0x0000016e83362800 Thread added: 0x0000016e83362800
Event: 11.790 Thread 0x0000016e85cd8000 Thread added: 0x0000016e85cd8000
Event: 11.790 Thread 0x0000016e8337f800 Thread added: 0x0000016e8337f800
Event: 12.593 Executing VM operation: G1CollectForAllocation
Event: 12.717 Executing VM operation: G1CollectForAllocation done
Event: 12.737 Executing VM operation: RevokeBias
Event: 12.737 Executing VM operation: RevokeBias done
Event: 12.739 Executing VM operation: RevokeBias
Event: 12.775 Executing VM operation: RevokeBias done
Event: 12.775 Executing VM operation: RevokeBias
Event: 12.775 Executing VM operation: RevokeBias done
Event: 12.859 Executing VM operation: G1CollectForAllocation


Dynamic libraries:
0x00007ff733c40000 - 0x00007ff733c4d000 	C:\Program Files\Java\jdk-13\bin\java.exe
0x00007ff8668c0000 - 0x00007ff866aad000 	C:\WINDOWS\SYSTEM32\ntdll.dll
0x00007ff864290000 - 0x00007ff864343000 	C:\WINDOWS\System32\KERNEL32.DLL
0x00007ff862990000 - 0x00007ff862c23000 	C:\WINDOWS\System32\KERNELBASE.dll
0x00007ff862c30000 - 0x00007ff862d2a000 	C:\WINDOWS\System32\ucrtbase.dll
0x00007ff85f4d0000 - 0x00007ff85f4e8000 	C:\Program Files\Java\jdk-13\bin\jli.dll
0x00007ff864710000 - 0x00007ff8648a7000 	C:\WINDOWS\System32\USER32.dll
0x00007ff863640000 - 0x00007ff863660000 	C:\WINDOWS\System32\win32u.dll
0x00007ff863cb0000 - 0x00007ff863cd9000 	C:\WINDOWS\System32\GDI32.dll
0x00007ff863660000 - 0x00007ff8637fa000 	C:\WINDOWS\System32\gdi32full.dll
0x00007ff863580000 - 0x00007ff863620000 	C:\WINDOWS\System32\msvcp_win.dll
0x00007ff85f210000 - 0x00007ff85f225000 	C:\Program Files\Java\jdk-13\bin\VCRUNTIME140.dll
0x00007ff851c80000 - 0x00007ff851ef9000 	C:\WINDOWS\WinSxS\amd64_microsoft.windows.common-controls_6595b64144ccf1df_6.0.17763.529_none_05b84068071c8d5a\COMCTL32.dll
0x00007ff8667f0000 - 0x00007ff86688e000 	C:\WINDOWS\System32\msvcrt.dll
0x00007ff864350000 - 0x00007ff86467c000 	C:\WINDOWS\System32\combase.dll
0x00007ff866030000 - 0x00007ff866152000 	C:\WINDOWS\System32\RPCRT4.dll
0x00007ff8634b0000 - 0x00007ff86352e000 	C:\WINDOWS\System32\bcryptPrimitives.dll
0x00007ff866000000 - 0x00007ff86602e000 	C:\WINDOWS\System32\IMM32.DLL
0x00007ff859c10000 - 0x00007ff859cab000 	C:\Program Files\Java\jdk-13\bin\msvcp140.dll
0x00007ff822a80000 - 0x00007ff8235e7000 	C:\Program Files\Java\jdk-13\bin\server\jvm.dll
0x00007ff863c00000 - 0x00007ff863ca3000 	C:\WINDOWS\System32\ADVAPI32.dll
0x00007ff866590000 - 0x00007ff86662e000 	C:\WINDOWS\System32\sechost.dll
0x00007ff866170000 - 0x00007ff866178000 	C:\WINDOWS\System32\PSAPI.DLL
0x00007ff852eb0000 - 0x00007ff852eb9000 	C:\WINDOWS\SYSTEM32\WSOCK32.dll
0x00007ff864680000 - 0x00007ff8646ed000 	C:\WINDOWS\System32\WS2_32.dll
0x00007ff860940000 - 0x00007ff860964000 	C:\WINDOWS\SYSTEM32\WINMM.dll
0x00007ff85dfc0000 - 0x00007ff85dfca000 	C:\WINDOWS\SYSTEM32\VERSION.dll
0x00007ff860910000 - 0x00007ff86093d000 	C:\WINDOWS\SYSTEM32\WINMMBASE.dll
0x00007ff863530000 - 0x00007ff86357a000 	C:\WINDOWS\System32\cfgmgr32.dll
0x00007ff862950000 - 0x00007ff862961000 	C:\WINDOWS\System32\kernel.appcore.dll
0x00007ff85f4c0000 - 0x00007ff85f4d0000 	C:\Program Files\Java\jdk-13\bin\verify.dll
0x00007ff84b600000 - 0x00007ff84b7ed000 	C:\WINDOWS\SYSTEM32\DBGHELP.DLL
0x00007ff84b5d0000 - 0x00007ff84b5fa000 	C:\WINDOWS\SYSTEM32\dbgcore.DLL
0x00007ff85f1e0000 - 0x00007ff85f206000 	C:\Program Files\Java\jdk-13\bin\java.dll
0x00007ff85f160000 - 0x00007ff85f16e000 	C:\Program Files\Java\jdk-13\bin\instrument.dll
0x00007ff85bfe0000 - 0x00007ff85bff7000 	C:\Program Files\Java\jdk-13\bin\zip.dll
0x00007ff85f250000 - 0x00007ff85f25a000 	C:\Program Files\Java\jdk-13\bin\jimage.dll
0x00007ff8648b0000 - 0x00007ff865da0000 	C:\WINDOWS\System32\SHELL32.dll
0x00007ff863b50000 - 0x00007ff863bf8000 	C:\WINDOWS\System32\shcore.dll
0x00007ff862d30000 - 0x00007ff86347a000 	C:\WINDOWS\System32\windows.storage.dll
0x00007ff8628c0000 - 0x00007ff8628e4000 	C:\WINDOWS\System32\profapi.dll
0x00007ff8628f0000 - 0x00007ff86294d000 	C:\WINDOWS\System32\powrprof.dll
0x00007ff866790000 - 0x00007ff8667e2000 	C:\WINDOWS\System32\shlwapi.dll
0x00007ff863620000 - 0x00007ff863637000 	C:\WINDOWS\System32\cryptsp.dll
0x00007ff85b240000 - 0x00007ff85b259000 	C:\Program Files\Java\jdk-13\bin\net.dll
0x00007ff8581b0000 - 0x00007ff8582a1000 	C:\WINDOWS\SYSTEM32\WINHTTP.dll
0x00007ff8561a0000 - 0x00007ff856377000 	C:\WINDOWS\SYSTEM32\urlmon.dll
0x00007ff856530000 - 0x00007ff8567d8000 	C:\WINDOWS\SYSTEM32\iertutil.dll
0x00007ff862310000 - 0x00007ff86231c000 	C:\WINDOWS\SYSTEM32\CRYPTBASE.DLL
0x00007ff862140000 - 0x00007ff8621a7000 	C:\WINDOWS\system32\mswsock.dll
0x00007ff85b200000 - 0x00007ff85b213000 	C:\Program Files\Java\jdk-13\bin\nio.dll
0x00007ff859d00000 - 0x00007ff859d1a000 	C:\Program Files\JetBrains\IntelliJ IDEA EAP\bin\breakgen64.dll
0x00007ff85c8f0000 - 0x00007ff85c8f9000 	C:\Program Files\Java\jdk-13\bin\management.dll
0x00007ff85ba10000 - 0x00007ff85ba1b000 	C:\Program Files\Java\jdk-13\bin\management_ext.dll
0x00007ff861ca0000 - 0x00007ff861cd3000 	C:\WINDOWS\system32\rsaenh.dll
0x00007ff863480000 - 0x00007ff8634a6000 	C:\WINDOWS\System32\bcrypt.dll
0x00007ff8627c0000 - 0x00007ff8627e8000 	C:\WINDOWS\SYSTEM32\USERENV.dll
0x00007ff861ea0000 - 0x00007ff861edd000 	C:\WINDOWS\SYSTEM32\IPHLPAPI.DLL
0x00007ff8662c0000 - 0x00007ff8662c8000 	C:\WINDOWS\System32\NSI.dll
0x00007ff858d80000 - 0x00007ff858d96000 	C:\WINDOWS\SYSTEM32\dhcpcsvc6.DLL
0x00007ff858cb0000 - 0x00007ff858ccc000 	C:\WINDOWS\SYSTEM32\dhcpcsvc.DLL
0x00007ff861ee0000 - 0x00007ff861fa6000 	C:\WINDOWS\SYSTEM32\DNSAPI.dll
0x0000000064a40000 - 0x0000000064b0c000 	C:\Users\Marvin\AppData\Local\Temp\sqlite-3.28.0-c0c23cb2-4654-4b31-87ff-d197cc4c8281-sqlitejdbc.dll

dbghelp: loaded successfully - version: 4.0.5 - missing functions: none
symbol engine: initialized successfully - sym options: 0x614 - pdb path: .;C:\Program Files\Java\jdk-13\bin;C:\WINDOWS\SYSTEM32;C:\WINDOWS\WinSxS\amd64_microsoft.windows.common-controls_6595b64144ccf1df_6.0.17763.529_none_05b84068071c8d5a;C:\Program Files\Java\jdk-13\bin\server;C:\Program Files\JetBrains\IntelliJ IDEA EAP\bin;C:\Users\Marvin\AppData\Local\Temp

VM Arguments:
jvm_args: -Dvisualvm.id=14389863382900 -javaagent:C:\Program Files\JetBrains\IntelliJ IDEA EAP\lib\idea_rt.jar=49583:C:\Program Files\JetBrains\IntelliJ IDEA EAP\bin -Dfile.encoding=UTF-8 
java_command: com.fortuneteller.dclient.PilotKt
java_class_path (initial): C:\Users\Marvin\IdeaProjects\dclient\out\production\classes;C:\Users\Marvin\IdeaProjects\dclient\out\production\resources;C:\Users\Marvin\.gradle\caches\modules-2\files-2.1\org.jetbrains.kotlin\kotlin-stdlib-jdk8\1.3.61\e91d61b7cfd9a45566b580fef18bbd5c32d505b5\kotlin-stdlib-jdk8-1.3.61.jar;C:\Users\Marvin\.gradle\caches\modules-2\files-2.1\org.jetbrains.kotlin\kotlin-reflect\1.3.61\2e07c9a84c9e118efb70eede7e579fd663932122\kotlin-reflect-1.3.61.jar;C:\Users\Marvin\.gradle\caches\modules-2\files-2.1\org.jetbrains.kotlin\kotlin-script-util\1.3.61\5730b6adf94027cbf21117e8bc7d918a156d1ab0\kotlin-script-util-1.3.61.jar;C:\Users\Marvin\.gradle\caches\modules-2\files-2.1\org.jetbrains.kotlin\kotlin-scripting-compiler\1.3.61\fe8eb70babeec834a56f6fc659ca6b62df80785d\kotlin-scripting-compiler-1.3.61.jar;C:\Users\Marvin\.gradle\caches\modules-2\files-2.1\io.github.cdimascio\java-dotenv\5.1.3\ff55143141d690425e4147c7880b24005ce882fe\java-dotenv-5.1.3.jar;C:\Users\Marvin\.gradle\caches\modules-2\files-2.1\org.jetbrains.kotlin\kotlin-stdlib-jdk7\1.3.61\70dffc5f8ac5ea7c34f30deac5b9d8b1d48af066\kotlin-stdlib-jdk7-1.3.61.jar;C:\Users\Marvin\.gradle\caches\modules-2\files-2.1\org.jetbrains.kotlin\kotlin-scripting-compiler-impl\1.3.61\d5283657161a466a63314bb7c9e87b93d24aeb2c\kotlin-scripting-compiler-impl-1.3.61.jar;C:\Users\Marvin\.gradle\caches\modules-2\files-2.1\org.jetbrains.kotlin\kotlin-scripting-jvm\1.3.61\b9311f022363534f8776e4392aa9c4f4d5a62a44\kotlin-scripting-jvm-1.3.61.jar;C:\Users\Marvin\.gradle\caches\modules-2\files-2.1\org.jetbrains.kotlin\kotlin-scripting-common\1.3.61\169747d90a1ccdd30b25c381a06bee3fe579bf2\kotlin-scripting-common-1.3.61.jar;C:\Users\Marvin\.gradle\caches\modules-2\files-2.1\org.jetbrains.kotlin\kotlin-stdlib\1.3.61\4702105e97f7396ae41b113fdbdc180ec1eb1e36\kotlin-stdlib-1.3.61.jar;C:\Users\Marvin\.gradle\caches\modules-2\files-2.1\org.jetbrains.kotlin\kotlin-stdlib-common\1.3.61\65abb71d5afb850b68be03987b08e2c864ca3110\ko
Launcher Type: SUN_STANDARD

[Global flags]
     intx CICompilerCount                          = 3                                         {product} {ergonomic}
     uint ConcGCThreads                            = 1                                         {product} {ergonomic}
     uint G1ConcRefinementThreads                  = 4                                         {product} {ergonomic}
   size_t G1HeapRegionSize                         = 1048576                                   {product} {ergonomic}
    uintx GCDrainStackTargetSize                   = 64                                        {product} {ergonomic}
   size_t InitialHeapSize                          = 155189248                                 {product} {ergonomic}
   size_t MarkStackSize                            = 4194304                                   {product} {ergonomic}
   size_t MaxHeapSize                              = 2468347904                                {product} {ergonomic}
   size_t MaxNewSize                               = 1480589312                                {product} {ergonomic}
   size_t MinHeapDeltaBytes                        = 1048576                                   {product} {ergonomic}
   size_t MinHeapSize                              = 8388608                                   {product} {ergonomic}
    uintx NonNMethodCodeHeapSize                   = 5830732                                {pd product} {ergonomic}
    uintx NonProfiledCodeHeapSize                  = 122913754                              {pd product} {ergonomic}
    uintx ProfiledCodeHeapSize                     = 122913754                              {pd product} {ergonomic}
    uintx ReservedCodeCacheSize                    = 251658240                              {pd product} {ergonomic}
     bool SegmentedCodeCache                       = true                                      {product} {ergonomic}
   size_t SoftMaxHeapSize                          = 2468347904                             {manageable} {ergonomic}
     bool UseCompressedClassPointers               = true                                 {lp64_product} {ergonomic}
     bool UseCompressedOops                        = true                                 {lp64_product} {ergonomic}
     bool UseG1GC                                  = true                                      {product} {ergonomic}
     bool UseLargePagesIndividualAllocation        = false                                  {pd product} {ergonomic}

Logging:
Log output configuration:
 #0: stdout all=warning uptime,level,tags
 #1: stderr all=off uptime,level,tags

Environment Variables:
JAVA_HOME=C:\Program Files\Java\jdk-14
PATH=C:\ProgramData\DockerDesktop\version-bin;C:\Program Files\Docker\Docker\Resources\bin;C:\WINDOWS\system32;C:\WINDOWS;C:\WINDOWS\System32\Wbem;C:\WINDOWS\System32\WindowsPowerShell\v1.0\;C:\WINDOWS\System32\OpenSSH\;C:\Program Files\Microsoft VS Code Insiders\bin;C:\Program Files\nodejs\;C:\ProgramData\chocolatey\bin;C:\Program Files (x86)\Bitvise SSH Client;C:\Program Files\dotnet\;C:\Program Files\Microsoft SQL Server\130\Tools\Binn\;C:\Program Files\Microsoft SQL Server\Client SDK\ODBC\170\Tools\Binn\;C:\Program Files (x86)\Windows Kits\10\Windows Performance Toolkit\;C:\Program Files\Git\cmd;C:\Program Files (x86)\Gpg4win\..\GnuPG\bin;C:\Go\bin;C:\Users\Marvin\AppData\Local\Programs\Python\Python36\Scripts\;C:\Users\Marvin\AppData\Local\Programs\Python\Python36\;C:\Program Files\Java\jdk-12.0.1\bin;C:\MinGW\bin;C:\Users\Marvin\.cargo\bin;C:\Users\Marvin\AppData\Local\Microsoft\WindowsApps;C:\Users\Marvin\AppData\Roaming\npm;C:\Users\Marvin\AppData\Local\atom\bin;C:\GNUstep\GNUstep\System\Tools;C:\GNUstep\bin;C:\Program Files\JetBrains\IntelliJ IDEA EAP\bin;;C:\Gradle\gradle-5.5.1\bin;C:\Program Files\JetBrains\JetBrains Rider 2019.2.1\bin;;C:\Program Files\JetBrains\GoLand 2019.2\bin;;C:\Program Files\JetBrains\PyCharm 2019.2.3\bin;;C:\Users\Marvin\AppData\Local\Programs\MiKTeX 2.9\miktex\bin\x64\;C:\sqlite;C:\Users\Marvin\go\bin
USERNAME=Marvin
OS=Windows_NT
PROCESSOR_IDENTIFIER=AMD64 Family 21 Model 19 Stepping 1, AuthenticAMD



---------------  S Y S T E M  ---------------

OS: Windows 10 , 64 bit Build 17763 (10.0.17763.475)

CPU:total 4 (initial active 4) (4 cores per cpu, 1 threads per core) family 21 model 19 stepping 1, cmov, cx8, fxsr, mmx, sse, sse2, sse3, ssse3, sse4.1, sse4.2, popcnt, avx, aes, clmul, mmxext, 3dnowpref, lzcnt, sse4a, tsc, tscinvbit, tscinv, bmi1, fma

Memory: 4k page, system-wide physical 9412M (1557M free)
TotalPageFile size 11460M (AvailPageFile size 6M)
current process WorkingSet (physical memory assigned to process): 203M, peak: 203M
current process commit charge ("private bytes"): 271M, peak: 300M

vm_info: OpenJDK 64-Bit Server VM (13-ea+32) for windows-amd64 JRE (13-ea+32), built on Aug  2 2019 02:33:27 by "mach5one" with unknown MS VC++:1916

END.
